{"C:\\Users\\Adeola PC\\Desktop\\BootCamp\\Banka\\server\\build\\test\\index.spec.js":{"path":"C:\\Users\\Adeola PC\\Desktop\\BootCamp\\Banka\\server\\build\\test\\index.spec.js","statementMap":{"0":{"start":{"line":3,"column":12},"end":{"line":3,"column":27}},"1":{"start":{"line":5,"column":13},"end":{"line":5,"column":42}},"2":{"start":{"line":7,"column":16},"end":{"line":7,"column":36}},"3":{"start":{"line":9,"column":17},"end":{"line":9,"column":50}},"4":{"start":{"line":11,"column":20},"end":{"line":11,"column":58}},"5":{"start":{"line":13,"column":21},"end":{"line":13,"column":58}},"6":{"start":{"line":15,"column":11},"end":{"line":15,"column":28}},"7":{"start":{"line":17,"column":12},"end":{"line":17,"column":40}},"8":{"start":{"line":19,"column":21},"end":{"line":19,"column":59}},"9":{"start":{"line":21,"column":22},"end":{"line":21,"column":60}},"10":{"start":{"line":23,"column":39},"end":{"line":23,"column":93}},"11":{"start":{"line":25,"column":0},"end":{"line":25,"column":39}},"12":{"start":{"line":27,"column":0},"end":{"line":64,"column":3}},"13":{"start":{"line":28,"column":2},"end":{"line":33,"column":5}},"14":{"start":{"line":29,"column":4},"end":{"line":32,"column":7}},"15":{"start":{"line":30,"column":6},"end":{"line":30,"column":53}},"16":{"start":{"line":31,"column":6},"end":{"line":31,"column":61}},"17":{"start":{"line":34,"column":2},"end":{"line":39,"column":5}},"18":{"start":{"line":35,"column":4},"end":{"line":38,"column":7}},"19":{"start":{"line":36,"column":6},"end":{"line":36,"column":53}},"20":{"start":{"line":37,"column":6},"end":{"line":37,"column":74}},"21":{"start":{"line":40,"column":2},"end":{"line":45,"column":5}},"22":{"start":{"line":41,"column":4},"end":{"line":44,"column":7}},"23":{"start":{"line":42,"column":6},"end":{"line":42,"column":53}},"24":{"start":{"line":43,"column":6},"end":{"line":43,"column":74}},"25":{"start":{"line":46,"column":2},"end":{"line":51,"column":5}},"26":{"start":{"line":47,"column":4},"end":{"line":50,"column":7}},"27":{"start":{"line":48,"column":6},"end":{"line":48,"column":53}},"28":{"start":{"line":49,"column":6},"end":{"line":49,"column":74}},"29":{"start":{"line":52,"column":2},"end":{"line":57,"column":5}},"30":{"start":{"line":53,"column":4},"end":{"line":56,"column":7}},"31":{"start":{"line":54,"column":6},"end":{"line":54,"column":53}},"32":{"start":{"line":55,"column":6},"end":{"line":55,"column":74}},"33":{"start":{"line":58,"column":2},"end":{"line":63,"column":5}},"34":{"start":{"line":59,"column":4},"end":{"line":62,"column":7}},"35":{"start":{"line":60,"column":6},"end":{"line":60,"column":53}},"36":{"start":{"line":61,"column":6},"end":{"line":61,"column":74}}},"fnMap":{"0":{"name":"_interopRequireDefault","decl":{"start":{"line":23,"column":9},"end":{"line":23,"column":31}},"loc":{"start":{"line":23,"column":37},"end":{"line":23,"column":95}},"line":23},"1":{"name":"(anonymous_1)","decl":{"start":{"line":27,"column":29},"end":{"line":27,"column":30}},"loc":{"start":{"line":27,"column":41},"end":{"line":64,"column":1}},"line":27},"2":{"name":"(anonymous_2)","decl":{"start":{"line":28,"column":43},"end":{"line":28,"column":44}},"loc":{"start":{"line":28,"column":55},"end":{"line":33,"column":3}},"line":28},"3":{"name":"(anonymous_3)","decl":{"start":{"line":29,"column":55},"end":{"line":29,"column":56}},"loc":{"start":{"line":29,"column":80},"end":{"line":32,"column":5}},"line":29},"4":{"name":"(anonymous_4)","decl":{"start":{"line":34,"column":43},"end":{"line":34,"column":44}},"loc":{"start":{"line":34,"column":55},"end":{"line":39,"column":3}},"line":34},"5":{"name":"(anonymous_5)","decl":{"start":{"line":35,"column":56},"end":{"line":35,"column":57}},"loc":{"start":{"line":35,"column":81},"end":{"line":38,"column":5}},"line":35},"6":{"name":"(anonymous_6)","decl":{"start":{"line":40,"column":43},"end":{"line":40,"column":44}},"loc":{"start":{"line":40,"column":55},"end":{"line":45,"column":3}},"line":40},"7":{"name":"(anonymous_7)","decl":{"start":{"line":41,"column":57},"end":{"line":41,"column":58}},"loc":{"start":{"line":41,"column":82},"end":{"line":44,"column":5}},"line":41},"8":{"name":"(anonymous_8)","decl":{"start":{"line":46,"column":43},"end":{"line":46,"column":44}},"loc":{"start":{"line":46,"column":55},"end":{"line":51,"column":3}},"line":46},"9":{"name":"(anonymous_9)","decl":{"start":{"line":47,"column":56},"end":{"line":47,"column":57}},"loc":{"start":{"line":47,"column":81},"end":{"line":50,"column":5}},"line":47},"10":{"name":"(anonymous_10)","decl":{"start":{"line":52,"column":43},"end":{"line":52,"column":44}},"loc":{"start":{"line":52,"column":55},"end":{"line":57,"column":3}},"line":52},"11":{"name":"(anonymous_11)","decl":{"start":{"line":53,"column":58},"end":{"line":53,"column":59}},"loc":{"start":{"line":53,"column":83},"end":{"line":56,"column":5}},"line":53},"12":{"name":"(anonymous_12)","decl":{"start":{"line":58,"column":43},"end":{"line":58,"column":44}},"loc":{"start":{"line":58,"column":55},"end":{"line":63,"column":3}},"line":58},"13":{"name":"(anonymous_13)","decl":{"start":{"line":59,"column":59},"end":{"line":59,"column":60}},"loc":{"start":{"line":59,"column":84},"end":{"line":62,"column":5}},"line":59}},"branchMap":{"0":{"loc":{"start":{"line":23,"column":46},"end":{"line":23,"column":92}},"type":"cond-expr","locations":[{"start":{"line":23,"column":70},"end":{"line":23,"column":73}},{"start":{"line":23,"column":76},"end":{"line":23,"column":92}}],"line":23},"1":{"loc":{"start":{"line":23,"column":46},"end":{"line":23,"column":67}},"type":"binary-expr","locations":[{"start":{"line":23,"column":46},"end":{"line":23,"column":49}},{"start":{"line":23,"column":53},"end":{"line":23,"column":67}}],"line":23}},"s":{"0":1,"1":1,"2":1,"3":1,"4":1,"5":1,"6":1,"7":1,"8":1,"9":1,"10":5,"11":1,"12":1,"13":1,"14":1,"15":1,"16":1,"17":1,"18":1,"19":1,"20":1,"21":1,"22":1,"23":1,"24":1,"25":1,"26":1,"27":1,"28":1,"29":1,"30":1,"31":1,"32":1,"33":1,"34":1,"35":1,"36":1},"f":{"0":5,"1":1,"2":1,"3":1,"4":1,"5":1,"6":1,"7":1,"8":1,"9":1,"10":1,"11":1,"12":1,"13":1},"b":{"0":[1,4],"1":[5,5]},"_coverageSchema":"43e27e138ebf9cfc5966b082cf9a028302ed4184","hash":"59fa92433207d1552801240ac254188402054095","contentHash":"561f2887a8648926f3256cecb3d5cdb9f75a440ec8a220b7da1519bf5a34ac57"},"C:\\Users\\Adeola PC\\Desktop\\BootCamp\\Banka\\server\\build\\controllers\\dbController.js":{"path":"C:\\Users\\Adeola PC\\Desktop\\BootCamp\\Banka\\server\\build\\controllers\\dbController.js","statementMap":{"0":{"start":{"line":3,"column":16},"end":{"line":3,"column":45}},"1":{"start":{"line":5,"column":17},"end":{"line":5,"column":50}},"2":{"start":{"line":7,"column":39},"end":{"line":7,"column":93}},"3":{"start":{"line":9,"column":0},"end":{"line":101,"column":2}},"4":{"start":{"line":11,"column":4},"end":{"line":11,"column":64}},"5":{"start":{"line":14,"column":4},"end":{"line":14,"column":67}},"6":{"start":{"line":17,"column":4},"end":{"line":17,"column":71}},"7":{"start":{"line":20,"column":4},"end":{"line":20,"column":40}},"8":{"start":{"line":23,"column":15},"end":{"line":32,"column":5}},"9":{"start":{"line":33,"column":4},"end":{"line":33,"column":29}},"10":{"start":{"line":36,"column":4},"end":{"line":38,"column":7}},"11":{"start":{"line":37,"column":6},"end":{"line":37,"column":34}},"12":{"start":{"line":41,"column":22},"end":{"line":56,"column":5}},"13":{"start":{"line":57,"column":4},"end":{"line":57,"column":39}},"14":{"start":{"line":60,"column":4},"end":{"line":62,"column":7}},"15":{"start":{"line":61,"column":6},"end":{"line":61,"column":35}},"16":{"start":{"line":65,"column":4},"end":{"line":67,"column":7}},"17":{"start":{"line":66,"column":6},"end":{"line":66,"column":51}},"18":{"start":{"line":72,"column":26},"end":{"line":83,"column":5}},"19":{"start":{"line":84,"column":4},"end":{"line":84,"column":47}},"20":{"start":{"line":87,"column":4},"end":{"line":89,"column":7}},"21":{"start":{"line":88,"column":6},"end":{"line":88,"column":32}},"22":{"start":{"line":92,"column":4},"end":{"line":94,"column":7}},"23":{"start":{"line":93,"column":6},"end":{"line":93,"column":43}},"24":{"start":{"line":97,"column":21},"end":{"line":97,"column":48}},"25":{"start":{"line":98,"column":16},"end":{"line":98,"column":51}},"26":{"start":{"line":99,"column":4},"end":{"line":99,"column":32}}},"fnMap":{"0":{"name":"_interopRequireDefault","decl":{"start":{"line":7,"column":9},"end":{"line":7,"column":31}},"loc":{"start":{"line":7,"column":37},"end":{"line":7,"column":95}},"line":7},"1":{"name":"getUsers","decl":{"start":{"line":10,"column":21},"end":{"line":10,"column":29}},"loc":{"start":{"line":10,"column":32},"end":{"line":12,"column":3}},"line":10},"2":{"name":"getAccounts","decl":{"start":{"line":13,"column":24},"end":{"line":13,"column":35}},"loc":{"start":{"line":13,"column":38},"end":{"line":15,"column":3}},"line":13},"3":{"name":"getTransactions","decl":{"start":{"line":16,"column":28},"end":{"line":16,"column":43}},"loc":{"start":{"line":16,"column":46},"end":{"line":18,"column":3}},"line":16},"4":{"name":"save","decl":{"start":{"line":19,"column":17},"end":{"line":19,"column":21}},"loc":{"start":{"line":19,"column":34},"end":{"line":21,"column":3}},"line":19},"5":{"name":"createUser","decl":{"start":{"line":22,"column":23},"end":{"line":22,"column":33}},"loc":{"start":{"line":22,"column":98},"end":{"line":34,"column":3}},"line":22},"6":{"name":"findOneUser","decl":{"start":{"line":35,"column":24},"end":{"line":35,"column":35}},"loc":{"start":{"line":35,"column":48},"end":{"line":39,"column":3}},"line":35},"7":{"name":"(anonymous_7)","decl":{"start":{"line":36,"column":32},"end":{"line":36,"column":33}},"loc":{"start":{"line":36,"column":49},"end":{"line":38,"column":5}},"line":36},"8":{"name":"createAccount","decl":{"start":{"line":40,"column":26},"end":{"line":40,"column":39}},"loc":{"start":{"line":40,"column":155},"end":{"line":58,"column":3}},"line":40},"9":{"name":"findAccountById","decl":{"start":{"line":59,"column":28},"end":{"line":59,"column":43}},"loc":{"start":{"line":59,"column":51},"end":{"line":63,"column":3}},"line":59},"10":{"name":"(anonymous_10)","decl":{"start":{"line":60,"column":35},"end":{"line":60,"column":36}},"loc":{"start":{"line":60,"column":52},"end":{"line":62,"column":5}},"line":60},"11":{"name":"findAccountByAccountNumber","decl":{"start":{"line":64,"column":39},"end":{"line":64,"column":65}},"loc":{"start":{"line":64,"column":81},"end":{"line":68,"column":3}},"line":64},"12":{"name":"(anonymous_12)","decl":{"start":{"line":65,"column":35},"end":{"line":65,"column":36}},"loc":{"start":{"line":65,"column":52},"end":{"line":67,"column":5}},"line":65},"13":{"name":"createTransaction","decl":{"start":{"line":69,"column":30},"end":{"line":69,"column":47}},"loc":{"start":{"line":71,"column":58},"end":{"line":85,"column":3}},"line":71},"14":{"name":"findTransactionById","decl":{"start":{"line":86,"column":32},"end":{"line":86,"column":51}},"loc":{"start":{"line":86,"column":59},"end":{"line":90,"column":3}},"line":86},"15":{"name":"(anonymous_15)","decl":{"start":{"line":87,"column":39},"end":{"line":87,"column":40}},"loc":{"start":{"line":87,"column":56},"end":{"line":89,"column":5}},"line":87},"16":{"name":"findTransactionByAccountNumber","decl":{"start":{"line":91,"column":43},"end":{"line":91,"column":73}},"loc":{"start":{"line":91,"column":81},"end":{"line":95,"column":3}},"line":91},"17":{"name":"(anonymous_17)","decl":{"start":{"line":92,"column":39},"end":{"line":92,"column":40}},"loc":{"start":{"line":92,"column":56},"end":{"line":94,"column":5}},"line":92},"18":{"name":"deleteAccount","decl":{"start":{"line":96,"column":26},"end":{"line":96,"column":39}},"loc":{"start":{"line":96,"column":57},"end":{"line":100,"column":3}},"line":96}},"branchMap":{"0":{"loc":{"start":{"line":7,"column":46},"end":{"line":7,"column":92}},"type":"cond-expr","locations":[{"start":{"line":7,"column":70},"end":{"line":7,"column":73}},{"start":{"line":7,"column":76},"end":{"line":7,"column":92}}],"line":7},"1":{"loc":{"start":{"line":7,"column":46},"end":{"line":7,"column":67}},"type":"binary-expr","locations":[{"start":{"line":7,"column":46},"end":{"line":7,"column":49}},{"start":{"line":7,"column":53},"end":{"line":7,"column":67}}],"line":7}},"s":{"0":1,"1":1,"2":1,"3":1,"4":16,"5":17,"6":18,"7":4,"8":1,"9":1,"10":15,"11":33,"12":1,"13":1,"14":1,"15":3,"16":16,"17":29,"18":2,"19":2,"20":2,"21":7,"22":16,"23":25,"24":1,"25":1,"26":1},"f":{"0":1,"1":16,"2":17,"3":18,"4":4,"5":1,"6":15,"7":33,"8":1,"9":1,"10":3,"11":16,"12":29,"13":2,"14":2,"15":7,"16":16,"17":25,"18":1},"b":{"0":[1,0],"1":[1,1]},"_coverageSchema":"43e27e138ebf9cfc5966b082cf9a028302ed4184","hash":"ee921c972db961c47c2c508360196c0f9afbb409","contentHash":"246670a11d4a69a5bd78064feba879ccf3ced0e1cee120df8df4a55d32219dfa"},"C:\\Users\\Adeola PC\\Desktop\\BootCamp\\Banka\\server\\build\\models\\database.js":{"path":"C:\\Users\\Adeola PC\\Desktop\\BootCamp\\Banka\\server\\build\\models\\database.js","statementMap":{"0":{"start":{"line":3,"column":0},"end":{"line":5,"column":3}},"1":{"start":{"line":6,"column":9},"end":{"line":87,"column":1}},"2":{"start":{"line":89,"column":0},"end":{"line":89,"column":49}}},"fnMap":{},"branchMap":{},"s":{"0":1,"1":1,"2":1},"f":{},"b":{},"_coverageSchema":"43e27e138ebf9cfc5966b082cf9a028302ed4184","hash":"6cc16e88cbc575e70525423b00155481c1f53b8b","contentHash":"190d0d9557a2112a075d4f7e67e1b7431c7af3c579ca7a8821c1cb60ef21e490"},"C:\\Users\\Adeola PC\\Desktop\\BootCamp\\Banka\\server\\build\\app.js":{"path":"C:\\Users\\Adeola PC\\Desktop\\BootCamp\\Banka\\server\\build\\app.js","statementMap":{"0":{"start":{"line":3,"column":0},"end":{"line":5,"column":3}},"1":{"start":{"line":7,"column":15},"end":{"line":7,"column":33}},"2":{"start":{"line":9,"column":16},"end":{"line":9,"column":48}},"3":{"start":{"line":11,"column":18},"end":{"line":11,"column":40}},"4":{"start":{"line":13,"column":19},"end":{"line":13,"column":54}},"5":{"start":{"line":15,"column":15},"end":{"line":15,"column":42}},"6":{"start":{"line":17,"column":16},"end":{"line":17,"column":48}},"7":{"start":{"line":19,"column":19},"end":{"line":19,"column":50}},"8":{"start":{"line":21,"column":20},"end":{"line":21,"column":56}},"9":{"start":{"line":23,"column":13},"end":{"line":23,"column":38}},"10":{"start":{"line":25,"column":14},"end":{"line":25,"column":44}},"11":{"start":{"line":28,"column":2},"end":{"line":28,"column":56}},"12":{"start":{"line":31,"column":10},"end":{"line":31,"column":34}},"13":{"start":{"line":32,"column":0},"end":{"line":32,"column":37}},"14":{"start":{"line":33,"column":0},"end":{"line":33,"column":61}},"15":{"start":{"line":34,"column":0},"end":{"line":34,"column":42}},"16":{"start":{"line":35,"column":0},"end":{"line":35,"column":38}},"17":{"start":{"line":36,"column":0},"end":{"line":36,"column":36}},"18":{"start":{"line":38,"column":0},"end":{"line":40,"column":3}},"19":{"start":{"line":39,"column":2},"end":{"line":39,"column":24}},"20":{"start":{"line":41,"column":0},"end":{"line":43,"column":3}},"21":{"start":{"line":42,"column":2},"end":{"line":42,"column":37}},"22":{"start":{"line":44,"column":0},"end":{"line":46,"column":3}},"23":{"start":{"line":45,"column":2},"end":{"line":45,"column":37}},"24":{"start":{"line":47,"column":0},"end":{"line":49,"column":3}},"25":{"start":{"line":48,"column":2},"end":{"line":48,"column":37}},"26":{"start":{"line":50,"column":0},"end":{"line":52,"column":3}},"27":{"start":{"line":51,"column":2},"end":{"line":51,"column":37}},"28":{"start":{"line":53,"column":0},"end":{"line":55,"column":3}},"29":{"start":{"line":54,"column":2},"end":{"line":54,"column":37}},"30":{"start":{"line":57,"column":0},"end":{"line":57,"column":22}}},"fnMap":{"0":{"name":"_interopRequireDefault","decl":{"start":{"line":27,"column":9},"end":{"line":27,"column":31}},"loc":{"start":{"line":27,"column":37},"end":{"line":29,"column":1}},"line":27},"1":{"name":"(anonymous_1)","decl":{"start":{"line":38,"column":13},"end":{"line":38,"column":14}},"loc":{"start":{"line":38,"column":27},"end":{"line":40,"column":1}},"line":38},"2":{"name":"(anonymous_2)","decl":{"start":{"line":41,"column":13},"end":{"line":41,"column":14}},"loc":{"start":{"line":41,"column":27},"end":{"line":43,"column":1}},"line":41},"3":{"name":"(anonymous_3)","decl":{"start":{"line":44,"column":14},"end":{"line":44,"column":15}},"loc":{"start":{"line":44,"column":28},"end":{"line":46,"column":1}},"line":44},"4":{"name":"(anonymous_4)","decl":{"start":{"line":47,"column":16},"end":{"line":47,"column":17}},"loc":{"start":{"line":47,"column":30},"end":{"line":49,"column":1}},"line":47},"5":{"name":"(anonymous_5)","decl":{"start":{"line":50,"column":13},"end":{"line":50,"column":14}},"loc":{"start":{"line":50,"column":27},"end":{"line":52,"column":1}},"line":50},"6":{"name":"(anonymous_6)","decl":{"start":{"line":53,"column":15},"end":{"line":53,"column":16}},"loc":{"start":{"line":53,"column":29},"end":{"line":55,"column":1}},"line":53}},"branchMap":{"0":{"loc":{"start":{"line":28,"column":9},"end":{"line":28,"column":55}},"type":"cond-expr","locations":[{"start":{"line":28,"column":33},"end":{"line":28,"column":36}},{"start":{"line":28,"column":39},"end":{"line":28,"column":55}}],"line":28},"1":{"loc":{"start":{"line":28,"column":9},"end":{"line":28,"column":30}},"type":"binary-expr","locations":[{"start":{"line":28,"column":9},"end":{"line":28,"column":12}},{"start":{"line":28,"column":16},"end":{"line":28,"column":30}}],"line":28}},"s":{"0":1,"1":1,"2":1,"3":1,"4":1,"5":1,"6":1,"7":1,"8":1,"9":1,"10":1,"11":5,"12":1,"13":1,"14":1,"15":1,"16":1,"17":1,"18":1,"19":1,"20":1,"21":1,"22":1,"23":1,"24":1,"25":1,"26":1,"27":1,"28":1,"29":1,"30":1},"f":{"0":5,"1":1,"2":1,"3":1,"4":1,"5":1,"6":1},"b":{"0":[0,5],"1":[5,5]},"_coverageSchema":"43e27e138ebf9cfc5966b082cf9a028302ed4184","hash":"63c55b0b3b88338be947b03531ef250845abc008","contentHash":"7bf7b70f78edea3612bd5dffea7100ff72ab8464fed3e4bbb62d0ce3a022a7e2"},"C:\\Users\\Adeola PC\\Desktop\\BootCamp\\Banka\\server\\build\\routes\\account.js":{"path":"C:\\Users\\Adeola PC\\Desktop\\BootCamp\\Banka\\server\\build\\routes\\account.js","statementMap":{"0":{"start":{"line":3,"column":15},"end":{"line":3,"column":33}},"1":{"start":{"line":5,"column":16},"end":{"line":5,"column":48}},"2":{"start":{"line":7,"column":25},"end":{"line":7,"column":68}},"3":{"start":{"line":9,"column":26},"end":{"line":9,"column":68}},"4":{"start":{"line":11,"column":21},"end":{"line":11,"column":59}},"5":{"start":{"line":13,"column":22},"end":{"line":13,"column":60}},"6":{"start":{"line":15,"column":39},"end":{"line":15,"column":93}},"7":{"start":{"line":17,"column":13},"end":{"line":17,"column":39}},"8":{"start":{"line":23,"column":0},"end":{"line":23,"column":68}},"9":{"start":{"line":29,"column":0},"end":{"line":29,"column":90}},"10":{"start":{"line":35,"column":0},"end":{"line":35,"column":85}},"11":{"start":{"line":37,"column":0},"end":{"line":37,"column":24}}},"fnMap":{"0":{"name":"_interopRequireDefault","decl":{"start":{"line":15,"column":9},"end":{"line":15,"column":31}},"loc":{"start":{"line":15,"column":37},"end":{"line":15,"column":95}},"line":15}},"branchMap":{"0":{"loc":{"start":{"line":15,"column":46},"end":{"line":15,"column":92}},"type":"cond-expr","locations":[{"start":{"line":15,"column":70},"end":{"line":15,"column":73}},{"start":{"line":15,"column":76},"end":{"line":15,"column":92}}],"line":15},"1":{"loc":{"start":{"line":15,"column":46},"end":{"line":15,"column":67}},"type":"binary-expr","locations":[{"start":{"line":15,"column":46},"end":{"line":15,"column":49}},{"start":{"line":15,"column":53},"end":{"line":15,"column":67}}],"line":15}},"s":{"0":1,"1":1,"2":1,"3":1,"4":1,"5":1,"6":3,"7":1,"8":1,"9":1,"10":1,"11":1},"f":{"0":3},"b":{"0":[1,2],"1":[3,3]},"_coverageSchema":"43e27e138ebf9cfc5966b082cf9a028302ed4184","hash":"907fb832ea413a5a6e653cab89e143d25500dfa5","contentHash":"f550ca43cc111e19be8bf6d919f7f9b218f3f3f6a310d0adeb3c05dd35e08e3b"},"C:\\Users\\Adeola PC\\Desktop\\BootCamp\\Banka\\server\\build\\controllers\\accountController.js":{"path":"C:\\Users\\Adeola PC\\Desktop\\BootCamp\\Banka\\server\\build\\controllers\\accountController.js","statementMap":{"0":{"start":{"line":3,"column":0},"end":{"line":5,"column":3}},"1":{"start":{"line":7,"column":19},"end":{"line":7,"column":563}},"2":{"start":{"line":7,"column":76},"end":{"line":7,"column":347}},"3":{"start":{"line":7,"column":89},"end":{"line":7,"column":90}},"4":{"start":{"line":7,"column":134},"end":{"line":7,"column":142}},"5":{"start":{"line":7,"column":144},"end":{"line":7,"column":199}},"6":{"start":{"line":7,"column":200},"end":{"line":7,"column":231}},"7":{"start":{"line":7,"column":232},"end":{"line":7,"column":286}},"8":{"start":{"line":7,"column":259},"end":{"line":7,"column":286}},"9":{"start":{"line":7,"column":287},"end":{"line":7,"column":345}},"10":{"start":{"line":7,"column":350},"end":{"line":7,"column":559}},"11":{"start":{"line":7,"column":407},"end":{"line":7,"column":475}},"12":{"start":{"line":7,"column":423},"end":{"line":7,"column":475}},"13":{"start":{"line":7,"column":476},"end":{"line":7,"column":536}},"14":{"start":{"line":7,"column":493},"end":{"line":7,"column":536}},"15":{"start":{"line":7,"column":537},"end":{"line":7,"column":556}},"16":{"start":{"line":9,"column":20},"end":{"line":9,"column":45}},"17":{"start":{"line":11,"column":21},"end":{"line":11,"column":58}},"18":{"start":{"line":13,"column":39},"end":{"line":13,"column":93}},"19":{"start":{"line":15,"column":50},"end":{"line":15,"column":151}},"20":{"start":{"line":15,"column":92},"end":{"line":15,"column":149}},"21":{"start":{"line":17,"column":24},"end":{"line":127,"column":3}},"22":{"start":{"line":19,"column":4},"end":{"line":19,"column":45}},"23":{"start":{"line":22,"column":2},"end":{"line":124,"column":6}},"24":{"start":{"line":25,"column":6},"end":{"line":30,"column":7}},"25":{"start":{"line":26,"column":8},"end":{"line":29,"column":11}},"26":{"start":{"line":31,"column":6},"end":{"line":36,"column":7}},"27":{"start":{"line":32,"column":8},"end":{"line":35,"column":11}},"28":{"start":{"line":37,"column":6},"end":{"line":42,"column":7}},"29":{"start":{"line":38,"column":8},"end":{"line":41,"column":11}},"30":{"start":{"line":43,"column":6},"end":{"line":48,"column":7}},"31":{"start":{"line":44,"column":8},"end":{"line":47,"column":11}},"32":{"start":{"line":49,"column":6},"end":{"line":54,"column":7}},"33":{"start":{"line":50,"column":8},"end":{"line":53,"column":11}},"34":{"start":{"line":55,"column":6},"end":{"line":60,"column":7}},"35":{"start":{"line":56,"column":8},"end":{"line":59,"column":11}},"36":{"start":{"line":61,"column":6},"end":{"line":66,"column":7}},"37":{"start":{"line":62,"column":8},"end":{"line":65,"column":11}},"38":{"start":{"line":67,"column":6},"end":{"line":72,"column":7}},"39":{"start":{"line":68,"column":8},"end":{"line":71,"column":11}},"40":{"start":{"line":73,"column":34},"end":{"line":73,"column":35}},"41":{"start":{"line":74,"column":38},"end":{"line":74,"column":48}},"42":{"start":{"line":75,"column":15},"end":{"line":75,"column":64}},"43":{"start":{"line":76,"column":26},"end":{"line":76,"column":103}},"44":{"start":{"line":77,"column":22},"end":{"line":77,"column":42}},"45":{"start":{"line":78,"column":18},"end":{"line":78,"column":80}},"46":{"start":{"line":80,"column":6},"end":{"line":80,"column":232}},"47":{"start":{"line":81,"column":23},"end":{"line":81,"column":68}},"48":{"start":{"line":83,"column":6},"end":{"line":86,"column":9}},"49":{"start":{"line":91,"column":21},"end":{"line":91,"column":106}},"50":{"start":{"line":92,"column":6},"end":{"line":97,"column":7}},"51":{"start":{"line":93,"column":8},"end":{"line":96,"column":11}},"52":{"start":{"line":98,"column":6},"end":{"line":98,"column":76}},"53":{"start":{"line":99,"column":6},"end":{"line":102,"column":9}},"54":{"start":{"line":107,"column":28},"end":{"line":107,"column":113}},"55":{"start":{"line":108,"column":6},"end":{"line":113,"column":7}},"56":{"start":{"line":109,"column":8},"end":{"line":112,"column":11}},"57":{"start":{"line":115,"column":6},"end":{"line":115,"column":60}},"58":{"start":{"line":116,"column":29},"end":{"line":116,"column":95}},"59":{"start":{"line":117,"column":6},"end":{"line":122,"column":7}},"60":{"start":{"line":118,"column":8},"end":{"line":121,"column":11}},"61":{"start":{"line":126,"column":2},"end":{"line":126,"column":27}},"62":{"start":{"line":129,"column":0},"end":{"line":129,"column":36}}},"fnMap":{"0":{"name":"(anonymous_0)","decl":{"start":{"line":7,"column":19},"end":{"line":7,"column":20}},"loc":{"start":{"line":7,"column":31},"end":{"line":7,"column":561}},"line":7},"1":{"name":"defineProperties","decl":{"start":{"line":7,"column":42},"end":{"line":7,"column":58}},"loc":{"start":{"line":7,"column":74},"end":{"line":7,"column":349}},"line":7},"2":{"name":"(anonymous_2)","decl":{"start":{"line":7,"column":357},"end":{"line":7,"column":358}},"loc":{"start":{"line":7,"column":405},"end":{"line":7,"column":558}},"line":7},"3":{"name":"_interopRequireDefault","decl":{"start":{"line":13,"column":9},"end":{"line":13,"column":31}},"loc":{"start":{"line":13,"column":37},"end":{"line":13,"column":95}},"line":13},"4":{"name":"_classCallCheck","decl":{"start":{"line":15,"column":9},"end":{"line":15,"column":24}},"loc":{"start":{"line":15,"column":48},"end":{"line":15,"column":153}},"line":15},"5":{"name":"(anonymous_5)","decl":{"start":{"line":17,"column":24},"end":{"line":17,"column":25}},"loc":{"start":{"line":17,"column":36},"end":{"line":127,"column":1}},"line":17},"6":{"name":"AccountController","decl":{"start":{"line":18,"column":11},"end":{"line":18,"column":28}},"loc":{"start":{"line":18,"column":31},"end":{"line":20,"column":3}},"line":18},"7":{"name":"createAccount","decl":{"start":{"line":24,"column":20},"end":{"line":24,"column":33}},"loc":{"start":{"line":24,"column":44},"end":{"line":87,"column":5}},"line":24},"8":{"name":"changeAccountStatus","decl":{"start":{"line":90,"column":20},"end":{"line":90,"column":39}},"loc":{"start":{"line":90,"column":50},"end":{"line":103,"column":5}},"line":90},"9":{"name":"deleteAccount","decl":{"start":{"line":106,"column":20},"end":{"line":106,"column":33}},"loc":{"start":{"line":106,"column":44},"end":{"line":123,"column":5}},"line":106}},"branchMap":{"0":{"loc":{"start":{"line":7,"column":168},"end":{"line":7,"column":198}},"type":"binary-expr","locations":[{"start":{"line":7,"column":168},"end":{"line":7,"column":189}},{"start":{"line":7,"column":193},"end":{"line":7,"column":198}}],"line":7},"1":{"loc":{"start":{"line":7,"column":232},"end":{"line":7,"column":286}},"type":"if","locations":[{"start":{"line":7,"column":232},"end":{"line":7,"column":286}},{"start":{"line":7,"column":232},"end":{"line":7,"column":286}}],"line":7},"2":{"loc":{"start":{"line":7,"column":407},"end":{"line":7,"column":475}},"type":"if","locations":[{"start":{"line":7,"column":407},"end":{"line":7,"column":475}},{"start":{"line":7,"column":407},"end":{"line":7,"column":475}}],"line":7},"3":{"loc":{"start":{"line":7,"column":476},"end":{"line":7,"column":536}},"type":"if","locations":[{"start":{"line":7,"column":476},"end":{"line":7,"column":536}},{"start":{"line":7,"column":476},"end":{"line":7,"column":536}}],"line":7},"4":{"loc":{"start":{"line":13,"column":46},"end":{"line":13,"column":92}},"type":"cond-expr","locations":[{"start":{"line":13,"column":70},"end":{"line":13,"column":73}},{"start":{"line":13,"column":76},"end":{"line":13,"column":92}}],"line":13},"5":{"loc":{"start":{"line":13,"column":46},"end":{"line":13,"column":67}},"type":"binary-expr","locations":[{"start":{"line":13,"column":46},"end":{"line":13,"column":49}},{"start":{"line":13,"column":53},"end":{"line":13,"column":67}}],"line":13},"6":{"loc":{"start":{"line":15,"column":50},"end":{"line":15,"column":151}},"type":"if","locations":[{"start":{"line":15,"column":50},"end":{"line":15,"column":151}},{"start":{"line":15,"column":50},"end":{"line":15,"column":151}}],"line":15},"7":{"loc":{"start":{"line":25,"column":6},"end":{"line":30,"column":7}},"type":"if","locations":[{"start":{"line":25,"column":6},"end":{"line":30,"column":7}},{"start":{"line":25,"column":6},"end":{"line":30,"column":7}}],"line":25},"8":{"loc":{"start":{"line":31,"column":6},"end":{"line":36,"column":7}},"type":"if","locations":[{"start":{"line":31,"column":6},"end":{"line":36,"column":7}},{"start":{"line":31,"column":6},"end":{"line":36,"column":7}}],"line":31},"9":{"loc":{"start":{"line":37,"column":6},"end":{"line":42,"column":7}},"type":"if","locations":[{"start":{"line":37,"column":6},"end":{"line":42,"column":7}},{"start":{"line":37,"column":6},"end":{"line":42,"column":7}}],"line":37},"10":{"loc":{"start":{"line":43,"column":6},"end":{"line":48,"column":7}},"type":"if","locations":[{"start":{"line":43,"column":6},"end":{"line":48,"column":7}},{"start":{"line":43,"column":6},"end":{"line":48,"column":7}}],"line":43},"11":{"loc":{"start":{"line":49,"column":6},"end":{"line":54,"column":7}},"type":"if","locations":[{"start":{"line":49,"column":6},"end":{"line":54,"column":7}},{"start":{"line":49,"column":6},"end":{"line":54,"column":7}}],"line":49},"12":{"loc":{"start":{"line":55,"column":6},"end":{"line":60,"column":7}},"type":"if","locations":[{"start":{"line":55,"column":6},"end":{"line":60,"column":7}},{"start":{"line":55,"column":6},"end":{"line":60,"column":7}}],"line":55},"13":{"loc":{"start":{"line":61,"column":6},"end":{"line":66,"column":7}},"type":"if","locations":[{"start":{"line":61,"column":6},"end":{"line":66,"column":7}},{"start":{"line":61,"column":6},"end":{"line":66,"column":7}}],"line":61},"14":{"loc":{"start":{"line":67,"column":6},"end":{"line":72,"column":7}},"type":"if","locations":[{"start":{"line":67,"column":6},"end":{"line":72,"column":7}},{"start":{"line":67,"column":6},"end":{"line":72,"column":7}}],"line":67},"15":{"loc":{"start":{"line":92,"column":6},"end":{"line":97,"column":7}},"type":"if","locations":[{"start":{"line":92,"column":6},"end":{"line":97,"column":7}},{"start":{"line":92,"column":6},"end":{"line":97,"column":7}}],"line":92},"16":{"loc":{"start":{"line":98,"column":24},"end":{"line":98,"column":75}},"type":"cond-expr","locations":[{"start":{"line":98,"column":55},"end":{"line":98,"column":64}},{"start":{"line":98,"column":67},"end":{"line":98,"column":75}}],"line":98},"17":{"loc":{"start":{"line":108,"column":6},"end":{"line":113,"column":7}},"type":"if","locations":[{"start":{"line":108,"column":6},"end":{"line":113,"column":7}},{"start":{"line":108,"column":6},"end":{"line":113,"column":7}}],"line":108},"18":{"loc":{"start":{"line":117,"column":6},"end":{"line":122,"column":7}},"type":"if","locations":[{"start":{"line":117,"column":6},"end":{"line":122,"column":7}},{"start":{"line":117,"column":6},"end":{"line":122,"column":7}}],"line":117}},"s":{"0":1,"1":1,"2":1,"3":1,"4":3,"5":3,"6":3,"7":3,"8":3,"9":3,"10":1,"11":1,"12":0,"13":1,"14":1,"15":1,"16":1,"17":1,"18":1,"19":0,"20":0,"21":1,"22":0,"23":1,"24":10,"25":2,"26":8,"27":1,"28":7,"29":1,"30":6,"31":1,"32":5,"33":1,"34":4,"35":1,"36":3,"37":1,"38":2,"39":1,"40":1,"41":1,"42":1,"43":1,"44":1,"45":1,"46":1,"47":1,"48":1,"49":4,"50":4,"51":2,"52":2,"53":2,"54":2,"55":2,"56":1,"57":1,"58":1,"59":1,"60":1,"61":1,"62":1},"f":{"0":1,"1":1,"2":1,"3":1,"4":0,"5":1,"6":0,"7":10,"8":4,"9":2},"b":{"0":[3,3],"1":[3,0],"2":[0,1],"3":[1,0],"4":[0,1],"5":[1,1],"6":[0,0],"7":[2,8],"8":[1,7],"9":[1,6],"10":[1,5],"11":[1,4],"12":[1,3],"13":[1,2],"14":[1,1],"15":[2,2],"16":[1,1],"17":[1,1],"18":[1,0]},"_coverageSchema":"43e27e138ebf9cfc5966b082cf9a028302ed4184","hash":"b31915c7385812d842b7079872adcdae65f20f69","contentHash":"be242b3f765aa5625f4ecc5859f0b6a94be619696d660b976655ef6d22e80660"},"C:\\Users\\Adeola PC\\Desktop\\BootCamp\\Banka\\server\\build\\middleware\\authorization.js":{"path":"C:\\Users\\Adeola PC\\Desktop\\BootCamp\\Banka\\server\\build\\middleware\\authorization.js","statementMap":{"0":{"start":{"line":3,"column":20},"end":{"line":3,"column":43}},"1":{"start":{"line":5,"column":21},"end":{"line":5,"column":58}},"2":{"start":{"line":7,"column":14},"end":{"line":7,"column":34}},"3":{"start":{"line":9,"column":39},"end":{"line":9,"column":93}},"4":{"start":{"line":11,"column":0},"end":{"line":23,"column":2}},"5":{"start":{"line":12,"column":14},"end":{"line":12,"column":53}},"6":{"start":{"line":14,"column":2},"end":{"line":22,"column":5}},"7":{"start":{"line":15,"column":4},"end":{"line":19,"column":5}},"8":{"start":{"line":16,"column":6},"end":{"line":18,"column":9}},"9":{"start":{"line":20,"column":4},"end":{"line":20,"column":27}},"10":{"start":{"line":21,"column":4},"end":{"line":21,"column":11}}},"fnMap":{"0":{"name":"_interopRequireDefault","decl":{"start":{"line":9,"column":9},"end":{"line":9,"column":31}},"loc":{"start":{"line":9,"column":37},"end":{"line":9,"column":95}},"line":9},"1":{"name":"(anonymous_1)","decl":{"start":{"line":11,"column":17},"end":{"line":11,"column":18}},"loc":{"start":{"line":11,"column":43},"end":{"line":23,"column":1}},"line":11},"2":{"name":"(anonymous_2)","decl":{"start":{"line":14,"column":56},"end":{"line":14,"column":57}},"loc":{"start":{"line":14,"column":80},"end":{"line":22,"column":3}},"line":14}},"branchMap":{"0":{"loc":{"start":{"line":9,"column":46},"end":{"line":9,"column":92}},"type":"cond-expr","locations":[{"start":{"line":9,"column":70},"end":{"line":9,"column":73}},{"start":{"line":9,"column":76},"end":{"line":9,"column":92}}],"line":9},"1":{"loc":{"start":{"line":9,"column":46},"end":{"line":9,"column":67}},"type":"binary-expr","locations":[{"start":{"line":9,"column":46},"end":{"line":9,"column":49}},{"start":{"line":9,"column":53},"end":{"line":9,"column":67}}],"line":9},"2":{"loc":{"start":{"line":15,"column":4},"end":{"line":19,"column":5}},"type":"if","locations":[{"start":{"line":15,"column":4},"end":{"line":19,"column":5}},{"start":{"line":15,"column":4},"end":{"line":19,"column":5}}],"line":15}},"s":{"0":1,"1":1,"2":1,"3":1,"4":1,"5":7,"6":7,"7":7,"8":0,"9":7,"10":7},"f":{"0":1,"1":7,"2":7},"b":{"0":[0,1],"1":[1,1],"2":[0,7]},"_coverageSchema":"43e27e138ebf9cfc5966b082cf9a028302ed4184","hash":"41495dce6f4a90970a5b61e18dca7ee0c2954a56","contentHash":"e551ccc8ec7666d9121355e054aab4f76ec47983fe0d613c47b03a4446128428"},"C:\\Users\\Adeola PC\\Desktop\\BootCamp\\Banka\\server\\build\\config.js":{"path":"C:\\Users\\Adeola PC\\Desktop\\BootCamp\\Banka\\server\\build\\config.js","statementMap":{"0":{"start":{"line":3,"column":14},"end":{"line":3,"column":31}},"1":{"start":{"line":5,"column":15},"end":{"line":5,"column":46}},"2":{"start":{"line":7,"column":39},"end":{"line":7,"column":93}},"3":{"start":{"line":9,"column":0},"end":{"line":9,"column":26}},"4":{"start":{"line":11,"column":0},"end":{"line":14,"column":2}}},"fnMap":{"0":{"name":"_interopRequireDefault","decl":{"start":{"line":7,"column":9},"end":{"line":7,"column":31}},"loc":{"start":{"line":7,"column":37},"end":{"line":7,"column":95}},"line":7}},"branchMap":{"0":{"loc":{"start":{"line":7,"column":46},"end":{"line":7,"column":92}},"type":"cond-expr","locations":[{"start":{"line":7,"column":70},"end":{"line":7,"column":73}},{"start":{"line":7,"column":76},"end":{"line":7,"column":92}}],"line":7},"1":{"loc":{"start":{"line":7,"column":46},"end":{"line":7,"column":67}},"type":"binary-expr","locations":[{"start":{"line":7,"column":46},"end":{"line":7,"column":49}},{"start":{"line":7,"column":53},"end":{"line":7,"column":67}}],"line":7}},"s":{"0":1,"1":1,"2":1,"3":1,"4":1},"f":{"0":1},"b":{"0":[0,1],"1":[1,1]},"_coverageSchema":"43e27e138ebf9cfc5966b082cf9a028302ed4184","hash":"afee248b55ee1d11c93d87fca5c69c3a9be6fa92","contentHash":"236407e4bfd32ce14e0e9b4ae7fc10f6f019bf8e794f8f4b7698bc6a24043a31"},"C:\\Users\\Adeola PC\\Desktop\\BootCamp\\Banka\\server\\build\\routes\\transaction.js":{"path":"C:\\Users\\Adeola PC\\Desktop\\BootCamp\\Banka\\server\\build\\routes\\transaction.js","statementMap":{"0":{"start":{"line":3,"column":15},"end":{"line":3,"column":33}},"1":{"start":{"line":5,"column":16},"end":{"line":5,"column":48}},"2":{"start":{"line":7,"column":29},"end":{"line":7,"column":76}},"3":{"start":{"line":9,"column":30},"end":{"line":9,"column":76}},"4":{"start":{"line":11,"column":39},"end":{"line":11,"column":93}},"5":{"start":{"line":13,"column":13},"end":{"line":13,"column":39}},"6":{"start":{"line":19,"column":0},"end":{"line":19,"column":96}},"7":{"start":{"line":25,"column":0},"end":{"line":25,"column":98}},"8":{"start":{"line":27,"column":0},"end":{"line":27,"column":24}}},"fnMap":{"0":{"name":"_interopRequireDefault","decl":{"start":{"line":11,"column":9},"end":{"line":11,"column":31}},"loc":{"start":{"line":11,"column":37},"end":{"line":11,"column":95}},"line":11}},"branchMap":{"0":{"loc":{"start":{"line":11,"column":46},"end":{"line":11,"column":92}},"type":"cond-expr","locations":[{"start":{"line":11,"column":70},"end":{"line":11,"column":73}},{"start":{"line":11,"column":76},"end":{"line":11,"column":92}}],"line":11},"1":{"loc":{"start":{"line":11,"column":46},"end":{"line":11,"column":67}},"type":"binary-expr","locations":[{"start":{"line":11,"column":46},"end":{"line":11,"column":49}},{"start":{"line":11,"column":53},"end":{"line":11,"column":67}}],"line":11}},"s":{"0":1,"1":1,"2":1,"3":1,"4":2,"5":1,"6":1,"7":1,"8":1},"f":{"0":2},"b":{"0":[1,1],"1":[2,2]},"_coverageSchema":"43e27e138ebf9cfc5966b082cf9a028302ed4184","hash":"7445461bf9909abdc4e2858766f0fbc5e7da42d2","contentHash":"cf4b06a09a06bdd282ec9d630b8973829208f66fe8459ef33779078fa327fd0c"},"C:\\Users\\Adeola PC\\Desktop\\BootCamp\\Banka\\server\\build\\controllers\\transactionController.js":{"path":"C:\\Users\\Adeola PC\\Desktop\\BootCamp\\Banka\\server\\build\\controllers\\transactionController.js","statementMap":{"0":{"start":{"line":3,"column":0},"end":{"line":5,"column":3}},"1":{"start":{"line":7,"column":19},"end":{"line":7,"column":563}},"2":{"start":{"line":7,"column":76},"end":{"line":7,"column":347}},"3":{"start":{"line":7,"column":89},"end":{"line":7,"column":90}},"4":{"start":{"line":7,"column":134},"end":{"line":7,"column":142}},"5":{"start":{"line":7,"column":144},"end":{"line":7,"column":199}},"6":{"start":{"line":7,"column":200},"end":{"line":7,"column":231}},"7":{"start":{"line":7,"column":232},"end":{"line":7,"column":286}},"8":{"start":{"line":7,"column":259},"end":{"line":7,"column":286}},"9":{"start":{"line":7,"column":287},"end":{"line":7,"column":345}},"10":{"start":{"line":7,"column":350},"end":{"line":7,"column":559}},"11":{"start":{"line":7,"column":407},"end":{"line":7,"column":475}},"12":{"start":{"line":7,"column":423},"end":{"line":7,"column":475}},"13":{"start":{"line":7,"column":476},"end":{"line":7,"column":536}},"14":{"start":{"line":7,"column":493},"end":{"line":7,"column":536}},"15":{"start":{"line":7,"column":537},"end":{"line":7,"column":556}},"16":{"start":{"line":9,"column":20},"end":{"line":9,"column":45}},"17":{"start":{"line":11,"column":21},"end":{"line":11,"column":58}},"18":{"start":{"line":13,"column":39},"end":{"line":13,"column":93}},"19":{"start":{"line":15,"column":50},"end":{"line":15,"column":151}},"20":{"start":{"line":15,"column":92},"end":{"line":15,"column":149}},"21":{"start":{"line":17,"column":12},"end":{"line":59,"column":1}},"22":{"start":{"line":18,"column":17},"end":{"line":18,"column":106}},"23":{"start":{"line":19,"column":22},"end":{"line":19,"column":107}},"24":{"start":{"line":20,"column":2},"end":{"line":25,"column":3}},"25":{"start":{"line":21,"column":4},"end":{"line":24,"column":7}},"26":{"start":{"line":26,"column":2},"end":{"line":31,"column":3}},"27":{"start":{"line":27,"column":4},"end":{"line":30,"column":7}},"28":{"start":{"line":32,"column":2},"end":{"line":37,"column":3}},"29":{"start":{"line":33,"column":4},"end":{"line":36,"column":7}},"30":{"start":{"line":38,"column":2},"end":{"line":43,"column":3}},"31":{"start":{"line":39,"column":4},"end":{"line":42,"column":7}},"32":{"start":{"line":44,"column":19},"end":{"line":44,"column":77}},"33":{"start":{"line":45,"column":30},"end":{"line":45,"column":31}},"34":{"start":{"line":46,"column":11},"end":{"line":46,"column":60}},"35":{"start":{"line":47,"column":18},"end":{"line":47,"column":38}},"36":{"start":{"line":48,"column":13},"end":{"line":48,"column":46}},"37":{"start":{"line":50,"column":2},"end":{"line":52,"column":128}},"38":{"start":{"line":53,"column":23},"end":{"line":53,"column":69}},"39":{"start":{"line":55,"column":2},"end":{"line":58,"column":5}},"40":{"start":{"line":61,"column":28},"end":{"line":93,"column":3}},"41":{"start":{"line":63,"column":4},"end":{"line":63,"column":49}},"42":{"start":{"line":66,"column":2},"end":{"line":90,"column":6}},"43":{"start":{"line":69,"column":6},"end":{"line":69,"column":32}},"44":{"start":{"line":74,"column":20},"end":{"line":74,"column":109}},"45":{"start":{"line":75,"column":25},"end":{"line":75,"column":52}},"46":{"start":{"line":76,"column":6},"end":{"line":81,"column":7}},"47":{"start":{"line":77,"column":8},"end":{"line":80,"column":11}},"48":{"start":{"line":82,"column":6},"end":{"line":87,"column":7}},"49":{"start":{"line":83,"column":8},"end":{"line":86,"column":11}},"50":{"start":{"line":88,"column":6},"end":{"line":88,"column":33}},"51":{"start":{"line":92,"column":2},"end":{"line":92,"column":31}},"52":{"start":{"line":95,"column":0},"end":{"line":95,"column":40}}},"fnMap":{"0":{"name":"(anonymous_0)","decl":{"start":{"line":7,"column":19},"end":{"line":7,"column":20}},"loc":{"start":{"line":7,"column":31},"end":{"line":7,"column":561}},"line":7},"1":{"name":"defineProperties","decl":{"start":{"line":7,"column":42},"end":{"line":7,"column":58}},"loc":{"start":{"line":7,"column":74},"end":{"line":7,"column":349}},"line":7},"2":{"name":"(anonymous_2)","decl":{"start":{"line":7,"column":357},"end":{"line":7,"column":358}},"loc":{"start":{"line":7,"column":405},"end":{"line":7,"column":558}},"line":7},"3":{"name":"_interopRequireDefault","decl":{"start":{"line":13,"column":9},"end":{"line":13,"column":31}},"loc":{"start":{"line":13,"column":37},"end":{"line":13,"column":95}},"line":13},"4":{"name":"_classCallCheck","decl":{"start":{"line":15,"column":9},"end":{"line":15,"column":24}},"loc":{"start":{"line":15,"column":48},"end":{"line":15,"column":153}},"line":15},"5":{"name":"logic","decl":{"start":{"line":17,"column":21},"end":{"line":17,"column":26}},"loc":{"start":{"line":17,"column":45},"end":{"line":59,"column":1}},"line":17},"6":{"name":"(anonymous_6)","decl":{"start":{"line":61,"column":28},"end":{"line":61,"column":29}},"loc":{"start":{"line":61,"column":40},"end":{"line":93,"column":1}},"line":61},"7":{"name":"TransactionController","decl":{"start":{"line":62,"column":11},"end":{"line":62,"column":32}},"loc":{"start":{"line":62,"column":35},"end":{"line":64,"column":3}},"line":62},"8":{"name":"creditAccount","decl":{"start":{"line":68,"column":20},"end":{"line":68,"column":33}},"loc":{"start":{"line":68,"column":44},"end":{"line":70,"column":5}},"line":68},"9":{"name":"debitAccount","decl":{"start":{"line":73,"column":20},"end":{"line":73,"column":32}},"loc":{"start":{"line":73,"column":43},"end":{"line":89,"column":5}},"line":73}},"branchMap":{"0":{"loc":{"start":{"line":7,"column":168},"end":{"line":7,"column":198}},"type":"binary-expr","locations":[{"start":{"line":7,"column":168},"end":{"line":7,"column":189}},{"start":{"line":7,"column":193},"end":{"line":7,"column":198}}],"line":7},"1":{"loc":{"start":{"line":7,"column":232},"end":{"line":7,"column":286}},"type":"if","locations":[{"start":{"line":7,"column":232},"end":{"line":7,"column":286}},{"start":{"line":7,"column":232},"end":{"line":7,"column":286}}],"line":7},"2":{"loc":{"start":{"line":7,"column":407},"end":{"line":7,"column":475}},"type":"if","locations":[{"start":{"line":7,"column":407},"end":{"line":7,"column":475}},{"start":{"line":7,"column":407},"end":{"line":7,"column":475}}],"line":7},"3":{"loc":{"start":{"line":7,"column":476},"end":{"line":7,"column":536}},"type":"if","locations":[{"start":{"line":7,"column":476},"end":{"line":7,"column":536}},{"start":{"line":7,"column":476},"end":{"line":7,"column":536}}],"line":7},"4":{"loc":{"start":{"line":13,"column":46},"end":{"line":13,"column":92}},"type":"cond-expr","locations":[{"start":{"line":13,"column":70},"end":{"line":13,"column":73}},{"start":{"line":13,"column":76},"end":{"line":13,"column":92}}],"line":13},"5":{"loc":{"start":{"line":13,"column":46},"end":{"line":13,"column":67}},"type":"binary-expr","locations":[{"start":{"line":13,"column":46},"end":{"line":13,"column":49}},{"start":{"line":13,"column":53},"end":{"line":13,"column":67}}],"line":13},"6":{"loc":{"start":{"line":15,"column":50},"end":{"line":15,"column":151}},"type":"if","locations":[{"start":{"line":15,"column":50},"end":{"line":15,"column":151}},{"start":{"line":15,"column":50},"end":{"line":15,"column":151}}],"line":15},"7":{"loc":{"start":{"line":20,"column":2},"end":{"line":25,"column":3}},"type":"if","locations":[{"start":{"line":20,"column":2},"end":{"line":25,"column":3}},{"start":{"line":20,"column":2},"end":{"line":25,"column":3}}],"line":20},"8":{"loc":{"start":{"line":26,"column":2},"end":{"line":31,"column":3}},"type":"if","locations":[{"start":{"line":26,"column":2},"end":{"line":31,"column":3}},{"start":{"line":26,"column":2},"end":{"line":31,"column":3}}],"line":26},"9":{"loc":{"start":{"line":32,"column":2},"end":{"line":37,"column":3}},"type":"if","locations":[{"start":{"line":32,"column":2},"end":{"line":37,"column":3}},{"start":{"line":32,"column":2},"end":{"line":37,"column":3}}],"line":32},"10":{"loc":{"start":{"line":38,"column":2},"end":{"line":43,"column":3}},"type":"if","locations":[{"start":{"line":38,"column":2},"end":{"line":43,"column":3}},{"start":{"line":38,"column":2},"end":{"line":43,"column":3}}],"line":38},"11":{"loc":{"start":{"line":48,"column":13},"end":{"line":48,"column":46}},"type":"cond-expr","locations":[{"start":{"line":48,"column":28},"end":{"line":48,"column":36}},{"start":{"line":48,"column":39},"end":{"line":48,"column":46}}],"line":48},"12":{"loc":{"start":{"line":52,"column":52},"end":{"line":52,"column":78}},"type":"binary-expr","locations":[{"start":{"line":52,"column":52},"end":{"line":52,"column":70}},{"start":{"line":52,"column":74},"end":{"line":52,"column":78}}],"line":52},"13":{"loc":{"start":{"line":52,"column":80},"end":{"line":52,"column":126}},"type":"cond-expr","locations":[{"start":{"line":52,"column":99},"end":{"line":52,"column":119}},{"start":{"line":52,"column":122},"end":{"line":52,"column":126}}],"line":52},"14":{"loc":{"start":{"line":76,"column":6},"end":{"line":81,"column":7}},"type":"if","locations":[{"start":{"line":76,"column":6},"end":{"line":81,"column":7}},{"start":{"line":76,"column":6},"end":{"line":81,"column":7}}],"line":76},"15":{"loc":{"start":{"line":82,"column":6},"end":{"line":87,"column":7}},"type":"if","locations":[{"start":{"line":82,"column":6},"end":{"line":87,"column":7}},{"start":{"line":82,"column":6},"end":{"line":87,"column":7}}],"line":82}},"s":{"0":1,"1":1,"2":1,"3":1,"4":2,"5":2,"6":2,"7":2,"8":2,"9":2,"10":1,"11":1,"12":0,"13":1,"14":1,"15":1,"16":1,"17":1,"18":1,"19":0,"20":0,"21":1,"22":9,"23":9,"24":9,"25":1,"26":8,"27":2,"28":6,"29":2,"30":4,"31":2,"32":2,"33":2,"34":2,"35":2,"36":2,"37":2,"38":2,"39":2,"40":1,"41":0,"42":1,"43":5,"44":6,"45":6,"46":6,"47":1,"48":5,"49":1,"50":4,"51":1,"52":1},"f":{"0":1,"1":1,"2":1,"3":1,"4":0,"5":9,"6":1,"7":0,"8":5,"9":6},"b":{"0":[2,2],"1":[2,0],"2":[0,1],"3":[1,0],"4":[0,1],"5":[1,1],"6":[0,0],"7":[1,8],"8":[2,6],"9":[2,4],"10":[2,2],"11":[1,1],"12":[2,0],"13":[1,1],"14":[1,5],"15":[1,4]},"_coverageSchema":"43e27e138ebf9cfc5966b082cf9a028302ed4184","hash":"89a5bdfb574c8856bf9cf79c51ccbd1a88a09d12","contentHash":"4e23c5d5a18c7258c28a09f658e7a7af98429071031aa96a5c002c7d79c213d2"},"C:\\Users\\Adeola PC\\Desktop\\BootCamp\\Banka\\server\\build\\routes\\index.js":{"path":"C:\\Users\\Adeola PC\\Desktop\\BootCamp\\Banka\\server\\build\\routes\\index.js","statementMap":{"0":{"start":{"line":3,"column":15},"end":{"line":3,"column":33}},"1":{"start":{"line":5,"column":16},"end":{"line":5,"column":48}},"2":{"start":{"line":7,"column":22},"end":{"line":7,"column":62}},"3":{"start":{"line":9,"column":23},"end":{"line":9,"column":62}},"4":{"start":{"line":11,"column":21},"end":{"line":11,"column":59}},"5":{"start":{"line":13,"column":22},"end":{"line":13,"column":60}},"6":{"start":{"line":15,"column":39},"end":{"line":15,"column":93}},"7":{"start":{"line":17,"column":13},"end":{"line":17,"column":39}},"8":{"start":{"line":19,"column":0},"end":{"line":19,"column":61}},"9":{"start":{"line":20,"column":0},"end":{"line":20,"column":86}},"10":{"start":{"line":22,"column":0},"end":{"line":22,"column":24}}},"fnMap":{"0":{"name":"_interopRequireDefault","decl":{"start":{"line":15,"column":9},"end":{"line":15,"column":31}},"loc":{"start":{"line":15,"column":37},"end":{"line":15,"column":95}},"line":15}},"branchMap":{"0":{"loc":{"start":{"line":15,"column":46},"end":{"line":15,"column":92}},"type":"cond-expr","locations":[{"start":{"line":15,"column":70},"end":{"line":15,"column":73}},{"start":{"line":15,"column":76},"end":{"line":15,"column":92}}],"line":15},"1":{"loc":{"start":{"line":15,"column":46},"end":{"line":15,"column":67}},"type":"binary-expr","locations":[{"start":{"line":15,"column":46},"end":{"line":15,"column":49}},{"start":{"line":15,"column":53},"end":{"line":15,"column":67}}],"line":15}},"s":{"0":1,"1":1,"2":1,"3":1,"4":1,"5":1,"6":3,"7":1,"8":1,"9":1,"10":1},"f":{"0":3},"b":{"0":[1,2],"1":[3,3]},"_coverageSchema":"43e27e138ebf9cfc5966b082cf9a028302ed4184","hash":"a37527fba29e887120ba41a947939fa385b19d61","contentHash":"6c5e356fbd7471fe31ed15866f4ccb247467421980db4c6e4ad8b817c99231d6"},"C:\\Users\\Adeola PC\\Desktop\\BootCamp\\Banka\\server\\build\\controllers\\userController.js":{"path":"C:\\Users\\Adeola PC\\Desktop\\BootCamp\\Banka\\server\\build\\controllers\\userController.js","statementMap":{"0":{"start":{"line":3,"column":0},"end":{"line":5,"column":3}},"1":{"start":{"line":7,"column":19},"end":{"line":7,"column":563}},"2":{"start":{"line":7,"column":76},"end":{"line":7,"column":347}},"3":{"start":{"line":7,"column":89},"end":{"line":7,"column":90}},"4":{"start":{"line":7,"column":134},"end":{"line":7,"column":142}},"5":{"start":{"line":7,"column":144},"end":{"line":7,"column":199}},"6":{"start":{"line":7,"column":200},"end":{"line":7,"column":231}},"7":{"start":{"line":7,"column":232},"end":{"line":7,"column":286}},"8":{"start":{"line":7,"column":259},"end":{"line":7,"column":286}},"9":{"start":{"line":7,"column":287},"end":{"line":7,"column":345}},"10":{"start":{"line":7,"column":350},"end":{"line":7,"column":559}},"11":{"start":{"line":7,"column":407},"end":{"line":7,"column":475}},"12":{"start":{"line":7,"column":423},"end":{"line":7,"column":475}},"13":{"start":{"line":7,"column":476},"end":{"line":7,"column":536}},"14":{"start":{"line":7,"column":493},"end":{"line":7,"column":536}},"15":{"start":{"line":7,"column":537},"end":{"line":7,"column":556}},"16":{"start":{"line":9,"column":20},"end":{"line":9,"column":43}},"17":{"start":{"line":11,"column":21},"end":{"line":11,"column":58}},"18":{"start":{"line":13,"column":16},"end":{"line":13,"column":35}},"19":{"start":{"line":15,"column":17},"end":{"line":15,"column":50}},"20":{"start":{"line":17,"column":14},"end":{"line":17,"column":34}},"21":{"start":{"line":19,"column":20},"end":{"line":19,"column":45}},"22":{"start":{"line":21,"column":21},"end":{"line":21,"column":58}},"23":{"start":{"line":23,"column":39},"end":{"line":23,"column":93}},"24":{"start":{"line":25,"column":50},"end":{"line":25,"column":151}},"25":{"start":{"line":25,"column":92},"end":{"line":25,"column":149}},"26":{"start":{"line":27,"column":11},"end":{"line":27,"column":13}},"27":{"start":{"line":29,"column":21},"end":{"line":160,"column":3}},"28":{"start":{"line":31,"column":4},"end":{"line":31,"column":42}},"29":{"start":{"line":34,"column":2},"end":{"line":157,"column":6}},"30":{"start":{"line":37,"column":6},"end":{"line":42,"column":7}},"31":{"start":{"line":38,"column":8},"end":{"line":41,"column":11}},"32":{"start":{"line":43,"column":6},"end":{"line":48,"column":7}},"33":{"start":{"line":44,"column":8},"end":{"line":47,"column":11}},"34":{"start":{"line":49,"column":17},"end":{"line":49,"column":76}},"35":{"start":{"line":50,"column":6},"end":{"line":55,"column":7}},"36":{"start":{"line":51,"column":8},"end":{"line":54,"column":11}},"37":{"start":{"line":56,"column":6},"end":{"line":83,"column":9}},"38":{"start":{"line":57,"column":8},"end":{"line":78,"column":9}},"39":{"start":{"line":58,"column":22},"end":{"line":65,"column":29}},"40":{"start":{"line":66,"column":10},"end":{"line":77,"column":13}},"41":{"start":{"line":79,"column":8},"end":{"line":82,"column":11}},"42":{"start":{"line":88,"column":6},"end":{"line":93,"column":7}},"43":{"start":{"line":89,"column":8},"end":{"line":92,"column":11}},"44":{"start":{"line":94,"column":6},"end":{"line":99,"column":7}},"45":{"start":{"line":95,"column":8},"end":{"line":98,"column":11}},"46":{"start":{"line":100,"column":6},"end":{"line":105,"column":7}},"47":{"start":{"line":101,"column":8},"end":{"line":104,"column":11}},"48":{"start":{"line":106,"column":6},"end":{"line":111,"column":7}},"49":{"start":{"line":107,"column":8},"end":{"line":110,"column":11}},"50":{"start":{"line":112,"column":6},"end":{"line":117,"column":7}},"51":{"start":{"line":113,"column":8},"end":{"line":116,"column":11}},"52":{"start":{"line":118,"column":17},"end":{"line":118,"column":76}},"53":{"start":{"line":119,"column":6},"end":{"line":124,"column":7}},"54":{"start":{"line":120,"column":8},"end":{"line":123,"column":11}},"55":{"start":{"line":126,"column":6},"end":{"line":155,"column":9}},"56":{"start":{"line":127,"column":22},"end":{"line":129,"column":17}},"57":{"start":{"line":128,"column":10},"end":{"line":128,"column":22}},"58":{"start":{"line":130,"column":17},"end":{"line":130,"column":48}},"59":{"start":{"line":132,"column":20},"end":{"line":139,"column":27}},"60":{"start":{"line":140,"column":8},"end":{"line":140,"column":131}},"61":{"start":{"line":141,"column":22},"end":{"line":141,"column":66}},"62":{"start":{"line":143,"column":8},"end":{"line":154,"column":11}},"63":{"start":{"line":159,"column":2},"end":{"line":159,"column":24}},"64":{"start":{"line":162,"column":0},"end":{"line":162,"column":33}}},"fnMap":{"0":{"name":"(anonymous_0)","decl":{"start":{"line":7,"column":19},"end":{"line":7,"column":20}},"loc":{"start":{"line":7,"column":31},"end":{"line":7,"column":561}},"line":7},"1":{"name":"defineProperties","decl":{"start":{"line":7,"column":42},"end":{"line":7,"column":58}},"loc":{"start":{"line":7,"column":74},"end":{"line":7,"column":349}},"line":7},"2":{"name":"(anonymous_2)","decl":{"start":{"line":7,"column":357},"end":{"line":7,"column":358}},"loc":{"start":{"line":7,"column":405},"end":{"line":7,"column":558}},"line":7},"3":{"name":"_interopRequireDefault","decl":{"start":{"line":23,"column":9},"end":{"line":23,"column":31}},"loc":{"start":{"line":23,"column":37},"end":{"line":23,"column":95}},"line":23},"4":{"name":"_classCallCheck","decl":{"start":{"line":25,"column":9},"end":{"line":25,"column":24}},"loc":{"start":{"line":25,"column":48},"end":{"line":25,"column":153}},"line":25},"5":{"name":"(anonymous_5)","decl":{"start":{"line":29,"column":21},"end":{"line":29,"column":22}},"loc":{"start":{"line":29,"column":33},"end":{"line":160,"column":1}},"line":29},"6":{"name":"UserController","decl":{"start":{"line":30,"column":11},"end":{"line":30,"column":25}},"loc":{"start":{"line":30,"column":28},"end":{"line":32,"column":3}},"line":30},"7":{"name":"signin","decl":{"start":{"line":36,"column":20},"end":{"line":36,"column":26}},"loc":{"start":{"line":36,"column":37},"end":{"line":84,"column":5}},"line":36},"8":{"name":"(anonymous_8)","decl":{"start":{"line":56,"column":67},"end":{"line":56,"column":68}},"loc":{"start":{"line":56,"column":92},"end":{"line":83,"column":7}},"line":56},"9":{"name":"signup","decl":{"start":{"line":87,"column":20},"end":{"line":87,"column":26}},"loc":{"start":{"line":87,"column":37},"end":{"line":156,"column":5}},"line":87},"10":{"name":"(anonymous_10)","decl":{"start":{"line":126,"column":55},"end":{"line":126,"column":56}},"loc":{"start":{"line":126,"column":76},"end":{"line":155,"column":7}},"line":126},"11":{"name":"(anonymous_11)","decl":{"start":{"line":127,"column":60},"end":{"line":127,"column":61}},"loc":{"start":{"line":127,"column":73},"end":{"line":129,"column":9}},"line":127}},"branchMap":{"0":{"loc":{"start":{"line":7,"column":168},"end":{"line":7,"column":198}},"type":"binary-expr","locations":[{"start":{"line":7,"column":168},"end":{"line":7,"column":189}},{"start":{"line":7,"column":193},"end":{"line":7,"column":198}}],"line":7},"1":{"loc":{"start":{"line":7,"column":232},"end":{"line":7,"column":286}},"type":"if","locations":[{"start":{"line":7,"column":232},"end":{"line":7,"column":286}},{"start":{"line":7,"column":232},"end":{"line":7,"column":286}}],"line":7},"2":{"loc":{"start":{"line":7,"column":407},"end":{"line":7,"column":475}},"type":"if","locations":[{"start":{"line":7,"column":407},"end":{"line":7,"column":475}},{"start":{"line":7,"column":407},"end":{"line":7,"column":475}}],"line":7},"3":{"loc":{"start":{"line":7,"column":476},"end":{"line":7,"column":536}},"type":"if","locations":[{"start":{"line":7,"column":476},"end":{"line":7,"column":536}},{"start":{"line":7,"column":476},"end":{"line":7,"column":536}}],"line":7},"4":{"loc":{"start":{"line":23,"column":46},"end":{"line":23,"column":92}},"type":"cond-expr","locations":[{"start":{"line":23,"column":70},"end":{"line":23,"column":73}},{"start":{"line":23,"column":76},"end":{"line":23,"column":92}}],"line":23},"5":{"loc":{"start":{"line":23,"column":46},"end":{"line":23,"column":67}},"type":"binary-expr","locations":[{"start":{"line":23,"column":46},"end":{"line":23,"column":49}},{"start":{"line":23,"column":53},"end":{"line":23,"column":67}}],"line":23},"6":{"loc":{"start":{"line":25,"column":50},"end":{"line":25,"column":151}},"type":"if","locations":[{"start":{"line":25,"column":50},"end":{"line":25,"column":151}},{"start":{"line":25,"column":50},"end":{"line":25,"column":151}}],"line":25},"7":{"loc":{"start":{"line":37,"column":6},"end":{"line":42,"column":7}},"type":"if","locations":[{"start":{"line":37,"column":6},"end":{"line":42,"column":7}},{"start":{"line":37,"column":6},"end":{"line":42,"column":7}}],"line":37},"8":{"loc":{"start":{"line":43,"column":6},"end":{"line":48,"column":7}},"type":"if","locations":[{"start":{"line":43,"column":6},"end":{"line":48,"column":7}},{"start":{"line":43,"column":6},"end":{"line":48,"column":7}}],"line":43},"9":{"loc":{"start":{"line":50,"column":6},"end":{"line":55,"column":7}},"type":"if","locations":[{"start":{"line":50,"column":6},"end":{"line":55,"column":7}},{"start":{"line":50,"column":6},"end":{"line":55,"column":7}}],"line":50},"10":{"loc":{"start":{"line":57,"column":8},"end":{"line":78,"column":9}},"type":"if","locations":[{"start":{"line":57,"column":8},"end":{"line":78,"column":9}},{"start":{"line":57,"column":8},"end":{"line":78,"column":9}}],"line":57},"11":{"loc":{"start":{"line":88,"column":6},"end":{"line":93,"column":7}},"type":"if","locations":[{"start":{"line":88,"column":6},"end":{"line":93,"column":7}},{"start":{"line":88,"column":6},"end":{"line":93,"column":7}}],"line":88},"12":{"loc":{"start":{"line":94,"column":6},"end":{"line":99,"column":7}},"type":"if","locations":[{"start":{"line":94,"column":6},"end":{"line":99,"column":7}},{"start":{"line":94,"column":6},"end":{"line":99,"column":7}}],"line":94},"13":{"loc":{"start":{"line":100,"column":6},"end":{"line":105,"column":7}},"type":"if","locations":[{"start":{"line":100,"column":6},"end":{"line":105,"column":7}},{"start":{"line":100,"column":6},"end":{"line":105,"column":7}}],"line":100},"14":{"loc":{"start":{"line":106,"column":6},"end":{"line":111,"column":7}},"type":"if","locations":[{"start":{"line":106,"column":6},"end":{"line":111,"column":7}},{"start":{"line":106,"column":6},"end":{"line":111,"column":7}}],"line":106},"15":{"loc":{"start":{"line":112,"column":6},"end":{"line":117,"column":7}},"type":"if","locations":[{"start":{"line":112,"column":6},"end":{"line":117,"column":7}},{"start":{"line":112,"column":6},"end":{"line":117,"column":7}}],"line":112},"16":{"loc":{"start":{"line":112,"column":10},"end":{"line":112,"column":85}},"type":"binary-expr","locations":[{"start":{"line":112,"column":10},"end":{"line":112,"column":35}},{"start":{"line":112,"column":39},"end":{"line":112,"column":85}}],"line":112},"17":{"loc":{"start":{"line":119,"column":6},"end":{"line":124,"column":7}},"type":"if","locations":[{"start":{"line":119,"column":6},"end":{"line":124,"column":7}},{"start":{"line":119,"column":6},"end":{"line":124,"column":7}}],"line":119}},"s":{"0":1,"1":1,"2":1,"3":1,"4":2,"5":2,"6":2,"7":2,"8":2,"9":2,"10":1,"11":1,"12":0,"13":1,"14":1,"15":1,"16":1,"17":1,"18":1,"19":1,"20":1,"21":1,"22":1,"23":3,"24":0,"25":0,"26":1,"27":1,"28":0,"29":1,"30":7,"31":2,"32":5,"33":1,"34":4,"35":4,"36":1,"37":3,"38":3,"39":2,"40":2,"41":1,"42":9,"43":2,"44":7,"45":1,"46":6,"47":1,"48":5,"49":1,"50":4,"51":2,"52":2,"53":2,"54":1,"55":1,"56":1,"57":3,"58":1,"59":1,"60":1,"61":1,"62":1,"63":1,"64":1},"f":{"0":1,"1":1,"2":1,"3":3,"4":0,"5":1,"6":0,"7":7,"8":3,"9":9,"10":1,"11":3},"b":{"0":[2,2],"1":[2,0],"2":[0,1],"3":[1,0],"4":[0,3],"5":[3,3],"6":[0,0],"7":[2,5],"8":[1,4],"9":[1,3],"10":[2,1],"11":[2,7],"12":[1,6],"13":[1,5],"14":[1,4],"15":[2,2],"16":[4,3],"17":[1,1]},"_coverageSchema":"43e27e138ebf9cfc5966b082cf9a028302ed4184","hash":"c298c467e3b7a6324825a8d59f2bc7da06d3fc23","contentHash":"338ace9c293f75c0d5ebceddc24598bed0628d8ab093612ed5fef32060fcd2a1"},"C:\\Users\\Adeola PC\\Desktop\\BootCamp\\Banka\\server\\build\\test\\routes\\account.spec.js":{"path":"C:\\Users\\Adeola PC\\Desktop\\BootCamp\\Banka\\server\\build\\test\\routes\\account.spec.js","statementMap":{"0":{"start":{"line":3,"column":12},"end":{"line":3,"column":27}},"1":{"start":{"line":5,"column":13},"end":{"line":5,"column":42}},"2":{"start":{"line":7,"column":16},"end":{"line":7,"column":36}},"3":{"start":{"line":9,"column":17},"end":{"line":9,"column":50}},"4":{"start":{"line":11,"column":11},"end":{"line":11,"column":31}},"5":{"start":{"line":13,"column":12},"end":{"line":13,"column":40}},"6":{"start":{"line":15,"column":39},"end":{"line":15,"column":93}},"7":{"start":{"line":17,"column":0},"end":{"line":17,"column":39}},"8":{"start":{"line":19,"column":0},"end":{"line":169,"column":3}},"9":{"start":{"line":20,"column":17},"end":{"line":20,"column":35}},"10":{"start":{"line":21,"column":2},"end":{"line":25,"column":5}},"11":{"start":{"line":22,"column":4},"end":{"line":24,"column":7}},"12":{"start":{"line":23,"column":6},"end":{"line":23,"column":53}},"13":{"start":{"line":27,"column":2},"end":{"line":40,"column":5}},"14":{"start":{"line":28,"column":4},"end":{"line":39,"column":7}},"15":{"start":{"line":37,"column":6},"end":{"line":37,"column":54}},"16":{"start":{"line":38,"column":6},"end":{"line":38,"column":75}},"17":{"start":{"line":42,"column":2},"end":{"line":55,"column":5}},"18":{"start":{"line":43,"column":4},"end":{"line":54,"column":7}},"19":{"start":{"line":52,"column":6},"end":{"line":52,"column":54}},"20":{"start":{"line":53,"column":6},"end":{"line":53,"column":82}},"21":{"start":{"line":57,"column":2},"end":{"line":70,"column":5}},"22":{"start":{"line":58,"column":4},"end":{"line":69,"column":7}},"23":{"start":{"line":67,"column":6},"end":{"line":67,"column":54}},"24":{"start":{"line":68,"column":6},"end":{"line":68,"column":80}},"25":{"start":{"line":72,"column":2},"end":{"line":85,"column":5}},"26":{"start":{"line":73,"column":4},"end":{"line":84,"column":7}},"27":{"start":{"line":82,"column":6},"end":{"line":82,"column":54}},"28":{"start":{"line":83,"column":6},"end":{"line":83,"column":79}},"29":{"start":{"line":87,"column":2},"end":{"line":100,"column":5}},"30":{"start":{"line":88,"column":4},"end":{"line":99,"column":7}},"31":{"start":{"line":97,"column":6},"end":{"line":97,"column":54}},"32":{"start":{"line":98,"column":6},"end":{"line":98,"column":83}},"33":{"start":{"line":102,"column":2},"end":{"line":115,"column":5}},"34":{"start":{"line":103,"column":4},"end":{"line":114,"column":7}},"35":{"start":{"line":112,"column":6},"end":{"line":112,"column":54}},"36":{"start":{"line":113,"column":6},"end":{"line":113,"column":77}},"37":{"start":{"line":117,"column":2},"end":{"line":130,"column":5}},"38":{"start":{"line":118,"column":4},"end":{"line":129,"column":7}},"39":{"start":{"line":127,"column":6},"end":{"line":127,"column":54}},"40":{"start":{"line":128,"column":6},"end":{"line":128,"column":82}},"41":{"start":{"line":132,"column":2},"end":{"line":145,"column":5}},"42":{"start":{"line":133,"column":4},"end":{"line":144,"column":7}},"43":{"start":{"line":142,"column":6},"end":{"line":142,"column":54}},"44":{"start":{"line":143,"column":6},"end":{"line":143,"column":85}},"45":{"start":{"line":146,"column":2},"end":{"line":168,"column":5}},"46":{"start":{"line":147,"column":18},"end":{"line":156,"column":5}},"47":{"start":{"line":157,"column":4},"end":{"line":167,"column":7}},"48":{"start":{"line":158,"column":6},"end":{"line":158,"column":54}},"49":{"start":{"line":159,"column":6},"end":{"line":159,"column":58}},"50":{"start":{"line":160,"column":6},"end":{"line":160,"column":54}},"51":{"start":{"line":161,"column":6},"end":{"line":161,"column":62}},"52":{"start":{"line":162,"column":6},"end":{"line":162,"column":78}},"53":{"start":{"line":163,"column":6},"end":{"line":163,"column":70}},"54":{"start":{"line":164,"column":6},"end":{"line":164,"column":67}},"55":{"start":{"line":165,"column":6},"end":{"line":165,"column":71}},"56":{"start":{"line":166,"column":6},"end":{"line":166,"column":74}},"57":{"start":{"line":171,"column":20},"end":{"line":171,"column":32}},"58":{"start":{"line":172,"column":21},"end":{"line":172,"column":31}},"59":{"start":{"line":173,"column":19},"end":{"line":173,"column":28}},"60":{"start":{"line":175,"column":0},"end":{"line":189,"column":3}},"61":{"start":{"line":176,"column":2},"end":{"line":181,"column":5}},"62":{"start":{"line":177,"column":4},"end":{"line":180,"column":7}},"63":{"start":{"line":178,"column":6},"end":{"line":178,"column":54}},"64":{"start":{"line":179,"column":6},"end":{"line":179,"column":70}},"65":{"start":{"line":183,"column":2},"end":{"line":188,"column":5}},"66":{"start":{"line":184,"column":4},"end":{"line":187,"column":7}},"67":{"start":{"line":185,"column":6},"end":{"line":185,"column":54}},"68":{"start":{"line":186,"column":6},"end":{"line":186,"column":80}},"69":{"start":{"line":191,"column":0},"end":{"line":205,"column":3}},"70":{"start":{"line":192,"column":2},"end":{"line":197,"column":5}},"71":{"start":{"line":193,"column":4},"end":{"line":196,"column":7}},"72":{"start":{"line":194,"column":6},"end":{"line":194,"column":54}},"73":{"start":{"line":195,"column":6},"end":{"line":195,"column":71}},"74":{"start":{"line":199,"column":2},"end":{"line":204,"column":5}},"75":{"start":{"line":200,"column":4},"end":{"line":203,"column":7}},"76":{"start":{"line":201,"column":6},"end":{"line":201,"column":54}},"77":{"start":{"line":202,"column":6},"end":{"line":202,"column":80}},"78":{"start":{"line":207,"column":0},"end":{"line":222,"column":3}},"79":{"start":{"line":208,"column":2},"end":{"line":213,"column":5}},"80":{"start":{"line":209,"column":4},"end":{"line":212,"column":7}},"81":{"start":{"line":210,"column":6},"end":{"line":210,"column":54}},"82":{"start":{"line":211,"column":6},"end":{"line":211,"column":77}},"83":{"start":{"line":215,"column":2},"end":{"line":221,"column":5}},"84":{"start":{"line":216,"column":4},"end":{"line":220,"column":7}},"85":{"start":{"line":217,"column":6},"end":{"line":217,"column":54}},"86":{"start":{"line":219,"column":6},"end":{"line":219,"column":87}}},"fnMap":{"0":{"name":"_interopRequireDefault","decl":{"start":{"line":15,"column":9},"end":{"line":15,"column":31}},"loc":{"start":{"line":15,"column":37},"end":{"line":15,"column":95}},"line":15},"1":{"name":"(anonymous_1)","decl":{"start":{"line":19,"column":32},"end":{"line":19,"column":33}},"loc":{"start":{"line":19,"column":44},"end":{"line":169,"column":1}},"line":19},"2":{"name":"(anonymous_2)","decl":{"start":{"line":21,"column":62},"end":{"line":21,"column":63}},"loc":{"start":{"line":21,"column":74},"end":{"line":25,"column":3}},"line":21},"3":{"name":"(anonymous_3)","decl":{"start":{"line":22,"column":70},"end":{"line":22,"column":71}},"loc":{"start":{"line":22,"column":95},"end":{"line":24,"column":5}},"line":22},"4":{"name":"(anonymous_4)","decl":{"start":{"line":27,"column":65},"end":{"line":27,"column":66}},"loc":{"start":{"line":27,"column":77},"end":{"line":40,"column":3}},"line":27},"5":{"name":"(anonymous_5)","decl":{"start":{"line":36,"column":11},"end":{"line":36,"column":12}},"loc":{"start":{"line":36,"column":36},"end":{"line":39,"column":5}},"line":36},"6":{"name":"(anonymous_6)","decl":{"start":{"line":42,"column":72},"end":{"line":42,"column":73}},"loc":{"start":{"line":42,"column":84},"end":{"line":55,"column":3}},"line":42},"7":{"name":"(anonymous_7)","decl":{"start":{"line":51,"column":11},"end":{"line":51,"column":12}},"loc":{"start":{"line":51,"column":36},"end":{"line":54,"column":5}},"line":51},"8":{"name":"(anonymous_8)","decl":{"start":{"line":57,"column":70},"end":{"line":57,"column":71}},"loc":{"start":{"line":57,"column":82},"end":{"line":70,"column":3}},"line":57},"9":{"name":"(anonymous_9)","decl":{"start":{"line":66,"column":11},"end":{"line":66,"column":12}},"loc":{"start":{"line":66,"column":36},"end":{"line":69,"column":5}},"line":66},"10":{"name":"(anonymous_10)","decl":{"start":{"line":72,"column":69},"end":{"line":72,"column":70}},"loc":{"start":{"line":72,"column":81},"end":{"line":85,"column":3}},"line":72},"11":{"name":"(anonymous_11)","decl":{"start":{"line":81,"column":11},"end":{"line":81,"column":12}},"loc":{"start":{"line":81,"column":36},"end":{"line":84,"column":5}},"line":81},"12":{"name":"(anonymous_12)","decl":{"start":{"line":87,"column":73},"end":{"line":87,"column":74}},"loc":{"start":{"line":87,"column":85},"end":{"line":100,"column":3}},"line":87},"13":{"name":"(anonymous_13)","decl":{"start":{"line":96,"column":11},"end":{"line":96,"column":12}},"loc":{"start":{"line":96,"column":36},"end":{"line":99,"column":5}},"line":96},"14":{"name":"(anonymous_14)","decl":{"start":{"line":102,"column":67},"end":{"line":102,"column":68}},"loc":{"start":{"line":102,"column":79},"end":{"line":115,"column":3}},"line":102},"15":{"name":"(anonymous_15)","decl":{"start":{"line":111,"column":11},"end":{"line":111,"column":12}},"loc":{"start":{"line":111,"column":36},"end":{"line":114,"column":5}},"line":111},"16":{"name":"(anonymous_16)","decl":{"start":{"line":117,"column":72},"end":{"line":117,"column":73}},"loc":{"start":{"line":117,"column":84},"end":{"line":130,"column":3}},"line":117},"17":{"name":"(anonymous_17)","decl":{"start":{"line":126,"column":11},"end":{"line":126,"column":12}},"loc":{"start":{"line":126,"column":36},"end":{"line":129,"column":5}},"line":126},"18":{"name":"(anonymous_18)","decl":{"start":{"line":132,"column":75},"end":{"line":132,"column":76}},"loc":{"start":{"line":132,"column":87},"end":{"line":145,"column":3}},"line":132},"19":{"name":"(anonymous_19)","decl":{"start":{"line":141,"column":11},"end":{"line":141,"column":12}},"loc":{"start":{"line":141,"column":36},"end":{"line":144,"column":5}},"line":141},"20":{"name":"(anonymous_20)","decl":{"start":{"line":146,"column":66},"end":{"line":146,"column":67}},"loc":{"start":{"line":146,"column":78},"end":{"line":168,"column":3}},"line":146},"21":{"name":"(anonymous_21)","decl":{"start":{"line":157,"column":75},"end":{"line":157,"column":76}},"loc":{"start":{"line":157,"column":100},"end":{"line":167,"column":5}},"line":157},"22":{"name":"(anonymous_22)","decl":{"start":{"line":175,"column":34},"end":{"line":175,"column":35}},"loc":{"start":{"line":175,"column":46},"end":{"line":189,"column":1}},"line":175},"23":{"name":"(anonymous_23)","decl":{"start":{"line":176,"column":62},"end":{"line":176,"column":63}},"loc":{"start":{"line":176,"column":74},"end":{"line":181,"column":3}},"line":176},"24":{"name":"(anonymous_24)","decl":{"start":{"line":177,"column":90},"end":{"line":177,"column":91}},"loc":{"start":{"line":177,"column":115},"end":{"line":180,"column":5}},"line":177},"25":{"name":"(anonymous_25)","decl":{"start":{"line":183,"column":57},"end":{"line":183,"column":58}},"loc":{"start":{"line":183,"column":69},"end":{"line":188,"column":3}},"line":183},"26":{"name":"(anonymous_26)","decl":{"start":{"line":184,"column":88},"end":{"line":184,"column":89}},"loc":{"start":{"line":184,"column":113},"end":{"line":187,"column":5}},"line":184},"27":{"name":"(anonymous_27)","decl":{"start":{"line":191,"column":36},"end":{"line":191,"column":37}},"loc":{"start":{"line":191,"column":48},"end":{"line":205,"column":1}},"line":191},"28":{"name":"(anonymous_28)","decl":{"start":{"line":192,"column":62},"end":{"line":192,"column":63}},"loc":{"start":{"line":192,"column":74},"end":{"line":197,"column":3}},"line":192},"29":{"name":"(anonymous_29)","decl":{"start":{"line":193,"column":89},"end":{"line":193,"column":90}},"loc":{"start":{"line":193,"column":114},"end":{"line":196,"column":5}},"line":193},"30":{"name":"(anonymous_30)","decl":{"start":{"line":199,"column":59},"end":{"line":199,"column":60}},"loc":{"start":{"line":199,"column":71},"end":{"line":204,"column":3}},"line":199},"31":{"name":"(anonymous_31)","decl":{"start":{"line":200,"column":88},"end":{"line":200,"column":89}},"loc":{"start":{"line":200,"column":113},"end":{"line":203,"column":5}},"line":200},"32":{"name":"(anonymous_32)","decl":{"start":{"line":207,"column":32},"end":{"line":207,"column":33}},"loc":{"start":{"line":207,"column":44},"end":{"line":222,"column":1}},"line":207},"33":{"name":"(anonymous_33)","decl":{"start":{"line":208,"column":55},"end":{"line":208,"column":56}},"loc":{"start":{"line":208,"column":67},"end":{"line":213,"column":3}},"line":208},"34":{"name":"(anonymous_34)","decl":{"start":{"line":209,"column":89},"end":{"line":209,"column":90}},"loc":{"start":{"line":209,"column":114},"end":{"line":212,"column":5}},"line":209},"35":{"name":"(anonymous_35)","decl":{"start":{"line":215,"column":57},"end":{"line":215,"column":58}},"loc":{"start":{"line":215,"column":69},"end":{"line":221,"column":3}},"line":215},"36":{"name":"(anonymous_36)","decl":{"start":{"line":216,"column":91},"end":{"line":216,"column":92}},"loc":{"start":{"line":216,"column":116},"end":{"line":220,"column":5}},"line":216}},"branchMap":{"0":{"loc":{"start":{"line":15,"column":46},"end":{"line":15,"column":92}},"type":"cond-expr","locations":[{"start":{"line":15,"column":70},"end":{"line":15,"column":73}},{"start":{"line":15,"column":76},"end":{"line":15,"column":92}}],"line":15},"1":{"loc":{"start":{"line":15,"column":46},"end":{"line":15,"column":67}},"type":"binary-expr","locations":[{"start":{"line":15,"column":46},"end":{"line":15,"column":49}},{"start":{"line":15,"column":53},"end":{"line":15,"column":67}}],"line":15}},"s":{"0":1,"1":1,"2":1,"3":1,"4":1,"5":1,"6":3,"7":1,"8":1,"9":1,"10":1,"11":1,"12":1,"13":1,"14":1,"15":1,"16":1,"17":1,"18":1,"19":1,"20":1,"21":1,"22":1,"23":1,"24":1,"25":1,"26":1,"27":1,"28":1,"29":1,"30":1,"31":1,"32":1,"33":1,"34":1,"35":1,"36":1,"37":1,"38":1,"39":1,"40":1,"41":1,"42":1,"43":1,"44":1,"45":1,"46":1,"47":1,"48":1,"49":1,"50":1,"51":1,"52":1,"53":1,"54":1,"55":1,"56":1,"57":1,"58":1,"59":1,"60":1,"61":1,"62":1,"63":1,"64":1,"65":1,"66":1,"67":1,"68":1,"69":1,"70":1,"71":1,"72":1,"73":1,"74":1,"75":1,"76":1,"77":1,"78":1,"79":1,"80":1,"81":1,"82":1,"83":1,"84":1,"85":1,"86":1},"f":{"0":3,"1":1,"2":1,"3":1,"4":1,"5":1,"6":1,"7":1,"8":1,"9":1,"10":1,"11":1,"12":1,"13":1,"14":1,"15":1,"16":1,"17":1,"18":1,"19":1,"20":1,"21":1,"22":1,"23":1,"24":1,"25":1,"26":1,"27":1,"28":1,"29":1,"30":1,"31":1,"32":1,"33":1,"34":1,"35":1,"36":1},"b":{"0":[1,2],"1":[3,3]},"_coverageSchema":"43e27e138ebf9cfc5966b082cf9a028302ed4184","hash":"9d28e497ffbf59d73777e19bfbe1ecdae8ea0554","contentHash":"e7065df18a9f5b2f1484b0c6b81e3b63b166c86e58089aa95bccbdaa88ec07c6"},"C:\\Users\\Adeola PC\\Desktop\\BootCamp\\Banka\\server\\build\\test\\routes\\index.spec.js":{"path":"C:\\Users\\Adeola PC\\Desktop\\BootCamp\\Banka\\server\\build\\test\\routes\\index.spec.js","statementMap":{"0":{"start":{"line":3,"column":12},"end":{"line":3,"column":27}},"1":{"start":{"line":5,"column":13},"end":{"line":5,"column":42}},"2":{"start":{"line":7,"column":16},"end":{"line":7,"column":36}},"3":{"start":{"line":9,"column":17},"end":{"line":9,"column":50}},"4":{"start":{"line":11,"column":20},"end":{"line":11,"column":61}},"5":{"start":{"line":13,"column":21},"end":{"line":13,"column":58}},"6":{"start":{"line":15,"column":11},"end":{"line":15,"column":31}},"7":{"start":{"line":17,"column":12},"end":{"line":17,"column":40}},"8":{"start":{"line":19,"column":39},"end":{"line":19,"column":93}},"9":{"start":{"line":21,"column":0},"end":{"line":21,"column":39}},"10":{"start":{"line":26,"column":0},"end":{"line":89,"column":3}},"11":{"start":{"line":27,"column":17},"end":{"line":27,"column":38}},"12":{"start":{"line":28,"column":2},"end":{"line":32,"column":5}},"13":{"start":{"line":29,"column":4},"end":{"line":31,"column":7}},"14":{"start":{"line":30,"column":6},"end":{"line":30,"column":53}},"15":{"start":{"line":34,"column":2},"end":{"line":41,"column":5}},"16":{"start":{"line":35,"column":4},"end":{"line":40,"column":7}},"17":{"start":{"line":38,"column":6},"end":{"line":38,"column":53}},"18":{"start":{"line":39,"column":6},"end":{"line":39,"column":75}},"19":{"start":{"line":43,"column":2},"end":{"line":50,"column":5}},"20":{"start":{"line":44,"column":4},"end":{"line":49,"column":7}},"21":{"start":{"line":47,"column":6},"end":{"line":47,"column":53}},"22":{"start":{"line":48,"column":6},"end":{"line":48,"column":78}},"23":{"start":{"line":52,"column":2},"end":{"line":61,"column":5}},"24":{"start":{"line":53,"column":4},"end":{"line":60,"column":7}},"25":{"start":{"line":58,"column":6},"end":{"line":58,"column":53}},"26":{"start":{"line":59,"column":6},"end":{"line":59,"column":64}},"27":{"start":{"line":62,"column":2},"end":{"line":70,"column":5}},"28":{"start":{"line":63,"column":4},"end":{"line":69,"column":7}},"29":{"start":{"line":67,"column":6},"end":{"line":67,"column":53}},"30":{"start":{"line":68,"column":6},"end":{"line":68,"column":69}},"31":{"start":{"line":71,"column":2},"end":{"line":79,"column":5}},"32":{"start":{"line":72,"column":4},"end":{"line":78,"column":7}},"33":{"start":{"line":76,"column":6},"end":{"line":76,"column":53}},"34":{"start":{"line":77,"column":6},"end":{"line":77,"column":69}},"35":{"start":{"line":80,"column":2},"end":{"line":88,"column":5}},"36":{"start":{"line":81,"column":4},"end":{"line":87,"column":7}},"37":{"start":{"line":85,"column":6},"end":{"line":85,"column":53}},"38":{"start":{"line":86,"column":6},"end":{"line":86,"column":70}},"39":{"start":{"line":91,"column":0},"end":{"line":198,"column":3}},"40":{"start":{"line":92,"column":17},"end":{"line":92,"column":38}},"41":{"start":{"line":93,"column":2},"end":{"line":97,"column":5}},"42":{"start":{"line":94,"column":4},"end":{"line":96,"column":7}},"43":{"start":{"line":95,"column":6},"end":{"line":95,"column":53}},"44":{"start":{"line":99,"column":2},"end":{"line":109,"column":5}},"45":{"start":{"line":100,"column":4},"end":{"line":108,"column":7}},"46":{"start":{"line":106,"column":6},"
[...]
31,"column":6},"end":{"line":131,"column":53}},"55":{"start":{"line":132,"column":6},"end":{"line":132,"column":78}},"56":{"start":{"line":136,"column":2},"end":{"line":146,"column":5}},"57":{"start":{"line":137,"column":4},"end":{"line":145,"column":7}},"58":{"start":{"line":143,"column":6},"end":{"line":143,"column":53}},"59":{"start":{"line":144,"column":6},"end":{"line":144,"column":80}},"60":{"start":{"line":148,"column":2},"end":{"line":158,"column":5}},"61":{"start":{"line":149,"column":4},"end":{"line":157,"column":7}},"62":{"start":{"line":155,"column":6},"end":{"line":155,"column":53}},"63":{"start":{"line":156,"column":6},"end":{"line":156,"column":79}},"64":{"start":{"line":160,"column":2},"end":{"line":171,"column":5}},"65":{"start":{"line":161,"column":4},"end":{"line":170,"column":7}},"66":{"start":{"line":168,"column":6},"end":{"line":168,"column":53}},"67":{"start":{"line":169,"column":6},"end":{"line":169,"column":80}},"68":{"start":{"line":173,"column":2},"end":{"line":183,"column":5}},"69":{"start":{"line":174,"column":4},"end":{"line":182,"column":7}},"70":{"start":{"line":180,"column":6},"end":{"line":180,"column":53}},"71":{"start":{"line":181,"column":6},"end":{"line":181,"column":80}},"72":{"start":{"line":185,"column":2},"end":{"line":197,"column":5}},"73":{"start":{"line":186,"column":4},"end":{"line":196,"column":7}},"74":{"start":{"line":193,"column":6},"end":{"line":193,"column":54}},"75":{"start":{"line":194,"column":6},"end":{"line":194,"column":70}},"76":{"start":{"line":195,"column":6},"end":{"line":195,"column":67}}},"fnMap":{"0":{"name":"_interopRequireDefault","decl":{"start":{"line":19,"column":9},"end":{"line":19,"column":31}},"loc":{"start":{"line":19,"column":37},"end":{"line":19,"column":95}},"line":19},"1":{"name":"(anonymous_1)","decl":{"start":{"line":26,"column":25},"end":{"line":26,"column":26}},"loc":{"start":{"line":26,"column":37},"end":{"line":89,"column":1}},"line":26},"2":{"name":"(anonymous_2)","decl":{"start":{"line":28,"column":61},"end":{"line":28,"column":62}},"loc":{"start":{"line":28,"column":73},"end":{"line":32,"column":3}},"line":28},"3":{"name":"(anonymous_3)","decl":{"start":{"line":29,"column":173},"end":{"line":29,"column":174}},"loc":{"start":{"line":29,"column":198},"end":{"line":31,"column":5}},"line":29},"4":{"name":"(anonymous_4)","decl":{"start":{"line":34,"column":58},"end":{"line":34,"column":59}},"loc":{"start":{"line":34,"column":70},"end":{"line":41,"column":3}},"line":34},"5":{"name":"(anonymous_5)","decl":{"start":{"line":37,"column":11},"end":{"line":37,"column":12}},"loc":{"start":{"line":37,"column":38},"end":{"line":40,"column":5}},"line":37},"6":{"name":"(anonymous_6)","decl":{"start":{"line":43,"column":61},"end":{"line":43,"column":62}},"loc":{"start":{"line":43,"column":73},"end":{"line":50,"column":3}},"line":43},"7":{"name":"(anonymous_7)","decl":{"start":{"line":46,"column":11},"end":{"line":46,"column":12}},"loc":{"start":{"line":46,"column":38},"end":{"line":49,"column":5}},"line":46},"8":{"name":"(anonymous_8)","decl":{"start":{"line":52,"column":63},"end":{"line":52,"column":64}},"loc":{"start":{"line":52,"column":75},"end":{"line":61,"column":3}},"line":52},"9":{"name":"(anonymous_9)","decl":{"start":{"line":56,"column":11},"end":{"line":56,"column":12}},"loc":{"start":{"line":56,"column":38},"end":{"line":60,"column":5}},"line":56},"10":{"name":"(anonymous_10)","decl":{"start":{"line":62,"column":61},"end":{"line":62,"column":62}},"loc":{"start":{"line":62,"column":73},"end":{"line":70,"column":3}},"line":62},"11":{"name":"(anonymous_11)","decl":{"start":{"line":66,"column":11},"end":{"line":66,"column":12}},"loc":{"start":{"line":66,"column":38},"end":{"line":69,"column":5}},"line":66},"12":{"name":"(anonymous_12)","decl":{"start":{"line":71,"column":68},"end":{"line":71,"column":69}},"loc":{"start":{"line":71,"column":80},"end":{"line":79,"column":3}},"line":71},"13":{"name":"(anonymous_13)","decl":{"start":{"line":75,"column":11},"end":{"line":75,"column":12}},"loc":{"start":{"line":75,"column":38},"end":{"line":78,"column":5}},"line":75},"14":{"name":"(anonymous_14)","decl":{"start":{"line":80,"column":30},"end":{"line":80,"column":31}},"loc":{"start":{"line":80,"column":42},"end":{"line":88,"column":3}},"line":80},"15":{"name":"(anonymous_15)","decl":{"start":{"line":84,"column":11},"end":{"line":84,"column":12}},"loc":{"start":{"line":84,"column":38},"end":{"line":87,"column":5}},"line":84},"16":{"name":"(anonymous_16)","decl":{"start":{"line":91,"column":25},"end":{"line":91,"column":26}},"loc":{"start":{"line":91,"column":37},"end":{"line":198,"column":1}},"line":91},"17":{"name":"(anonymous_17)","decl":{"start":{"line":93,"column":62},"end":{"line":93,"column":63}},"loc":{"start":{"line":93,"column":74},"end":{"line":97,"column":3}},"line":93},"18":{"name":"(anonymous_18)","decl":{"start":{"line":94,"column":70},"end":{"line":94,"column":71}},"loc":{"start":{"line":94,"column":97},"end":{"line":96,"column":5}},"line":94},"19":{"name":"(anonymous_19)","decl":{"start":{"line":99,"column":61},"end":{"line":99,"column":62}},"loc":{"start":{"line":99,"column":73},"end":{"line":109,"column":3}},"line":99},"20":{"name":"(anonymous_20)","decl":{"start":{"line":105,"column":11},"end":{"line":105,"column":12}},"loc":{"start":{"line":105,"column":38},"end":{"line":108,"column":5}},"line":105},"21":{"name":"(anonymous_21)","decl":{"start":{"line":111,"column":64},"end":{"line":111,"column":65}},"loc":{"start":{"line":111,"column":76},"end":{"line":122,"column":3}},"line":111},"22":{"name":"(anonymous_22)","decl":{"start":{"line":118,"column":11},"end":{"line":118,"column":12}},"loc":{"start":{"line":118,"column":38},"end":{"line":121,"column":5}},"line":118},"23":{"name":"(anonymous_23)","decl":{"start":{"line":124,"column":64},"end":{"line":124,"column":65}},"loc":{"start":{"line":124,"column":76},"end":{"line":134,"column":3}},"line":124},"24":{"name":"(anonymous_24)","decl":{"start":{"line":130,"column":11},"end":{"line":130,"column":12}},"loc":{"start":{"line":130,"column":38},"end":{"line":133,"column":5}},"line":130},"25":{"name":"(anonymous_25)","decl":{"start":{"line":136,"column":66},"end":{"line":136,"column":67}},"loc":{"start":{"line":136,"column":78},"end":{"line":146,"column":3}},"line":136},"26":{"name":"(anonymous_26)","decl":{"start":{"line":142,"column":11},"end":{"line":142,"column":12}},"loc":{"start":{"line":142,"column":38},"end":{"line":145,"column":5}},"line":142},"27":{"name":"(anonymous_27)","decl":{"start":{"line":148,"column":65},"end":{"line":148,"column":66}},"loc":{"start":{"line":148,"column":77},"end":{"line":158,"column":3}},"line":148},"28":{"name":"(anonymous_28)","decl":{"start":{"line":154,"column":11},"end":{"line":154,"column":12}},"loc":{"start":{"line":154,"column":38},"end":{"line":157,"column":5}},"line":154},"29":{"name":"(anonymous_29)","decl":{"start":{"line":160,"column":69},"end":{"line":160,"column":70}},"loc":{"start":{"line":160,"column":81},"end":{"line":171,"column":3}},"line":160},"30":{"name":"(anonymous_30)","decl":{"start":{"line":167,"column":11},"end":{"line":167,"column":12}},"loc":{"start":{"line":167,"column":38},"end":{"line":170,"column":5}},"line":167},"31":{"name":"(anonymous_31)","decl":{"start":{"line":173,"column":74},"end":{"line":173,"column":75}},"loc":{"start":{"line":173,"column":86},"end":{"line":183,"column":3}},"line":173},"32":{"name":"(anonymous_32)","decl":{"start":{"line":179,"column":11},"end":{"line":179,"column":12}},"loc":{"start":{"line":179,"column":38},"end":{"line":182,"column":5}},"line":179},"33":{"name":"(anonymous_33)","decl":{"start":{"line":185,"column":70},"end":{"line":185,"column":71}},"loc":{"start":{"line":185,"column":82},"end":{"line":197,"column":3}},"line":185},"34":{"name":"(anonymous_34)","decl":{"start":{"line":192,"column":11},"end":{"line":192,"column":12}},"loc":{"start":{"line":192,"column":38},"end":{"line":196,"column":5}},"line":192}},"branchMap":{"0":{"loc":{"start":{"line":19,"column":46},"end":{"line":19,"column":92}},"type":"cond-expr","locations":[{"start":{"line":19,"column":70},"end":{"line":19,"column":73}},{"start":{"line":19,"column":76},"end":{"line":19,"column":92}}],"line":19},"1":{"loc":{"start":{"line":19,"column":46},"end":{"line":19,"column":67}},"type":"binary-expr","locations":[{"start":{"line":19,"column":46},"end":{"line":19,"column":49}},{"start":{"line":19,"column":53},"end":{"line":19,"column":67}}],"line":19}},"s":{"0":1,"1":1,"2":1,"3":1,"4":1,"5":1,"6":1,"7":1,"8":4,"9":1,"10":1,"11":1,"12":1,"13":1,"14":1,"15":1,"16":1,"17":1,"18":1,"19":1,"20":1,"21":1,"22":1,"23":1,"24":1,"25":1,"26":1,"27":1,"28":1,"29":1,"30":1,"31":1,"32":1,"33":1,"34":1,"35":1,"36":1,"37":1,"38":1,"39":1,"40":1,"41":1,"42":1,"43":1,"44":1,"45":1,"46":1,"47":1,"48":1,"49":1,"50":1,"51":1,"52":1,"53":1,"54":1,"55":1,"56":1,"57":1,"58":1,"59":1,"60":1,"61":1,"62":1,"63":1,"64":1,"65":1,"66":1,"67":1,"68":1,"69":1,"70":1,"71":1,"72":1,"73":1,"74":1,"75":1,"76":1},"f":{"0":4,"1":1,"2":1,"3":1,"4":1,"5":1,"6":1,"7":1,"8":1,"9":1,"10":1,"11":1,"12":1,"13":1,"14":1,"15":1,"16":1,"17":1,"18":1,"19":1,"20":1,"21":1,"22":1,"23":1,"24":1,"25":1,"26":1,"27":1,"28":1,"29":1,"30":1,"31":1,"32":1,"33":1,"34":1},"b":{"0":[1,3],"1":[4,4]},"_coverageSchema":"43e27e138ebf9cfc5966b082cf9a028302ed4184","hash":"075d5077079064b5d16169117f0e76bc11fd60b1","contentHash":"8345a63a4d114fd9a0fc6aaed0886288dd90b342cb55ed48810a0cbe198003e8"},"C:\\Users\\Adeola PC\\Desktop\\BootCamp\\Banka\\server\\build\\test\\routes\\transaction.spec.js":{"path":"C:\\Users\\Adeola PC\\Desktop\\BootCamp\\Banka\\server\\build\\test\\routes\\transaction.spec.js","statementMap":{"0":{"start":{"line":3,"column":12},"end":{"line":3,"column":27}},"1":{"start":{"line":5,"column":13},"end":{"line":5,"column":42}},"2":{"start":{"line":7,"column":16},"end":{"line":7,"column":36}},"3":{"start":{"line":9,"column":17},"end":{"line":9,"column":50}},"4":{"start":{"line":11,"column":11},"end":{"line":11,"column":31}},"5":{"start":{"line":13,"column":12},"end":{"line":13,"column":40}},"6":{"start":{"line":15,"column":20},"end":{"line":15,"column":61}},"7":{"start":{"line":17,"column":21},"end":{"line":17,"column":58}},"8":{"start":{"line":19,"column":39},"end":{"line":19,"column":93}},"9":{"start":{"line":21,"column":0},"end":{"line":21,"column":39}},"10":{"start":{"line":23,"column":25},"end":{"line":23,"column":35}},"11":{"start":{"line":24,"column":25},"end":{"line":24,"column":35}},"12":{"start":{"line":25,"column":25},"end":{"line":25,"column":35}},"13":{"start":{"line":26,"column":14},"end":{"line":26,"column":87}},"14":{"start":{"line":28,"column":0},"end":{"line":93,"column":3}},"15":{"start":{"line":29,"column":2},"end":{"line":33,"column":5}},"16":{"start":{"line":30,"column":4},"end":{"line":32,"column":7}},"17":{"start":{"line":31,"column":6},"end":{"line":31,"column":54}},"18":{"start":{"line":35,"column":2},"end":{"line":48,"column":5}},"19":{"start":{"line":36,"column":4},"end":{"line":47,"column":7}},"20":{"start":{"line":41,"column":6},"end":{"line":41,"column":54}},"21":{"start":{"line":42,"column":6},"end":{"line":42,"column":87}},"22":{"start":{"line":43,"column":6},"end":{"line":43,"column":67}},"23":{"start":{"line":44,"column":6},"end":{"line":44,"column":74}},"24":{"start":{"line":45,"column":6},"end":{"line":45,"column":69}},"25":{"start":{"line":50,"column":2},"end":{"line":59,"column":5}},"26":{"start":{"line":51,"column":4},"end":{"line":58,"column":7}},"27":{"start":{"line":56,"column":6},"end":{"line":56,"column":54}},"28":{"start":{"line":57,"column":6},"end":{"line":57,"column":80}},"29":{"start":{"line":61,"column":2},"end":{"line":70,"column":5}},"30":{"start":{"line":62,"column":4},"end":{"line":69,"column":7}},"31":{"start":{"line":67,"column":6},"end":{"line":67,"column":54}},"32":{"start":{"line":68,"column":6},"end":{"line":68,"column":77}},"33":{"start":{"line":72,"column":2},"end":{"line":81,"column":5}},"34":{"start":{"line":73,"column":4},"end":{"line":80,"column":7}},"35":{"start":{"line":78,"column":6},"end":{"line":78,"column":54}},"36":{"start":{"line":79,"column":6},"end":{"line":79,"column":75}},"37":{"start":{"line":83,"column":2},"end":{"line":92,"column":5}},"38":{"start":{"line":84,"column":4},"end":{"line":91,"column":7}},"39":{"start":{"line":89,"column":6},"end":{"line":89,"column":54}},"40":{"start":{"line":90,"column":6},"end":{"line":90,"column":92}},"41":{"start":{"line":95,"column":0},"end":{"line":149,"column":3}},"42":{"start":{"line":96,"column":2},"end":{"line":100,"column":5}},"43":{"start":{"line":97,"column":4},"end":{"line":99,"column":7}},"44":{"start":{"line":98,"column":6},"end":{"line":98,"column":54}},"45":{"start":{"line":102,"column":2},"end":{"line":115,"column":5}},"46":{"start":{"line":103,"column":4},"end":{"line":114,"column":7}},"47":{"start":{"line":108,"column":6},"end":{"line":108,"column":54}},"48":{"start":{"line":109,"column":6},"end":{"line":109,"column":87}},"49":{"start":{"line":110,"column":6},"end":{"line":110,"column":67}},"50":{"start":{"line":111,"column":6},"end":{"line":111,"column":74}},"51":{"start":{"line":112,"column":6},"end":{"line":112,"column":69}},"52":{"start":{"line":117,"column":2},"end":{"line":126,"column":5}},"53":{"start":{"line":118,"column":4},"end":{"line":125,"column":7}},"54":{"start":{"line":123,"column":6},"end":{"line":123,"column":54}},"55":{"start":{"line":124,"column":6},"end":{"line":124,"column":75}},"56":{"start":{"line":128,"column":2},"end":{"line":137,"column":5}},"57":{"start":{"line":129,"column":4},"end":{"line":136,"column":7}},"58":{"start":{"line":134,"column":6},"end":{"line":134,"column":54}},"59":{"start":{"line":135,"column":6},"end":{"line":135,"column":77}},"60":{"start":{"line":139,"column":2},"end":{"line":148,"column":5}},"61":{"start":{"line":140,"column":4},"end":{"line":147,"column":7}},"62":{"start":{"line":145,"column":6},"end":{"line":145,"column":54}},"63":{"start":{"line":146,"column":6},"end":{"line":146,"column":80}}},"fnMap":{"0":{"name":"_interopRequireDefault","decl":{"start":{"line":19,"column":9},"end":{"line":19,"column":31}},"loc":{"start":{"line":19,"column":37},"end":{"line":19,"column":95}},"line":19},"1":{"name":"(anonymous_1)","decl":{"start":{"line":28,"column":31},"end":{"line":28,"column":32}},"loc":{"start":{"line":28,"column":43},"end":{"line":93,"column":1}},"line":28},"2":{"name":"(anonymous_2)","decl":{"start":{"line":29,"column":60},"end":{"line":29,"column":61}},"loc":{"start":{"line":29,"column":72},"end":{"line":33,"column":3}},"line":29},"3":{"name":"(anonymous_3)","decl":{"start":{"line":30,"column":117},"end":{"line":30,"column":118}},"loc":{"start":{"line":30,"column":144},"end":{"line":32,"column":5}},"line":30},"4":{"name":"(anonymous_4)","decl":{"start":{"line":35,"column":60},"end":{"line":35,"column":61}},"loc":{"start":{"line":35,"column":72},"end":{"line":48,"column":3}},"line":35},"5":{"name":"(anonymous_5)","decl":{"start":{"line":40,"column":11},"end":{"line":40,"column":12}},"loc":{"start":{"line":40,"column":38},"end":{"line":47,"column":5}},"line":40},"6":{"name":"(anonymous_6)","decl":{"start":{"line":50,"column":62},"end":{"line":50,"column":63}},"loc":{"start":{"line":50,"column":74},"end":{"line":59,"column":3}},"line":50},"7":{"name":"(anonymous_7)","decl":{"start":{"line":55,"column":11},"end":{"line":55,"column":12}},"loc":{"start":{"line":55,"column":38},"end":{"line":58,"column":5}},"line":55},"8":{"name":"(anonymous_8)","decl":{"start":{"line":61,"column":65},"end":{"line":61,"column":66}},"loc":{"start":{"line":61,"column":77},"end":{"line":70,"column":3}},"line":61},"9":{"name":"(anonymous_9)","decl":{"start":{"line":66,"column":11},"end":{"line":66,"column":12}},"loc":{"start":{"line":66,"column":38},"end":{"line":69,"column":5}},"line":66},"10":{"name":"(anonymous_10)","decl":{"start":{"line":72,"column":65},"end":{"line":72,"column":66}},"loc":{"start":{"line":72,"column":77},"end":{"line":81,"column":3}},"line":72},"11":{"name":"(anonymous_11)","decl":{"start":{"line":77,"column":11},"end":{"line":77,"column":12}},"loc":{"start":{"line":77,"column":38},"end":{"line":80,"column":5}},"line":77},"12":{"name":"(anonymous_12)","decl":{"start":{"line":83,"column":94},"end":{"line":83,"column":95}},"loc":{"start":{"line":83,"column":106},"end":{"line":92,"column":3}},"line":83},"13":{"name":"(anonymous_13)","decl":{"start":{"line":88,"column":11},"end":{"line":88,"column":12}},"loc":{"start":{"line":88,"column":38},"end":{"line":91,"column":5}},"line":88},"14":{"name":"(anonymous_14)","decl":{"start":{"line":95,"column":32},"end":{"line":95,"column":33}},"loc":{"start":{"line":95,"column":44},"end":{"line":149,"column":1}},"line":95},"15":{"name":"(anonymous_15)","decl":{"start":{"line":96,"column":61},"end":{"line":96,"column":62}},"loc":{"start":{"line":96,"column":73},"end":{"line":100,"column":3}},"line":96},"16":{"name":"(anonymous_16)","decl":{"start":{"line":97,"column":118},"end":{"line":97,"column":119}},"loc":{"start":{"line":97,"column":145},"end":{"line":99,"column":5}},"line":97},"17":{"name":"(anonymous_17)","decl":{"start":{"line":102,"column":61},"end":{"line":102,"column":62}},"loc":{"start":{"line":102,"column":73},"end":{"line":115,"column":3}},"line":102},"18":{"name":"(anonymous_18)","decl":{"start":{"line":107,"column":11},"end":{"line":107,"column":12}},"loc":{"start":{"line":107,"column":38},"end":{"line":114,"column":5}},"line":107},"19":{"name":"(anonymous_19)","decl":{"start":{"line":117,"column":65},"end":{"line":117,"column":66}},"loc":{"start":{"line":117,"column":77},"end":{"line":126,"column":3}},"line":117},"20":{"name":"(anonymous_20)","decl":{"start":{"line":122,"column":11},"end":{"line":122,"column":12}},"loc":{"start":{"line":122,"column":38},"end":{"line":125,"column":5}},"line":122},"21":{"name":"(anonymous_21)","decl":{"start":{"line":128,"column":65},"end":{"line":128,"column":66}},"loc":{"start":{"line":128,"column":77},"end":{"line":137,"column":3}},"line":128},"22":{"name":"(anonymous_22)","decl":{"start":{"line":133,"column":11},"end":{"line":133,"column":12}},"loc":{"start":{"line":133,"column":38},"end":{"line":136,"column":5}},"line":133},"23":{"name":"(anonymous_23)","decl":{"start":{"line":139,"column":66},"end":{"line":139,"column":67}},"loc":{"start":{"line":139,"column":78},"end":{"line":148,"column":3}},"line":139},"24":{"name":"(anonymous_24)","decl":{"start":{"line":144,"column":11},"end":{"line":144,"column":12}},"loc":{"start":{"line":144,"column":38},"end":{"line":147,"column":5}},"line":144}},"branchMap":{"0":{"loc":{"start":{"line":19,"column":46},"end":{"line":19,"column":92}},"type":"cond-expr","locations":[{"start":{"line":19,"column":70},"end":{"line":19,"column":73}},{"start":{"line":19,"column":76},"end":{"line":19,"column":92}}],"line":19},"1":{"loc":{"start":{"line":19,"column":46},"end":{"line":19,"column":67}},"type":"binary-expr","locations":[{"start":{"line":19,"column":46},"end":{"line":19,"column":49}},{"start":{"line":19,"column":53},"end":{"line":19,"column":67}}],"line":19}},"s":{"0":1,"1":1,"2":1,"3":1,"4":1,"5":1,"6":1,"7":1,"8":4,"9":1,"10":1,"11":1,"12":1,"13":1,"14":1,"15":1,"16":1,"17":1,"18":1,"19":1,"20":1,"21":1,"22":1,"23":1,"24":1,"25":1,"26":1,"27":1,"28":1,"29":1,"30":1,"31":1,"32":1,"33":1,"34":1,"35":1,"36":1,"37":1,"38":1,"39":1,"40":1,"41":1,"42":1,"43":1,"44":1,"45":1,"46":1,"47":1,"48":1,"49":1,"50":1,"51":1,"52":1,"53":1,"54":1,"55":1,"56":1,"57":1,"58":1,"59":1,"60":1,"61":1,"62":1,"63":1},"f":{"0":4,"1":1,"2":1,"3":1,"4":1,"5":1,"6":1,"7":1,"8":1,"9":1,"10":1,"11":1,"12":1,"13":1,"14":1,"15":1,"16":1,"17":1,"18":1,"19":1,"20":1,"21":1,"22":1,"23":1,"24":1},"b":{"0":[1,3],"1":[4,4]},"_coverageSchema":"43e27e138ebf9cfc5966b082cf9a028302ed4184","hash":"7a1b7a6b0965fd80e53515199187335885ef09d9","contentHash":"292d3ffb59dcf790a63a5034014809c28d7977280e32667d46bbba62bbb08c01"}}