{"C:\\Users\\Adeola PC\\Desktop\\BootCamp\\Banka\\server\\controllers\\dbController.js":{"path":"C:\\Users\\Adeola PC\\Desktop\\BootCamp\\Banka\\server\\controllers\\dbController.js","statementMap":{"0":{"start":{"line":3,"column":16},"end":{"line":3,"column":78}},"1":{"start":{"line":5,"column":10},"end":{"line":5,"column":60}},"2":{"start":{"line":7,"column":18},"end":{"line":7,"column":49}},"3":{"start":{"line":9,"column":39},"end":{"line":9,"column":95}},"4":{"start":{"line":11,"column":77},"end":{"line":11,"column":175}},"5":{"start":{"line":11,"column":94},"end":{"line":11,"column":107}},"6":{"start":{"line":11,"column":121},"end":{"line":11,"column":131}},"7":{"start":{"line":11,"column":151},"end":{"line":11,"column":165}},"8":{"start":{"line":11,"column":166},"end":{"line":11,"column":173}},"9":{"start":{"line":11,"column":176},"end":{"line":11,"column":263}},"10":{"start":{"line":11,"column":193},"end":{"line":11,"column":208}},"11":{"start":{"line":11,"column":218},"end":{"line":11,"column":261}},"12":{"start":{"line":13,"column":33},"end":{"line":13,"column":387}},"13":{"start":{"line":13,"column":65},"end":{"line":13,"column":69}},"14":{"start":{"line":13,"column":78},"end":{"line":13,"column":87}},"15":{"start":{"line":13,"column":89},"end":{"line":13,"column":384}},"16":{"start":{"line":13,"column":147},"end":{"line":13,"column":167}},"17":{"start":{"line":13,"column":193},"end":{"line":13,"column":264}},"18":{"start":{"line":13,"column":290},"end":{"line":13,"column":360}},"19":{"start":{"line":13,"column":363},"end":{"line":13,"column":380}},"20":{"start":{"line":15,"column":0},"end":{"line":586,"column":2}},"21":{"start":{"line":21,"column":4},"end":{"line":21,"column":71}},"22":{"start":{"line":29,"column":23},"end":{"line":48,"column":7}},"23":{"start":{"line":32,"column":6},"end":{"line":47,"column":18}},"24":{"start":{"line":33,"column":8},"end":{"line":46,"column":9}},"25":{"start":{"line":34,"column":10},"end":{"line":45,"column":11}},"26":{"start":{"line":36,"column":14},"end":{"line":36,"column":32}},"27":{"start":{"line":37,"column":14},"end":{"line":37,"column":81}},"28":{"start":{"line":40,"column":14},"end":{"line":40,"column":62}},"29":{"start":{"line":44,"column":14},"end":{"line":44,"column":37}},"30":{"start":{"line":51,"column":6},"end":{"line":51,"column":49}},"31":{"start":{"line":54,"column":4},"end":{"line":54,"column":23}},"32":{"start":{"line":62,"column":4},"end":{"line":62,"column":73}},"33":{"start":{"line":70,"column":4},"end":{"line":70,"column":72}},"34":{"start":{"line":79,"column":4},"end":{"line":79,"column":42}},"35":{"start":{"line":87,"column":4},"end":{"line":87,"column":134}},"36":{"start":{"line":87,"column":44},"end":{"line":87,"column":87}},"37":{"start":{"line":87,"column":92},"end":{"line":87,"column":134}},"38":{"start":{"line":95,"column":22},"end":{"line":119,"column":7}},"39":{"start":{"line":100,"column":6},"end":{"line":118,"column":19}},"40":{"start":{"line":101,"column":8},"end":{"line":117,"column":9}},"41":{"start":{"line":102,"column":10},"end":{"line":116,"column":11}},"42":{"start":{"line":104,"column":14},"end":{"line":105,"column":67}},"43":{"start":{"line":106,"column":14},"end":{"line":106,"column":33}},"44":{"start":{"line":107,"column":14},"end":{"line":107,"column":87}},"45":{"start":{"line":110,"column":14},"end":{"line":110,"column":35}},"46":{"start":{"line":111,"column":14},"end":{"line":111,"column":53}},"47":{"start":{"line":115,"column":14},"end":{"line":115,"column":38}},"48":{"start":{"line":122,"column":6},"end":{"line":122,"column":48}},"49":{"start":{"line":125,"column":4},"end":{"line":125,"column":22}},"50":{"start":{"line":135,"column":4},"end":{"line":137,"column":7}},"51":{"start":{"line":136,"column":6},"end":{"line":136,"column":34}},"52":{"start":{"line":140,"column":21},"end":{"line":167,"column":7}},"53":{"start":{"line":144,"column":6},"end":{"line":166,"column":19}},"54":{"start":{"line":145,"column":8},"end":{"line":165,"column":9}},"55":{"start":{"line":146,"column":10},"end":{"line":164,"column":11}},"56":{"start":{"line":148,"column":14},"end":{"line":148,"column":33}},"57":{"start":{"line":149,"column":14},"end":{"line":149,"column":92}},"58":{"start":{"line":152,"column":14},"end":{"line":152,"column":38}},"59":{"start":{"line":154,"column":14},"end":{"line":157,"column":15}},"60":{"start":{"line":155,"column":16},"end":{"line":155,"column":35}},"61":{"start":{"line":156,"column":16},"end":{"line":156,"column":22}},"62":{"start":{"line":159,"column":14},"end":{"line":159,"column":59}},"63":{"start":{"line":163,"column":14},"end":{"line":163,"column":38}},"64":{"start":{"line":170,"column":6},"end":{"line":170,"column":47}},"65":{"start":{"line":173,"column":4},"end":{"line":173,"column":21}},"66":{"start":{"line":176,"column":4},"end":{"line":178,"column":7}},"67":{"start":{"line":177,"column":6},"end":{"line":177,"column":34}},"68":{"start":{"line":186,"column":25},"end":{"line":213,"column":7}},"69":{"start":{"line":190,"column":6},"end":{"line":212,"column":19}},"70":{"start":{"line":191,"column":8},"end":{"line":211,"column":9}},"71":{"start":{"line":192,"column":10},"end":{"line":210,"column":11}},"72":{"start":{"line":194,"column":14},"end":{"line":198,"column":23}},"73":{"start":{"line":200,"column":14},"end":{"line":200,"column":33}},"74":{"start":{"line":201,"column":14},"end":{"line":201,"column":97}},"75":{"start":{"line":204,"column":14},"end":{"line":204,"column":35}},"76":{"start":{"line":205,"column":14},"end":{"line":205,"column":53}},"77":{"start":{"line":209,"column":14},"end":{"line":209,"column":38}},"78":{"start":{"line":216,"column":6},"end":{"line":216,"column":51}},"79":{"start":{"line":219,"column":4},"end":{"line":219,"column":25}},"80":{"start":{"line":228,"column":4},"end":{"line":230,"column":7}},"81":{"start":{"line":229,"column":6},"end":{"line":229,"column":35}},"82":{"start":{"line":242,"column":23},"end":{"line":263,"column":7}},"83":{"start":{"line":246,"column":6},"end":{"line":262,"column":19}},"84":{"start":{"line":247,"column":8},"end":{"line":261,"column":9}},"85":{"start":{"line":248,"column":10},"end":{"line":260,"column":11}},"86":{"start":{"line":250,"column":14},"end":{"line":250,"column":33}},"87":{"start":{"line":251,"column":14},"end":{"line":251,"column":96}},"88":{"start":{"line":254,"column":14},"end":{"line":254,"column":35}},"89":{"start":{"line":255,"column":14},"end":{"line":255,"column":53}},"90":{"start":{"line":259,"column":14},"end":{"line":259,"column":38}},"91":{"start":{"line":266,"column":6},"end":{"line":266,"column":49}},"92":{"start":{"line":269,"column":4},"end":{"line":269,"column":23}},"93":{"start":{"line":278,"column":38},"end":{"line":299,"column":7}},"94":{"start":{"line":282,"column":6},"end":{"line":298,"column":19}},"95":{"start":{"line":283,"column":8},"end":{"line":297,"column":9}},"96":{"start":{"line":284,"column":10},"end":{"line":296,"column":11}},"97":{"start":{"line":286,"column":14},"end":{"line":286,"column":33}},"98":{"start":{"line":287,"column":14},"end":{"line":287,"column":111}},"99":{"start":{"line":290,"column":14},"end":{"line":290,"column":40}},"100":{"start":{"line":291,"column":14},"end":{"line":291,"column":58}},"101":{"start":{"line":295,"column":14},"end":{"line":295,"column":38}},"102":{"start":{"line":302,"column":6},"end":{"line":302,"column":64}},"103":{"start":{"line":305,"column":4},"end":{"line":305,"column":38}},"104":{"start":{"line":313,"column":29},"end":{"line":336,"column":7}},"105":{"start":{"line":317,"column":6},"end":{"line":335,"column":19}},"106":{"start":{"line":318,"column":8},"end":{"line":334,"column":9}},"107":{"start":{"line":319,"column":10},"end":{"line":333,"column":11}},"108":{"start":{"line":321,"column":14},"end":{"line":321,"column":134}},"109":{"start":{"line":323,"column":14},"end":{"line":323,"column":33}},"110":{"start":{"line":324,"column":14},"end":{"line":324,"column":105}},"111":{"start":{"line":327,"column":14},"end":{"line":327,"column":35}},"112":{"start":{"line":328,"column":14},"end":{"line":328,"column":53}},"113":{"start":{"line":332,"column":14},"end":{"line":332,"column":38}},"114":{"start":{"line":339,"column":6},"end":{"line":339,"column":55}},"115":{"start":{"line":342,"column":4},"end":{"line":342,"column":29}},"116":{"start":{"line":351,"column":31},"end":{"line":372,"column":7}},"117":{"start":{"line":355,"column":6},"end":{"line":371,"column":19}},"118":{"start":{"line":356,"column":8},"end":{"line":370,"column":9}},"119":{"start":{"line":357,"column":10},"end":{"line":369,"column":11}},"120":{"start":{"line":359,"column":14},"end":{"line":359,"column":33}},"121":{"start":{"line":360,"column":14},"end":{"line":360,"column":91}},"122":{"start":{"line":363,"column":14},"end":{"line":363,"column":35}},"123":{"start":{"line":364,"column":14},"end":{"line":364,"column":53}},"124":{"start":{"line":368,"column":14},"end":{"line":368,"column":38}},"125":{"start":{"line":375,"column":6},"end":{"line":375,"column":57}},"126":{"start":{"line":378,"column":4},"end":{"line":378,"column":31}},"127":{"start":{"line":395,"column":53},"end":{"line":416,"column":7}},"128":{"start":{"line":399,"column":6},"end":{"line":415,"column":19}},"129":{"start":{"line":400,"column":8},"end":{"line":414,"column":9}},"130":{"start":{"line":401,"column":10},"end":{"line":413,"column":11}},"131":{"start":{"line":403,"column":14},"end":{"line":403,"column":33}},"132":{"start":{"line":404,"column":14},"end":{"line":404,"column":114}},"133":{"start":{"line":407,"column":14},"end":{"line":407,"column":38}},"134":{"start":{"line":408,"column":14},"end":{"line":408,"column":56}},"135":{"start":{"line":412,"column":14},"end":{"line":412,"column":38}},"136":{"start":{"line":419,"column":6},"end":{"line":419,"column":79}},"137":{"start":{"line":422,"column":4},"end":{"line":422,"column":53}},"138":{"start":{"line":431,"column":4},"end":{"line":433,"column":7}},"139":{"start":{"line":432,"column":6},"end":{"line":432,"column":34}},"140":{"start":{"line":443,"column":31},"end":{"line":464,"column":7}},"141":{"start":{"line":447,"column":6},"end":{"line":463,"column":20}},"142":{"start":{"line":448,"column":8},"end":{"line":462,"column":9}},"143":{"start":{"line":449,"column":10},"end":{"line":461,"column":11}},"144":{"start":{"line":451,"column":14},"end":{"line":451,"column":34}},"145":{"start":{"line":452,"column":14},"end":{"line":452,"column":106}},"146":{"start":{"line":455,"column":14},"end":{"line":455,"column":36}},"147":{"start":{"line":456,"column":14},"end":{"line":456,"column":54}},"148":{"start":{"line":460,"column":14},"end":{"line":460,"column":39}},"149":{"start":{"line":467,"column":6},"end":{"line":467,"column":57}},"150":{"start":{"line":470,"column":4},"end":{"line":470,"column":31}},"151":{"start":{"line":478,"column":25},"end":{"line":499,"column":7}},"152":{"start":{"line":482,"column":6},"end":{"line":498,"column":20}},"153":{"start":{"line":483,"column":8},"end":{"line":497,"column":9}},"154":{"start":{"line":484,"column":10},"end":{"line":496,"column":11}},"155":{"start":{"line":486,"column":14},"end":{"line":486,"column":34}},"156":{"start":{"line":487,"column":14},"end":{"line":487,"column":106}},"157":{"start":{"line":490,"column":14},"end":{"line":490,"column":41}},"158":{"start":{"line":491,"column":14},"end":{"line":491,"column":59}},"159":{"start":{"line":495,"column":14},"end":{"line":495,"column":39}},"160":{"start":{"line":502,"column":6},"end":{"line":502,"column":51}},"161":{"start":{"line":505,"column":4},"end":{"line":505,"column":25}},"162":{"start":{"line":516,"column":26},"end":{"line":518,"column":6}},"163":{"start":{"line":517,"column":6},"end":{"line":517,"column":57}},"164":{"start":{"line":520,"column":4},"end":{"line":520,"column":33}},"165":{"start":{"line":531,"column":26},"end":{"line":533,"column":6}},"166":{"start":{"line":532,"column":6},"end":{"line":532,"column":49}},"167":{"start":{"line":535,"column":4},"end":{"line":535,"column":33}},"168":{"start":{"line":557,"column":25},"end":{"line":578,"column":7}},"169":{"start":{"line":561,"column":6},"end":{"line":577,"column":20}},"170":{"start":{"line":562,"column":8},"end":{"line":576,"column":9}},"171":{"start":{"line":563,"column":10},"end":{"line":575,"column":11}},"172":{"start":{"line":565,"column":14},"end":{"line":565,"column":34}},"173":{"start":{"line":566,"column":14},"end":{"line":566,"column":106}},"174":{"start":{"line":569,"column":14},"end":{"line":569,"column":36}},"175":{"start":{"line":570,"column":14},"end":{"line":570,"column":54}},"176":{"start":{"line":574,"column":14},"end":{"line":574,"column":39}},"177":{"start":{"line":581,"column":6},"end":{"line":581,"column":51}},"178":{"start":{"line":584,"column":4},"end":{"line":584,"column":25}}},"fnMap":{"0":{"name":"_interopRequireDefault","decl":{"start":{"line":9,"column":9},"end":{"line":9,"column":31}},"loc":{"start":{"line":9,"column":37},"end":{"line":9,"column":97}},"line":9},"1":{"name":"asyncGeneratorStep","decl":{"start":{"line":11,"column":9},"end":{"line":11,"column":27}},"loc":{"start":{"line":11,"column":75},"end":{"line":11,"column":265}},"line":11},"2":{"name":"_asyncToGenerator","decl":{"start":{"line":13,"column":9},"end":{"line":13,"column":26}},"loc":{"start":{"line":13,"column":31},"end":{"line":13,"column":389}},"line":13},"3":{"name":"(anonymous_3)","decl":{"start":{"line":13,"column":40},"end":{"line":13,"column":41}},"loc":{"start":{"line":13,"column":52},"end":{"line":13,"column":386}},"line":13},"4":{"name":"(anonymous_4)","decl":{"start":{"line":13,"column":108},"end":{"line":13,"column":109}},"loc":{"start":{"line":13,"column":135},"end":{"line":13,"column":382}},"line":13},"5":{"name":"_next","decl":{"start":{"line":13,"column":178},"end":{"line":13,"column":183}},"loc":{"start":{"line":13,"column":191},"end":{"line":13,"column":266}},"line":13},"6":{"name":"_throw","decl":{"start":{"line":13,"column":276},"end":{"line":13,"column":282}},"loc":{"start":{"line":13,"column":288},"end":{"line":13,"column":362}},"line":13},"7":{"name":"getUsers","decl":{"start":{"line":20,"column":21},"end":{"line":20,"column":29}},"loc":{"start":{"line":20,"column":32},"end":{"line":22,"column":3}},"line":20},"8":{"name":"(anonymous_8)","decl":{"start":{"line":28,"column":15},"end":{"line":28,"column":16}},"loc":{"start":{"line":28,"column":27},"end":{"line":55,"column":3}},"line":28},"9":{"name":"_callee","decl":{"start":{"line":31,"column":37},"end":{"line":31,"column":44}},"loc":{"start":{"line":31,"column":47},"end":{"line":48,"column":5}},"line":31},"10":{"name":"_callee$","decl":{"start":{"line":32,"column":46},"end":{"line":32,"column":54}},"loc":{"start":{"line":32,"column":65},"end":{"line":47,"column":7}},"line":32},"11":{"name":"getAccounts","decl":{"start":{"line":50,"column":13},"end":{"line":50,"column":24}},"loc":{"start":{"line":50,"column":27},"end":{"line":52,"column":5}},"line":50},"12":{"name":"getTransactions","decl":{"start":{"line":61,"column":28},"end":{"line":61,"column":43}},"loc":{"start":{"line":61,"column":46},"end":{"line":63,"column":3}},"line":61},"13":{"name":"getStaff","decl":{"start":{"line":69,"column":21},"end":{"line":69,"column":29}},"loc":{"start":{"line":69,"column":32},"end":{"line":71,"column":3}},"line":69},"14":{"name":"save","decl":{"start":{"line":78,"column":17},"end":{"line":78,"column":21}},"loc":{"start":{"line":78,"column":34},"end":{"line":80,"column":3}},"line":78},"15":{"name":"saveUser","decl":{"start":{"line":86,"column":21},"end":{"line":86,"column":29}},"loc":{"start":{"line":86,"column":35},"end":{"line":88,"column":3}},"line":86},"16":{"name":"(anonymous_16)","decl":{"start":{"line":94,"column":14},"end":{"line":94,"column":15}},"loc":{"start":{"line":94,"column":26},"end":{"line":126,"column":3}},"line":94},"17":{"name":"_callee2","decl":{"start":{"line":97,"column":37},"end":{"line":97,"column":45}},"loc":{"start":{"line":98,"column":57},"end":{"line":119,"column":5}},"line":98},"18":{"name":"_callee2$","decl":{"start":{"line":100,"column":46},"end":{"line":100,"column":55}},"loc":{"start":{"line":100,"column":67},"end":{"line":118,"column":7}},"line":100},"19":{"name":"createUser","decl":{"start":{"line":121,"column":13},"end":{"line":121,"column":23}},"loc":{"start":{"line":121,"column":53},"end":{"line":123,"column":5}},"line":121},"20":{"name":"findOneUser","decl":{"start":{"line":134,"column":24},"end":{"line":134,"column":35}},"loc":{"start":{"line":134,"column":48},"end":{"line":138,"column":3}},"line":134},"21":{"name":"(anonymous_21)","decl":{"start":{"line":135,"column":32},"end":{"line":135,"column":33}},"loc":{"start":{"line":135,"column":49},"end":{"line":137,"column":5}},"line":135},"22":{"name":"(anonymous_22)","decl":{"start":{"line":139,"column":13},"end":{"line":139,"column":14}},"loc":{"start":{"line":139,"column":25},"end":{"line":174,"column":3}},"line":139},"23":{"name":"_callee3","decl":{"start":{"line":142,"column":37},"end":{"line":142,"column":45}},"loc":{"start":{"line":142,"column":53},"end":{"line":167,"column":5}},"line":142},"24":{"name":"_callee3$","decl":{"start":{"line":144,"column":46},"end":{"line":144,"column":55}},"loc":{"start":{"line":144,"column":67},"end":{"line":166,"column":7}},"line":144},"25":{"name":"findOwner","decl":{"start":{"line":169,"column":13},"end":{"line":169,"column":22}},"loc":{"start":{"line":169,"column":28},"end":{"line":171,"column":5}},"line":169},"26":{"name":"findStaff","decl":{"start":{"line":175,"column":22},"end":{"line":175,"column":31}},"loc":{"start":{"line":175,"column":44},"end":{"line":179,"column":3}},"line":175},"27":{"name":"(anonymous_27)","decl":{"start":{"line":176,"column":32},"end":{"line":176,"column":33}},"loc":{"start":{"line":176,"column":49},"end":{"line":178,"column":5}},"line":176},"28":{"name":"(anonymous_28)","decl":{"start":{"line":185,"column":17},"end":{"line":185,"column":18}},"loc":{"start":{"line":185,"column":29},"end":{"line":220,"column":3}},"line":185},"29":{"name":"_callee4","decl":{"start":{"line":188,"column":37},"end":{"line":188,"column":45}},"loc":{"start":{"line":188,"column":169},"end":{"line":213,"column":5}},"line":188},"30":{"name":"_callee4$","decl":{"start":{"line":190,"column":46},"end":{"line":190,"column":55}},"loc":{"start":{"line":190,"column":67},"end":{"line":212,"column":7}},"line":190},"31":{"name":"createAccount","decl":{"start":{"line":215,"column":13},"end":{"line":215,"column":26}},"loc":{"start":{"line":215,"column":109},"end":{"line":217,"column":5}},"line":215},"32":{"name":"findAccountByEmail","decl":{"start":{"line":227,"column":31},"end":{"line":227,"column":49}},"loc":{"start":{"line":227,"column":57},"end":{"line":231,"column":3}},"line":227},"33":{"name":"(anonymous_33)","decl":{"start":{"line":228,"column":37},"end":{"line":228,"column":38}},"loc":{"start":{"line":228,"column":54},"end":{"line":230,"column":5}},"line":228},"34":{"name":"(anonymous_34)","decl":{"start":{"line":241,"column":15},"end":{"line":241,"column":16}},"loc":{"start":{"line":241,"column":27},"end":{"line":270,"column":3}},"line":241},"35":{"name":"_callee5","decl":{"start":{"line":244,"column":37},"end":{"line":244,"column":45}},"loc":{"start":{"line":244,"column":54},"end":{"line":263,"column":5}},"line":244},"36":{"name":"_callee5$","decl":{"start":{"line":246,"column":46},"end":{"line":246,"column":55}},"loc":{"start":{"line":246,"column":67},"end":{"line":262,"column":7}},"line":246},"37":{"name":"findAccount","decl":{"start":{"line":265,"column":13},"end":{"line":265,"column":24}},"loc":{"start":{"line":265,"column":31},"end":{"line":267,"column":5}},"line":265},"38":{"name":"(anonymous_38)","decl":{"start":{"line":277,"column":30},"end":{"line":277,"column":31}},"loc":{"start":{"line":277,"column":42},"end":{"line":306,"column":3}},"line":277},"39":{"name":"_callee6","decl":{"start":{"line":280,"column":37},"end":{"line":280,"column":45}},"loc":{"start":{"line":280,"column":61},"end":{"line":299,"column":5}},"line":280},"40":{"name":"_callee6$","decl":{"start":{"line":282,"column":46},"end":{"line":282,"column":55}},"loc":{"start":{"line":282,"column":67},"end":{"line":298,"column":7}},"line":282},"41":{"name":"findAccountByAccountNumber","decl":{"start":{"line":301,"column":13},"end":{"line":301,"column":39}},"loc":{"start":{"line":301,"column":46},"end":{"line":303,"column":5}},"line":301},"42":{"name":"(anonymous_42)","decl":{"start":{"line":312,"column":21},"end":{"line":312,"column":22}},"loc":{"start":{"line":312,"column":33},"end":{"line":343,"column":3}},"line":312},"43":{"name":"_callee7","decl":{"start":{"line":315,"column":37},"end":{"line":315,"column":45}},"loc":{"start":{"line":315,"column":147},"end":{"line":336,"column":5}},"line":315},"44":{"name":"_callee7$","decl":{"start":{"line":317,"column":46},"end":{"line":317,"column":55}},"loc":{"start":{"line":317,"column":67},"end":{"line":335,"column":7}},"line":317},"45":{"name":"createTransaction","decl":{"start":{"line":338,"column":13},"end":{"line":338,"column":30}},"loc":{"start":{"line":338,"column":91},"end":{"line":340,"column":5}},"line":338},"46":{"name":"(anonymous_46)","decl":{"start":{"line":350,"column":23},"end":{"line":350,"column":24}},"loc":{"start":{"line":350,"column":35},"end":{"line":379,"column":3}},"line":350},"47":{"name":"_callee8","decl":{"start":{"line":353,"column":37},"end":{"line":353,"column":45}},"loc":{"start":{"line":353,"column":50},"end":{"line":372,"column":5}},"line":353},"48":{"name":"_callee8$","decl":{"start":{"line":355,"column":46},"end":{"line":355,"column":55}},"loc":{"start":{"line":355,"column":67},"end":{"line":371,"column":7}},"line":355},"49":{"name":"findTransactionById","decl":{"start":{"line":374,"column":13},"end":{"line":374,"column":32}},"loc":{"start":{"line":374,"column":39},"end":{"line":376,"column":5}},"line":374},"50":{"name":"(anonymous_50)","decl":{"start":{"line":394,"column":45},"end":{"line":394,"column":46}},"loc":{"start":{"line":394,"column":57},"end":{"line":423,"column":3}},"line":394},"51":{"name":"_callee9","decl":{"start":{"line":397,"column":37},"end":{"line":397,"column":45}},"loc":{"start":{"line":397,"column":61},"end":{"line":416,"column":5}},"line":397},"52":{"name":"_callee9$","decl":{"start":{"line":399,"column":46},"end":{"line":399,"column":55}},"loc":{"start":{"line":399,"column":67},"end":{"line":415,"column":7}},"line":399},"53":{"name":"findAllAccountTransactionsByAccountNumber","decl":{"start":{"line":418,"column":13},"end":{"line":418,"column":54}},"loc":{"start":{"line":418,"column":61},"end":{"line":420,"column":5}},"line":418},"54":{"name":"findAllAccountByStatus","decl":{"start":{"line":430,"column":35},"end":{"line":430,"column":57}},"loc":{"start":{"line":430,"column":65},"end":{"line":434,"column":3}},"line":430},"55":{"name":"(anonymous_55)","decl":{"start":{"line":431,"column":37},"end":{"line":431,"column":38}},"loc":{"start":{"line":431,"column":52},"end":{"line":433,"column":5}},"line":431},"56":{"name":"(anonymous_56)","decl":{"start":{"line":442,"column":23},"end":{"line":442,"column":24}},"loc":{"start":{"line":442,"column":35},"end":{"line":471,"column":3}},"line":442},"57":{"name":"_callee10","decl":{"start":{"line":445,"column":37},"end":{"line":445,"column":46}},"loc":{"start":{"line":445,"column":70},"end":{"line":464,"column":5}},"line":445},"58":{"name":"_callee10$","decl":{"start":{"line":447,"column":46},"end":{"line":447,"column":56}},"loc":{"start":{"line":447,"column":69},"end":{"line":463,"column":7}},"line":447},"59":{"name":"findAccountByStatus","decl":{"start":{"line":466,"column":13},"end":{"line":466,"column":32}},"loc":{"start":{"line":466,"column":45},"end":{"line":468,"column":5}},"line":466},"60":{"name":"(anonymous_60)","decl":{"start":{"line":477,"column":17},"end":{"line":477,"column":18}},"loc":{"start":{"line":477,"column":29},"end":{"line":506,"column":3}},"line":477},"61":{"name":"_callee11","decl":{"start":{"line":480,"column":37},"end":{"line":480,"column":46}},"loc":{"start":{"line":480,"column":70},"end":{"line":499,"column":5}},"line":480},"62":{"name":"_callee11$","decl":{"start":{"line":482,"column":46},"end":{"line":482,"column":56}},"loc":{"start":{"line":482,"column":69},"end":{"line":498,"column":7}},"line":482},"63":{"name":"deleteAccount","decl":{"start":{"line":501,"column":13},"end":{"line":501,"column":26}},"loc":{"start":{"line":501,"column":33},"end":{"line":503,"column":5}},"line":501},"64":{"name":"updateDB","decl":{"start":{"line":515,"column":21},"end":{"line":515,"column":29}},"loc":{"start":{"line":515,"column":57},"end":{"line":521,"column":3}},"line":515},"65":{"name":"(anonymous_65)","decl":{"start":{"line":516,"column":72},"end":{"line":516,"column":73}},"loc":{"start":{"line":516,"column":87},"end":{"line":518,"column":5}},"line":516},"66":{"name":"updateAccountDB","decl":{"start":{"line":530,"column":28},"end":{"line":530,"column":43}},"loc":{"start":{"line":530,"column":71},"end":{"line":536,"column":3}},"line":530},"67":{"name":"(anonymous_67)","decl":{"start":{"line":531,"column":61},"end":{"line":531,"column":62}},"loc":{"start":{"line":531,"column":76},"end":{"line":533,"column":5}},"line":531},"68":{"name":"(anonymous_68)","decl":{"start":{"line":556,"column":17},"end":{"line":556,"column":18}},"loc":{"start":{"line":556,"column":29},"end":{"line":585,"column":3}},"line":556},"69":{"name":"_callee12","decl":{"start":{"line":559,"column":37},"end":{"line":559,"column":46}},"loc":{"start":{"line":559,"column":71},"end":{"line":578,"column":5}},"line":559},"70":{"name":"_callee12$","decl":{"start":{"line":561,"column":46},"end":{"line":561,"column":56}},"loc":{"start":{"line":561,"column":69},"end":{"line":577,"column":7}},"line":561},"71":{"name":"updateBalance","decl":{"start":{"line":580,"column":13},"end":{"line":580,"column":26}},"loc":{"start":{"line":580,"column":39},"end":{"line":582,"column":5}},"line":580}},"branchMap":{"0":{"loc":{"start":{"line":9,"column":46},"end":{"line":9,"column":94}},"type":"cond-expr","locations":[{"start":{"line":9,"column":70},"end":{"line":9,"column":73}},{"start":{"line":9,"column":76},"end":{"line":9,"column":94}}],"line":9},"1":{"loc":{"start":{"line":9,"column":46},"end":{"line":9,"column":67}},"type":"binary-expr","locations":[{"start":{"line":9,"column":46},"end":{"line":9,"column":49}},{"start":{"line":9,"column":53},"end":{"line":9,"column":67}}],"line":9},"2":{"loc":{"start":{"line":11,"column":176},"end":{"line":11,"column":263}},"type":"if","locations":[{"start":{"line":11,"column":176},"end":{"line":11,"column":263}},{"start":{"line":11,"column":176},"end":{"line":11,"column":263}}],"line":11},"3":{"loc":{"start":{"line":34,"column":10},"end":{"line":45,"column":11}},"type":"switch","locations":[{"start":{"line":35,"column":12},"end":{"line":37,"column":81}},{"start":{"line":39,"column":12},"end":{"line":40,"column":62}},{"start":{"line":42,"column":12},"end":{"line":42,"column":19}},{"start":{"line":43,"column":12},"end":{"line":44,"column":37}}],"line":34},"4":{"loc":{"start":{"line":87,"column":4},"end":{"line":87,"column":134}},"type":"if","locations":[{"start":{"line":87,"column":4},"end":{"line":87,"column":134}},{"start":{"line":87,"column":4},"end":{"line":87,"column":134}}],"line":87},"5":{"loc":{"start":{"line":102,"column":10},"end":{"line":116,"column":11}},"type":"switch","locations":[{"start":{"line":103,"column":12},"end":{"line":107,"column":87}},{"start":{"line":109,"column":12},"end":{"line":111,"column":53}},{"start":{"line":113,"column":12},"end":{"line":113,"column":19}},{"start":{"line":114,"column":12},"end":{"line":115,"column":38}}],"line":102},"6":{"loc":{"start":{"line":146,"column":10},"end":{"line":164,"column":11}},"type":"switch","locations":[{"start":{"line":147,"column":12},"end":{"line":149,"column":92}},{"start":{"line":151,"column":12},"end":{"line":159,"column":59}},{"start":{"line":161,"column":12},"end":{"line":161,"column":19}},{"start":{"line":162,"column":12},"end":{"line":163,"column":38}}],"line":146},"7":{"loc":{"start":{"line":154,"column":14},"end":{"line":157,"column":15}},"type":"if","locations":[{"start":{"line":154,"column":14},"end":{"line":157,"column":15}},{"start":{"line":154,"column":14},"end":{"line":157,"column":15}}],"line":154},"8":{"loc":{"start":{"line":192,"column":10},"end":{"line":210,"column":11}},"type":"switch","locations":[{"start":{"line":193,"column":12},"end":{"line":201,"column":97}},{"start":{"line":203,"column":12},"end":{"line":205,"column":53}},{"start":{"line":207,"column":12},"end":{"line":207,"column":19}},{"start":{"line":208,"column":12},"end":{"line":209,"column":38}}],"line":192},"9":{"loc":{"start":{"line":248,"column":10},"end":{"line":260,"column":11}},"type":"switch","locations":[{"start":{"line":249,"column":12},"end":{"line":251,"column":96}},{"start":{"line":253,"column":12},"end":{"line":255,"column":53}},{"start":{"line":257,"column":12},"end":{"line":257,"column":19}},{"start":{"line":258,"column":12},"end":{"line":259,"column":38}}],"line":248},"10":{"loc":{"start":{"line":284,"column":10},"end":{"line":296,"column":11}},"type":"switch","locations":[{"start":{"line":285,"column":12},"end":{"line":287,"column":111}},{"start":{"line":289,"column":12},"end":{"line":291,"column":58}},{"start":{"line":293,"column":12},"end":{"line":293,"column":19}},{"start":{"line":294,"column":12},"end":{"line":295,"column":38}}],"line":284},"11":{"loc":{"start":{"line":319,"column":10},"end":{"line":333,"column":11}},"type":"switch","locations":[{"start":{"line":320,"column":12},"end":{"line":324,"column":105}},{"start":{"line":326,"column":12},"end":{"line":328,"column":53}},{"start":{"line":330,"column":12},"end":{"line":330,"column":19}},{"start":{"line":331,"column":12},"end":{"line":332,"column":38}}],"line":319},"12":{"loc":{"start":{"line":357,"column":10},"end":{"line":369,"column":11}},"type":"switch","locations":[{"start":{"line":358,"column":12},"end":{"line":360,"column":91}},{"start":{"line":362,"column":12},"end":{"line":364,"column":53}},{"start":{"line":366,"column":12},"end":{"line":366,"column":19}},{"start":{"line":367,"column":12},"end":{"line":368,"column":38}}],"line":357},"13":{"loc":{"start":{"line":401,"column":10},"end":{"line":413,"column":11}},"type":"switch","locations":[{"start":{"line":402,"column":12},"end":{"line":404,"column":114}},{"start":{"line":406,"column":12},"end":{"line":408,"column":56}},{"start":{"line":410,"column":12},"end":{"line":410,"column":19}},{"start":{"line":411,"column":12},"end":{"line":412,"column":38}}],"line":401},"14":{"loc":{"start":{"line":449,"column":10},"end":{"line":461,"column":11}},"type":"switch","locations":[{"start":{"line":450,"column":12},"end":{"line":452,"column":106}},{"start":{"line":454,"column":12},"end":{"line":456,"column":54}},{"start":{"line":458,"column":12},"end":{"line":458,"column":19}},{"start":{"line":459,"column":12},"end":{"line":460,"column":39}}],"line":449},"15":{"loc":{"start":{"line":484,"column":10},"end":{"line":496,"column":11}},"type":"switch","locations":[{"start":{"line":485,"column":12},"end":{"line":487,"column":106}},{"start":{"line":489,"column":12},"end":{"line":491,"column":59}},{"start":{"line":493,"column":12},"end":{"line":493,"column":19}},{"start":{"line":494,"column":12},"end":{"line":495,"column":39}}],"line":484},"16":{"loc":{"start":{"line":563,"column":10},"end":{"line":575,"column":11}},"type":"switch","locations":[{"start":{"line":564,"column":12},"end":{"line":566,"column":106}},{"start":{"line":568,"column":12},"end":{"line":570,"column":54}},{"start":{"line":572,"column":12},"end":{"line":572,"column":19}},{"start":{"line":573,"column":12},"end":{"line":574,"column":39}}],"line":563}},"s":{"0":1,"1":1,"2":1,"3":2,"4":6,"5":6,"6":4,"7":2,"8":2,"9":4,"10":1,"11":3,"12":12,"13":3,"14":3,"15":3,"16":3,"17":4,"18":2,"19":3,"20":1,"21":10,"22":1,"23":0,"24":0,"25":0,"26":0,"27":0,"28":0,"29":0,"30":0,"31":1,"32":0,"33":2,"34":0,"35":0,"36":0,"37":0,"38":1,"39":3,"40":7,"41":7,"42":3,"43":3,"44":3,"45":1,"46":1,"47":3,"48":3,"49":1,"50":10,"51":20,"52":1,"53":0,"54":0,"55":0,"56":0,"57":0,"58":0,"59":0,"60":0,"61":0,"62":0,"63":0,"64":0,"65":1,"66":2,"67":2,"68":1,"69":0,"70":0,"71":0,"72":0,"73":0,"74":0,"75":0,"76":0,"77":0,"78":0,"79":1,"80":0,"81":0,"82":1,"83":0,"84":0,"85":0,"86":0,"87":0,"88":0,"89":0,"90":0,"91":0,"92":1,"93":1,"94":0,"95":0,"96":0,"97":0,"98":0,"99":0,"100":0,"101":0,"102":0,"103":1,"104":1,"105":0,"106":0,"107":0,"108":0,"109":0,"110":0,"111":0,"112":0,"113":0,"114":0,"115":1,"116":1,"117":0,"118":0,"119":0,"120":0,"121":0,"122":0,"123":0,"124":0,"125":0,"126":1,"127":1,"128":0,"129":0,"130":0,"131":0,"132":0,"133":0,"134":0,"135":0,"136":0,"137":1,"138":0,"139":0,"140":1,"141":0,"142":0,"143":0,"144":0,"145":0,"146":0,"147":0,"148":0,"149":0,"150":1,"151":1,"152":0,"153":0,"154":0,"155":0,"156":0,"157":0,"158":0,"159":0,"160":0,"161":1,"162":0,"163":0,"164":0,"165":0,"166":0,"167":0,"168":1,"169":0,"170":0,"171":0,"172":0,"173":0,"174":0,"175":0,"176":0,"177":0,"178":1},"f":{"0":2,"1":6,"2":12,"3":3,"4":3,"5":4,"6":2,"7":10,"8":1,"9":0,"10":0,"11":0,"12":0,"13":2,"14":0,"15":0,"16":1,"17":3,"18":7,"19":3,"20":10,"21":20,"22":1,"23":0,"24":0,"25":0,"26":2,"27":2,"28":1,"29":0,"30":0,"31":0,"32":0,"33":0,"34":1,"35":0,"36":0,"37":0,"38":1,"39":0,"40":0,"41":0,"42":1,"43":0,"44":0,"45":0,"46":1,"47":0,"48":0,"49":0,"50":1,"51":0,"52":0,"53":0,"54":0,"55":0,"56":1,"57":0,"58":0,"59":0,"60":1,"61":0,"62":0,"63":0,"64":0,"65":0,"66":0,"67":0,"68":1,"69":0,"70":0,"71":0},"b":{"0":[1,1],"1":[2,2],"2":[1,3],"3":[0,0,0,0],"4":[0,0],"5":[3,1,0,3],"6":[0,0,0,0],"7":[0,0],"8":[0,0,0,0],"9":[0,0,0,0],"10":[0,0,0,0],"11":[0,0,0,0],"12":[0,0,0,0],"13":[0,0,0,0],"14":[0,0,0,0],"15":[0,0,0,0],"16":[0,0,0,0]},"_coverageSchema":"43e27e138ebf9cfc5966b082cf9a028302ed4184","hash":"0c7dcda1ec9db5c670fa2f20a6a3d0ee92f24c1a","contentHash":"ffa8b340773b3dd9d2592ac458cc2e29438e465185dbe329bcdb85fafb4dc314"},"C:\\Users\\Adeola PC\\Desktop\\BootCamp\\Banka\\server\\models\\jsObject\\database.js":{"path":"C:\\Users\\Adeola PC\\Desktop\\BootCamp\\Banka\\server\\models\\jsObject\\database.js","statementMap":{"0":{"start":{"line":3,"column":0},"end":{"line":5,"column":3}},"1":{"start":{"line":6,"column":0},"end":{"line":6,"column":28}},"2":{"start":{"line":7,"column":9},"end":{"line":100,"column":1}},"3":{"start":{"line":101,"column":15},"end":{"line":101,"column":17}},"4":{"start":{"line":102,"column":0},"end":{"line":102,"column":30}}},"fnMap":{},"branchMap":{},"s":{"0":1,"1":1,"2":1,"3":1,"4":1},"f":{},"b":{},"_coverageSchema":"43e27e138ebf9cfc5966b082cf9a028302ed4184","hash":"7b87ec6e55345ac0963f4f251154b4653a2994c5","contentHash":"c46f68a2bd8db99295ad92abd13515fa3081277aceee36387ef200d631c42e85"},"C:\\Users\\Adeola PC\\Desktop\\BootCamp\\Banka\\server\\models\\db\\db.js":{"path":"C:\\Users\\Adeola PC\\Desktop\\BootCamp\\Banka\\server\\models\\db\\db.js","statementMap":{"0":{"start":{"line":3,"column":10},"end":{"line":3,"column":23}},"1":{"start":{"line":5,"column":14},"end":{"line":5,"column":37}},"2":{"start":{"line":7,"column":18},"end":{"line":7,"column":42}},"3":{"start":{"line":9,"column":77},"end":{"line":9,"column":175}},"4":{"start":{"line":9,"column":94},"end":{"line":9,"column":107}},"5":{"start":{"line":9,"column":121},"end":{"line":9,"column":131}},"6":{"start":{"line":9,"column":151},"end":{"line":9,"column":165}},"7":{"start":{"line":9,"column":166},"end":{"line":9,"column":173}},"8":{"start":{"line":9,"column":176},"end":{"line":9,"column":263}},"9":{"start":{"line":9,"column":193},"end":{"line":9,"column":208}},"10":{"start":{"line":9,"column":218},"end":{"line":9,"column":261}},"11":{"start":{"line":11,"column":33},"end":{"line":11,"column":387}},"12":{"start":{"line":11,"column":65},"end":{"line":11,"column":69}},"13":{"start":{"line":11,"column":78},"end":{"line":11,"column":87}},"14":{"start":{"line":11,"column":89},"end":{"line":11,"column":384}},"15":{"start":{"line":11,"column":147},"end":{"line":11,"column":167}},"16":{"start":{"line":11,"column":193},"end":{"line":11,"column":264}},"17":{"start":{"line":11,"column":290},"end":{"line":11,"column":360}},"18":{"start":{"line":11,"column":363},"end":{"line":11,"column":380}},"19":{"start":{"line":13,"column":50},"end":{"line":13,"column":151}},"20":{"start":{"line":13,"column":92},"end":{"line":13,"column":149}},"21":{"start":{"line":15,"column":44},"end":{"line":15,"column":315}},"22":{"start":{"line":15,"column":57},"end":{"line":15,"column":58}},"23":{"start":{"line":15,"column":102},"end":{"line":15,"column":110}},"24":{"start":{"line":15,"column":112},"end":{"line":15,"column":167}},"25":{"start":{"line":15,"column":168},"end":{"line":15,"column":199}},"26":{"start":{"line":15,"column":200},"end":{"line":15,"column":254}},"27":{"start":{"line":15,"column":227},"end":{"line":15,"column":254}},"28":{"start":{"line":15,"column":255},"end":{"line":15,"column":313}},"29":{"start":{"line":17,"column":62},"end":{"line":17,"column":131}},"30":{"start":{"line":17,"column":78},"end":{"line":17,"column":131}},"31":{"start":{"line":17,"column":132},"end":{"line":17,"column":193}},"32":{"start":{"line":17,"column":149},"end":{"line":17,"column":193}},"33":{"start":{"line":17,"column":194},"end":{"line":17,"column":213}},"34":{"start":{"line":21,"column":0},"end":{"line":249,"column":3}},"35":{"start":{"line":23,"column":4},"end":{"line":23,"column":33}},"36":{"start":{"line":25,"column":4},"end":{"line":25,"column":33}},"37":{"start":{"line":26,"column":4},"end":{"line":26,"column":52}},"38":{"start":{"line":27,"column":4},"end":{"line":27,"column":55}},"39":{"start":{"line":28,"column":4},"end":{"line":28,"column":59}},"40":{"start":{"line":29,"column":4},"end":{"line":31,"column":7}},"41":{"start":{"line":30,"column":6},"end":{"line":30,"column":35}},"42":{"start":{"line":32,"column":4},"end":{"line":34,"column":7}},"43":{"start":{"line":33,"column":6},"end":{"line":33,"column":43}},"44":{"start":{"line":37,"column":2},"end":{"line":246,"column":6}},"45":{"start":{"line":40,"column":25},"end":{"line":56,"column":9}},"46":{"start":{"line":43,"column":8},"end":{"line":55,"column":26}},"47":{"start":{"line":44,"column":10},"end":{"line":54,"column":11}},"48":{"start":{"line":45,"column":12},"end":{"line":53,"column":13}},"49":{"start":{"line":47,"column":16},"end":{"line":47,"column":34}},"50":{"start":{"line":48,"column":16},"end":{"line":48,"column":45}},"51":{"start":{"line":52,"column":16},"end":{"line":52,"column":39}},"52":{"start":{"line":59,"column":8},"end":{"line":59,"column":51}},"53":{"start":{"line":62,"column":6},"end":{"line":62,"column":25}},"54":{"start":{"line":67,"column":25},"end":{"line":88,"column":9}},"55":{"start":{"line":71,"column":8},"end":{"line":87,"column":27}},"56":{"start":{"line":72,"column":10},"end":{"line":86,"column":11}},"57":{"start":{"line":73,"column":12},"end":{"line":85,"column":13}},"58":{"start":{"line":75,"column":16},"end":{"line":75,"column":35}},"59":{"start":{"line":76,"column":16},"end":{"line":76,"column":54}},"60":{"start":{"line":79,"column":16},"end":{"line":79,"column":40}},"61":{"start":{"line":80,"column":16},"end":{"line":80,"column":66}},"62":{"start":{"line":84,"column":16},"end":{"line":84,"column":40}},"63":{"start":{"line":91,"column":8},"end":{"line":91,"column":51}},"64":{"start":{"line":94,"column":6},"end":{"line":94,"column":25}},"65":{"start":{"line":99,"column":22},"end":{"line":120,"column":9}},"66":{"start":{"line":103,"column":8},"end":{"line":119,"column":27}},"67":{"start":{"line":104,"column":10},"end":{"line":118,"column":11}},"68":{"start":{"line":105,"column":12},"end":{"line":117,"column":13}},"69":{"start":{"line":107,"column":16},"end":{"line":107,"column":35}},"70":{"start":{"line":108,"column":16},"end":{"line":108,"column":46}},"71":{"start":{"line":111,"column":16},"end":{"line":111,"column":40}},"72":{"start":{"line":112,"column":16},"end":{"line":112,"column":66}},"73":{"start":{"line":116,"column":16},"end":{"line":116,"column":40}},"74":{"start":{"line":123,"column":8},"end":{"line":123,"column":48}},"75":{"start":{"line":126,"column":6},"end":{"line":126,"column":22}},"76":{"start":{"line":131,"column":21},"end":{"line":152,"column":9}},"77":{"start":{"line":135,"column":8},"end":{"line":151,"column":27}},"78":{"start":{"line":136,"column":10},"end":{"line":150,"column":11}},"79":{"start":{"line":137,"column":12},"end":{"line":149,"column":13}},"80":{"start":{"line":139,"column":16},"end":{"line":139,"column":35}},"81":{"start":{"line":140,"column":16},"end":{"line":140,"column":46}},"82":{"start":{"line":143,"column":16},"end":{"line":143,"column":40}},"83":{"start":{"line":144,"column":16},"end":{"line":144,"column":66}},"84":{"start":{"line":148,"column":16},"end":{"line":148,"column":40}},"85":{"start":{"line":155,"column":8},"end":{"line":155,"column":47}},"86":{"start":{"line":158,"column":6},"end":{"line":158,"column":21}},"87":{"start":{"line":163,"column":20},"end":{"line":184,"column":9}},"88":{"start":{"line":167,"column":8},"end":{"line":183,"column":27}},"89":{"start":{"line":168,"column":10},"end":{"line":182,"column":11}},"90":{"start":{"line":169,"column":12},"end":{"line":181,"column":13}},"91":{"start":{"line":171,"column":16},"end":{"line":171,"column":35}},"92":{"start":{"line":172,"column":16},"end":{"line":172,"column":46}},"93":{"start":{"line":175,"column":16},"end":{"line":175,"column":40}},"94":{"start":{"line":176,"column":16},"end":{"line":176,"column":63}},"95":{"start":{"line":180,"column":16},"end":{"line":180,"column":40}},"96":{"start":{"line":187,"column":8},"end":{"line":187,"column":46}},"97":{"start":{"line":190,"column":6},"end":{"line":190,"column":20}},"98":{"start":{"line":195,"column":25},"end":{"line":213,"column":9}},"99":{"start":{"line":199,"column":8},"end":{"line":212,"column":27}},"100":{"start":{"line":200,"column":10},"end":{"line":211,"column":11}},"101":{"start":{"line":201,"column":12},"end":{"line":210,"column":13}},"102":{"start":{"line":203,"column":16},"end":{"line":203,"column":57}},"103":{"start":{"line":204,"column":16},"end":{"line":204,"column":35}},"104":{"start":{"line":205,"column":16},"end":{"line":205,"column":50}},"105":{"start":{"line":209,"column":16},"end":{"line":209,"column":40}},"106":{"start":{"line":216,"column":8},"end":{"line":216,"column":51}},"107":{"start":{"line":219,"column":6},"end":{"line":219,"column":25}},"108":{"start":{"line":224,"column":18},"end":{"line":224,"column":22}},"109":{"start":{"line":226,"column":6},"end":{"line":232,"column":9}},"110":{"start":{"line":227,"column":8},"end":{"line":227,"column":25}},"111":{"start":{"line":229,"column":8},"end":{"line":229,"column":25}},"112":{"start":{"line":231,"column":8},"end":{"line":231,"column":25}},"113":{"start":{"line":237,"column":17},"end":{"line":243,"column":8}},"114":{"start":{"line":244,"column":6},"end":{"line":244,"column":18}},"115":{"start":{"line":248,"column":2},"end":{"line":248,"column":15}},"116":{"start":{"line":251,"column":12},"end":{"line":251,"column":23}},"117":{"start":{"line":252,"column":0},"end":{"line":252,"column":23}}},"fnMap":{"0":{"name":"asyncGeneratorStep","decl":{"start":{"line":9,"column":9},"end":{"line":9,"column":27}},"loc":{"start":{"line":9,"column":75},"end":{"line":9,"column":265}},"line":9},"1":{"name":"_asyncToGenerator","decl":{"start":{"line":11,"column":9},"end":{"line":11,"column":26}},"loc":{"start":{"line":11,"column":31},"end":{"line":11,"column":389}},"line":11},"2":{"name":"(anonymous_2)","decl":{"start":{"line":11,"column":40},"end":{"line":11,"column":41}},"loc":{"start":{"line":11,"column":52},"end":{"line":11,"column":386}},"line":11},"3":{"name":"(anonymous_3)","decl":{"start":{"line":11,"column":108},"end":{"line":11,"column":109}},"loc":{"start":{"line":11,"column":135},"end":{"line":11,"column":382}},"line":11},"4":{"name":"_next","decl":{"start":{"line":11,"column":178},"end":{"line":11,"column":183}},"loc":{"start":{"line":11,"column":191},"end":{"line":11,"column":266}},"line":11},"5":{"name":"_throw","decl":{"start":{"line":11,"column":276},"end":{"line":11,"column":282}},"loc":{"start":{"line":11,"column":288},"end":{"line":11,"column":362}},"line":11},"6":{"name":"_classCallCheck","decl":{"start":{"line":13,"column":9},"end":{"line":13,"column":24}},"loc":{"start":{"line":13,"column":48},"end":{"line":13,"column":153}},"line":13},"7":{"name":"_defineProperties","decl":{"start":{"line":15,"column":9},"end":{"line":15,"column":26}},"loc":{"start":{"line":15,"column":42},"end":{"line":15,"column":317}},"line":15},"8":{"name":"_createClass","decl":{"start":{"line":17,"column":9},"end":{"line":17,"column":21}},"loc":{"start":{"line":17,"column":60},"end":{"line":17,"column":215}},"line":17},"9":{"name":"(anonymous_9)","decl":{"start":{"line":21,"column":0},"end":{"line":21,"column":1}},"loc":{"start":{"line":21,"column":12},"end":{"line":249,"column":1}},"line":21},"10":{"name":"Model","decl":{"start":{"line":22,"column":11},"end":{"line":22,"column":16}},"loc":{"start":{"line":22,"column":19},"end":{"line":35,"column":3}},"line":22},"11":{"name":"(anonymous_11)","decl":{"start":{"line":29,"column":26},"end":{"line":29,"column":27}},"loc":{"start":{"line":29,"column":41},"end":{"line":31,"column":5}},"line":29},"12":{"name":"(anonymous_12)","decl":{"start":{"line":32,"column":28},"end":{"line":32,"column":29}},"loc":{"start":{"line":32,"column":43},"end":{"line":34,"column":5}},"line":32},"13":{"name":"(anonymous_13)","decl":{"start":{"line":39,"column":11},"end":{"line":39,"column":12}},"loc":{"start":{"line":39,"column":23},"end":{"line":63,"column":5}},"line":39},"14":{"name":"_callee","decl":{"start":{"line":42,"column":39},"end":{"line":42,"column":46}},"loc":{"start":{"line":42,"column":53},"end":{"line":56,"column":7}},"line":42},"15":{"name":"_callee$","decl":{"start":{"line":43,"column":48},"end":{"line":43,"column":56}},"loc":{"start":{"line":43,"column":67},"end":{"line":55,"column":9}},"line":43},"16":{"name":"createTable","decl":{"start":{"line":58,"column":15},"end":{"line":58,"column":26}},"loc":{"start":{"line":58,"column":31},"end":{"line":60,"column":7}},"line":58},"17":{"name":"(anonymous_17)","decl":{"start":{"line":66,"column":11},"end":{"line":66,"column":12}},"loc":{"start":{"line":66,"column":23},"end":{"line":95,"column":5}},"line":66},"18":{"name":"_callee2","decl":{"start":{"line":69,"column":39},"end":{"line":69,"column":47}},"loc":{"start":{"line":69,"column":63},"end":{"line":88,"column":7}},"line":69},"19":{"name":"_callee2$","decl":{"start":{"line":71,"column":48},"end":{"line":71,"column":57}},"loc":{"start":{"line":71,"column":69},"end":{"line":87,"column":9}},"line":71},"20":{"name":"insertTable","decl":{"start":{"line":90,"column":15},"end":{"line":90,"column":26}},"loc":{"start":{"line":90,"column":37},"end":{"line":92,"column":7}},"line":90},"21":{"name":"(anonymous_21)","decl":{"start":{"line":98,"column":11},"end":{"line":98,"column":12}},"loc":{"start":{"line":98,"column":23},"end":{"line":127,"column":5}},"line":98},"22":{"name":"_callee3","decl":{"start":{"line":101,"column":39},"end":{"line":101,"column":47}},"loc":{"start":{"line":101,"column":55},"end":{"line":120,"column":7}},"line":101},"23":{"name":"_callee3$","decl":{"start":{"line":103,"column":48},"end":{"line":103,"column":57}},"loc":{"start":{"line":103,"column":69},"end":{"line":119,"column":9}},"line":103},"24":{"name":"modifyDb","decl":{"start":{"line":122,"column":15},"end":{"line":122,"column":23}},"loc":{"start":{"line":122,"column":29},"end":{"line":124,"column":7}},"line":122},"25":{"name":"(anonymous_25)","decl":{"start":{"line":130,"column":11},"end":{"line":130,"column":12}},"loc":{"start":{"line":130,"column":23},"end":{"line":159,"column":5}},"line":130},"26":{"name":"_callee4","decl":{"start":{"line":133,"column":39},"end":{"line":133,"column":47}},"loc":{"start":{"line":133,"column":55},"end":{"line":152,"column":7}},"line":133},"27":{"name":"_callee4$","decl":{"start":{"line":135,"column":48},"end":{"line":135,"column":57}},"loc":{"start":{"line":135,"column":69},"end":{"line":151,"column":9}},"line":135},"28":{"name":"queryDb","decl":{"start":{"line":154,"column":15},"end":{"line":154,"column":22}},"loc":{"start":{"line":154,"column":28},"end":{"line":156,"column":7}},"line":154},"29":{"name":"(anonymous_29)","decl":{"start":{"line":162,"column":11},"end":{"line":162,"column":12}},"loc":{"start":{"line":162,"column":23},"end":{"line":191,"column":5}},"line":162},"30":{"name":"_callee5","decl":{"start":{"line":165,"column":39},"end":{"line":165,"column":47}},"loc":{"start":{"line":165,"column":55},"end":{"line":184,"column":7}},"line":165},"31":{"name":"_callee5$","decl":{"start":{"line":167,"column":48},"end":{"line":167,"column":57}},"loc":{"start":{"line":167,"column":69},"end":{"line":183,"column":9}},"line":167},"32":{"name":"getAll","decl":{"start":{"line":186,"column":15},"end":{"line":186,"column":21}},"loc":{"start":{"line":186,"column":27},"end":{"line":188,"column":7}},"line":186},"33":{"name":"(anonymous_33)","decl":{"start":{"line":194,"column":11},"end":{"line":194,"column":12}},"loc":{"start":{"line":194,"column":23},"end":{"line":220,"column":5}},"line":194},"34":{"name":"_callee6","decl":{"start":{"line":197,"column":39},"end":{"line":197,"column":47}},"loc":{"start":{"line":197,"column":55},"end":{"line":213,"column":7}},"line":197},"35":{"name":"_callee6$","decl":{"start":{"line":199,"column":48},"end":{"line":199,"column":57}},"loc":{"start":{"line":199,"column":69},"end":{"line":212,"column":9}},"line":199},"36":{"name":"deleteTable","decl":{"start":{"line":215,"column":15},"end":{"line":215,"column":26}},"loc":{"start":{"line":215,"column":32},"end":{"line":217,"column":7}},"line":215},"37":{"name":"dropTables","decl":{"start":{"line":223,"column":20},"end":{"line":223,"column":30}},"loc":{"start":{"line":223,"column":42},"end":{"line":233,"column":5}},"line":223},"38":{"name":"(anonymous_38)","decl":{"start":{"line":226,"column":38},"end":{"line":226,"column":39}},"loc":{"start":{"line":226,"column":53},"end":{"line":228,"column":7}},"line":226},"39":{"name":"(anonymous_39)","decl":{"start":{"line":228,"column":18},"end":{"line":228,"column":19}},"loc":{"start":{"line":228,"column":33},"end":{"line":232,"column":7}},"line":228},"40":{"name":"initConn","decl":{"start":{"line":236,"column":20},"end":{"line":236,"column":28}},"loc":{"start":{"line":236,"column":31},"end":{"line":245,"column":5}},"line":236}},"branchMap":{"0":{"loc":{"start":{"line":9,"column":176},"end":{"line":9,"column":263}},"type":"if","locations":[{"start":{"line":9,"column":176},"end":{"line":9,"column":263}},{"start":{"line":9,"column":176},"end":{"line":9,"column":263}}],"line":9},"1":{"loc":{"start":{"line":13,"column":50},"end":{"line":13,"column":151}},"type":"if","locations":[{"start":{"line":13,"column":50},"end":{"line":13,"column":151}},{"start":{"line":13,"column":50},"end":{"line":13,"column":151}}],"line":13},"2":{"loc":{"start":{"line":15,"column":136},"end":{"line":15,"column":166}},"type":"binary-expr","locations":[{"start":{"line":15,"column":136},"end":{"line":15,"column":157}},{"start":{"line":15,"column":161},"end":{"line":15,"column":166}}],"line":15},"3":{"loc":{"start":{"line":15,"column":200},"end":{"line":15,"column":254}},"type":"if","locations":[{"start":{"line":15,"column":200},"end":{"line":15,"column":254}},{"start":{"line":15,"column":200},"end":{"line":15,"column":254}}],"line":15},"4":{"loc":{"start":{"line":17,"column":62},"end":{"line":17,"column":131}},"type":"if","locations":[{"start":{"line":17,"column":62},"end":{"line":17,"column":131}},{"start":{"line":17,"column":62},"end":{"line":17,"column":131}}],"line":17},"5":{"loc":{"start":{"line":17,"column":132},"end":{"line":17,"column":193}},"type":"if","locations":[{"start":{"line":17,"column":132},"end":{"line":17,"column":193}},{"start":{"line":17,"column":132},"end":{"line":17,"column":193}}],"line":17},"6":{"loc":{"start":{"line":45,"column":12},"end":{"line":53,"column":13}},"type":"switch","locations":[{"start":{"line":46,"column":14},"end":{"line":48,"column":45}},{"start":{"line":50,"column":14},"end":{"line":50,"column":21}},{"start":{"line":51,"column":14},"end":{"line":52,"column":39}}],"line":45},"7":{"loc":{"start":{"line":73,"column":12},"end":{"line":85,"column":13}},"type":"switch","locations":[{"start":{"line":74,"column":14},"end":{"line":76,"column":54}},{"start":{"line":78,"column":14},"end":{"line":80,"column":66}},{"start":{"line":82,"column":14},"end":{"line":82,"column":21}},{"start":{"line":83,"column":14},"end":{"line":84,"column":40}}],"line":73},"8":{"loc":{"start":{"line":105,"column":12},"end":{"line":117,"column":13}},"type":"switch","locations":[{"start":{"line":106,"column":14},"end":{"line":108,"column":46}},{"start":{"line":110,"column":14},"end":{"line":112,"column":66}},{"start":{"line":114,"column":14},"end":{"line":114,"column":21}},{"start":{"line":115,"column":14},"end":{"line":116,"column":40}}],"line":105},"9":{"loc":{"start":{"line":137,"column":12},"end":{"line":149,"column":13}},"type":"switch","locations":[{"start":{"line":138,"column":14},"end":{"line":140,"column":46}},{"start":{"line":142,"column":14},"end":{"line":144,"column":66}},{"start":{"line":146,"column":14},"end":{"line":146,"column":21}},{"start":{"line":147,"column":14},"end":{"line":148,"column":40}}],"line":137},"10":{"loc":{"start":{"line":169,"column":12},"end":{"line":181,"column":13}},"type":"switch","locations":[{"start":{"line":170,"column":14},"end":{"line":172,"column":46}},{"start":{"line":174,"column":14},"end":{"line":176,"column":63}},{"start":{"line":178,"column":14},"end":{"line":178,"column":21}},{"start":{"line":179,"column":14},"end":{"line":180,"column":40}}],"line":169},"11":{"loc":{"start":{"line":201,"column":12},"end":{"line":210,"column":13}},"type":"switch","locations":[{"start":{"line":202,"column":14},"end":{"line":205,"column":50}},{"start":{"line":207,"column":14},"end":{"line":207,"column":21}},{"start":{"line":208,"column":14},"end":{"line":209,"column":40}}],"line":201}},"s":{"0":1,"1":1,"2":1,"3":22,"4":22,"5":20,"6":2,"7":2,"8":20,"9":9,"10":11,"11":6,"12":11,"13":11,"14":11,"15":11,"16":20,"17":2,"18":11,"19":1,"20":0,"21":2,"22":2,"23":8,"24":8,"25":8,"26":8,"27":8,"28":8,"29":1,"30":1,"31":1,"32":1,"33":1,"34":1,"35":1,"36":1,"37":1,"38":1,"39":1,"40":1,"41":0,"42":1,"43":5,"44":1,"45":1,"46":3,"47":6,"48":6,"49":3,"50":3,"51":3,"52":3,"53":1,"54":1,"55":3,"56":7,"57":7,"58":3,"59":3,"60":1,"61":1,"62":3,"63":3,"64":1,"65":1,"66":5,"67":15,"68":15,"69":5,"70":5,"71":5,"72":5,"73":5,"74":5,"75":1,"76":1,"77":0,"78":0,"79":0,"80":0,"81":0,"82":0,"83":0,"84":0,"85":0,"86":1,"87":1,"88":0,"89":0,"90":0,"91":0,"92":0,"93":0,"94":0,"95":0,"96":0,"97":1,"98":1,"99":0,"100":0,"101":0,"102":0,"103":0,"104":0,"105":0,"106":0,"107":1,"108":0,"109":0,"110":0,"111":0,"112":0,"113":1,"114":1,"115":1,"116":1,"117":1},"f":{"0":22,"1":6,"2":11,"3":11,"4":20,"5":2,"6":1,"7":2,"8":1,"9":1,"10":1,"11":0,"12":5,"13":1,"14":3,"15":6,"16":3,"17":1,"18":3,"19":7,"20":3,"21":1,"22":5,"23":15,"24":5,"25":1,"26":0,"27":0,"28":0,"29":1,"30":0,"31":0,"32":0,"33":1,"34":0,"35":0,"36":0,"37":0,"38":0,"39":0,"40":1},"b":{"0":[9,11],"1":[0,1],"2":[8,8],"3":[8,0],"4":[1,0],"5":[1,0],"6":[3,3,3],"7":[3,1,0,3],"8":[5,5,0,5],"9":[0,0,0,0],"10":[0,0,0,0],"11":[0,0,0]},"_coverageSchema":"43e27e138ebf9cfc5966b082cf9a028302ed4184","hash":"9b217f41770514bbedc1a7daab5548ae154138cc","contentHash":"f1ec90f7175705f997e0836da3cf05b0d8412d731dfc1577451bd37aed983b23"},"C:\\Users\\Adeola PC\\Desktop\\BootCamp\\Banka\\server\\config.js":{"path":"C:\\Users\\Adeola PC\\Desktop\\BootCamp\\Banka\\server\\config.js","statementMap":{"0":{"start":{"line":3,"column":14},"end":{"line":3,"column":55}},"1":{"start":{"line":5,"column":39},"end":{"line":5,"column":95}},"2":{"start":{"line":7,"column":0},"end":{"line":7,"column":28}},"3":{"start":{"line":9,"column":0},"end":{"line":18,"column":2}}},"fnMap":{"0":{"name":"_interopRequireDefault","decl":{"start":{"line":5,"column":9},"end":{"line":5,"column":31}},"loc":{"start":{"line":5,"column":37},"end":{"line":5,"column":97}},"line":5}},"branchMap":{"0":{"loc":{"start":{"line":5,"column":46},"end":{"line":5,"column":94}},"type":"cond-expr","locations":[{"start":{"line":5,"column":70},"end":{"line":5,"column":73}},{"start":{"line":5,"column":76},"end":{"line":5,"column":94}}],"line":5},"1":{"loc":{"start":{"line":5,"column":46},"end":{"line":5,"column":67}},"type":"binary-expr","locations":[{"start":{"line":5,"column":46},"end":{"line":5,"column":49}},{"start":{"line":5,"column":53},"end":{"line":5,"column":67}}],"line":5}},"s":{"0":1,"1":1,"2":1,"3":1},"f":{"0":1},"b":{"0":[0,1],"1":[1,1]},"_coverageSchema":"43e27e138ebf9cfc5966b082cf9a028302ed4184","hash":"f42b731099953ed25fdbab8811723102daadc75b","contentHash":"42018adb6830cb9180f7753b3693fed67c2847891eef5dee0b91f2673cdba5c3"},"C:\\Users\\Adeola PC\\Desktop\\BootCamp\\Banka\\server\\models\\controller\\index.js":{"path":"C:\\Users\\Adeola PC\\Desktop\\BootCamp\\Banka\\server\\models\\controller\\index.js","statementMap":{"0":{"start":{"line":6,"column":19},"end":{"line":10,"column":1}},"1":{"start":{"line":11,"column":14},"end":{"line":131,"column":1}},"2":{"start":{"line":14,"column":6},"end":{"line":16,"column":8}},"3":{"start":{"line":19,"column":6},"end":{"line":19,"column":38}},"4":{"start":{"line":22,"column":6},"end":{"line":24,"column":8}},"5":{"start":{"line":30,"column":8},"end":{"line":33,"column":10}},"6":{"start":{"line":36,"column":8},"end":{"line":39,"column":10}},"7":{"start":{"line":42,"column":8},"end":{"line":45,"column":10}},"8":{"start":{"line":50,"column":8},"end":{"line":53,"column":10}},"9":{"start":{"line":56,"column":8},"end":{"line":59,"column":10}},"10":{"start":{"line":62,"column":8},"end":{"line":65,"column":10}},"11":{"start":{"line":70,"column":8},"end":{"line":73,"column":10}},"12":{"start":{"line":76,"column":8},"end":{"line":79,"column":10}},"13":{"start":{"line":83,"column":6},"end":{"line":86,"column":8}},"14":{"start":{"line":91,"column":6},"end":{"line":94,"column":8}},"15":{"start":{"line":97,"column":6},"end":{"line":100,"column":8}},"16":{"start":{"line":103,"column":6},"end":{"line":106,"column":8}},"17":{"start":{"line":111,"column":6},"end":{"line":114,"column":8}},"18":{"start":{"line":117,"column":6},"end":{"line":120,"column":8}},"19":{"start":{"line":125,"column":6},"end":{"line":128,"column":8}},"20":{"start":{"line":133,"column":16},"end":{"line":135,"column":1}},"21":{"start":{"line":134,"column":2},"end":{"line":134,"column":59}},"22":{"start":{"line":137,"column":0},"end":{"line":141,"column":2}}},"fnMap":{"0":{"name":"USER","decl":{"start":{"line":13,"column":19},"end":{"line":13,"column":23}},"loc":{"start":{"line":13,"column":26},"end":{"line":17,"column":5}},"line":13},"1":{"name":"ACCOUNT","decl":{"start":{"line":18,"column":22},"end":{"line":18,"column":29}},"loc":{"start":{"line":18,"column":32},"end":{"line":20,"column":5}},"line":18},"2":{"name":"TRANSACTION","decl":{"start":{"line":21,"column":26},"end":{"line":21,"column":37}},"loc":{"start":{"line":21,"column":40},"end":{"line":25,"column":5}},"line":21},"3":{"name":"EMAIL","decl":{"start":{"line":29,"column":22},"end":{"line":29,"column":27}},"loc":{"start":{"line":29,"column":36},"end":{"line":34,"column":7}},"line":29},"4":{"name":"TYPE","decl":{"start":{"line":35,"column":21},"end":{"line":35,"column":25}},"loc":{"start":{"line":35,"column":34},"end":{"line":40,"column":7}},"line":35},"5":{"name":"OWNER","decl":{"start":{"line":41,"column":22},"end":{"line":41,"column":27}},"loc":{"start":{"line":41,"column":36},"end":{"line":46,"column":7}},"line":41},"6":{"name":"TYPE","decl":{"start":{"line":49,"column":21},"end":{"line":49,"column":25}},"loc":{"start":{"line":49,"column":34},"end":{"line":54,"column":7}},"line":49},"7":{"name":"ACCOUNTNUMBER","decl":{"start":{"line":55,"column":30},"end":{"line":55,"column":43}},"loc":{"start":{"line":55,"column":52},"end":{"line":60,"column":7}},"line":55},"8":{"name":"STATUS","decl":{"start":{"line":61,"column":23},"end":{"line":61,"column":29}},"loc":{"start":{"line":61,"column":38},"end":{"line":66,"column":7}},"line":61},"9":{"name":"ID","decl":{"start":{"line":69,"column":19},"end":{"line":69,"column":21}},"loc":{"start":{"line":69,"column":30},"end":{"line":74,"column":7}},"line":69},"10":{"name":"ACCOUNTNUMBER","decl":{"start":{"line":75,"column":30},"end":{"line":75,"column":43}},"loc":{"start":{"line":75,"column":52},"end":{"line":80,"column":7}},"line":75},"11":{"name":"CHECK","decl":{"start":{"line":82,"column":20},"end":{"line":82,"column":25}},"loc":{"start":{"line":82,"column":34},"end":{"line":87,"column":5}},"line":82},"12":{"name":"USER","decl":{"start":{"line":90,"column":19},"end":{"line":90,"column":23}},"loc":{"start":{"line":90,"column":32},"end":{"line":95,"column":5}},"line":90},"13":{"name":"ACCOUNT","decl":{"start":{"line":96,"column":22},"end":{"line":96,"column":29}},"loc":{"start":{"line":96,"column":38},"end":{"line":101,"column":5}},"line":96},"14":{"name":"TRANSACTION","decl":{"start":{"line":102,"column":26},"end":{"line":102,"column":37}},"loc":{"start":{"line":102,"column":46},"end":{"line":107,"column":5}},"line":102},"15":{"name":"ACCOUNT","decl":{"start":{"line":110,"column":22},"end":{"line":110,"column":29}},"loc":{"start":{"line":110,"column":38},"end":{"line":115,"column":5}},"line":110},"16":{"name":"BALANCE","decl":{"start":{"line":116,"column":22},"end":{"line":116,"column":29}},"loc":{"start":{"line":116,"column":38},"end":{"line":121,"column":5}},"line":116},"17":{"name":"ACCOUNT","decl":{"start":{"line":124,"column":22},"end":{"line":124,"column":29}},"loc":{"start":{"line":124,"column":38},"end":{"line":129,"column":5}},"line":124},"18":{"name":"dropTable","decl":{"start":{"line":133,"column":25},"end":{"line":133,"column":34}},"loc":{"start":{"line":133,"column":42},"end":{"line":135,"column":1}},"line":133}},"branchMap":{},"s":{"0":1,"1":1,"2":0,"3":0,"4":0,"5":5,"6":0,"7":0,"8":0,"9":0,"10":0,"11":0,"12":0,"13":0,"14":3,"15":0,"16":0,"17":0,"18":0,"19":0,"20":1,"21":0,"22":1},"f":{"0":0,"1":0,"2":0,"3":5,"4":0,"5":0,"6":0,"7":0,"8":0,"9":0,"10":0,"11":0,"12":3,"13":0,"14":0,"15":0,"16":0,"17":0,"18":0},"b":{},"_coverageSchema":"43e27e138ebf9cfc5966b082cf9a028302ed4184","hash":"78f50c50aecb70b9c84c2bb777b02c287c6e281f","contentHash":"f114a09a9b13ed9108cdb8e915a8e082d8f46928191772f696c8e34ce68c4443"},"C:\\Users\\Adeola PC\\Desktop\\BootCamp\\Banka\\server\\app.js":{"path":"C:\\Users\\Adeola PC\\Desktop\\BootCamp\\Banka\\server\\app.js","statementMap":{"0":{"start":{"line":3,"column":0},"end":{"line":5,"column":3}},"1":{"start":{"line":6,"column":0},"end":{"line":6,"column":28}},"2":{"start":{"line":8,"column":15},"end":{"line":8,"column":57}},"3":{"start":{"line":10,"column":18},"end":{"line":10,"column":64}},"4":{"start":{"line":12,"column":15},"end":{"line":12,"column":66}},"5":{"start":{"line":14,"column":19},"end":{"line":14,"column":74}},"6":{"start":{"line":16,"column":13},"end":{"line":16,"column":62}},"7":{"start":{"line":18,"column":12},"end":{"line":18,"column":60}},"8":{"start":{"line":20,"column":39},"end":{"line":20,"column":95}},"9":{"start":{"line":22,"column":10},"end":{"line":22,"column":36}},"10":{"start":{"line":23,"column":0},"end":{"line":23,"column":39}},"11":{"start":{"line":24,"column":0},"end":{"line":26,"column":4}},"12":{"start":{"line":27,"column":0},"end":{"line":27,"column":44}},"13":{"start":{"line":28,"column":0},"end":{"line":28,"column":40}},"14":{"start":{"line":29,"column":0},"end":{"line":29,"column":38}},"15":{"start":{"line":30,"column":0},"end":{"line":30,"column":37}},"16":{"start":{"line":31,"column":0},"end":{"line":33,"column":3}},"17":{"start":{"line":32,"column":2},"end":{"line":32,"column":24}},"18":{"start":{"line":34,"column":0},"end":{"line":39,"column":3}},"19":{"start":{"line":35,"column":2},"end":{"line":38,"column":5}},"20":{"start":{"line":40,"column":15},"end":{"line":40,"column":18}},"21":{"start":{"line":41,"column":0},"end":{"line":41,"column":30}}},"fnMap":{"0":{"name":"_interopRequireDefault","decl":{"start":{"line":20,"column":9},"end":{"line":20,"column":31}},"loc":{"start":{"line":20,"column":37},"end":{"line":20,"column":97}},"line":20},"1":{"name":"(anonymous_1)","decl":{"start":{"line":31,"column":13},"end":{"line":31,"column":14}},"loc":{"start":{"line":31,"column":33},"end":{"line":33,"column":1}},"line":31},"2":{"name":"(anonymous_2)","decl":{"start":{"line":34,"column":13},"end":{"line":34,"column":14}},"loc":{"start":{"line":34,"column":33},"end":{"line":39,"column":1}},"line":34}},"branchMap":{"0":{"loc":{"start":{"line":20,"column":46},"end":{"line":20,"column":94}},"type":"cond-expr","locations":[{"start":{"line":20,"column":70},"end":{"line":20,"column":73}},{"start":{"line":20,"column":76},"end":{"line":20,"column":94}}],"line":20},"1":{"loc":{"start":{"line":20,"column":46},"end":{"line":20,"column":67}},"type":"binary-expr","locations":[{"start":{"line":20,"column":46},"end":{"line":20,"column":49}},{"start":{"line":20,"column":53},"end":{"line":20,"column":67}}],"line":20}},"s":{"0":1,"1":1,"2":1,"3":1,"4":1,"5":1,"6":1,"7":1,"8":6,"9":1,"10":1,"11":1,"12":1,"13":1,"14":1,"15":1,"16":1,"17":1,"18":1,"19":1,"20":1,"21":1},"f":{"0":6,"1":1,"2":1},"b":{"0":[1,5],"1":[6,6]},"_coverageSchema":"43e27e138ebf9cfc5966b082cf9a028302ed4184","hash":"01677b9b879082f9cb48779ba6ccebfb7370b799","contentHash":"d9bc573bdede6f5817ec8afa67c0c2cf27dbc53817afb3705b4362cca2eb86ea"},"C:\\Users\\Adeola PC\\Desktop\\BootCamp\\Banka\\server\\routes\\account.js":{"path":"C:\\Users\\Adeola PC\\Desktop\\BootCamp\\Banka\\server\\routes\\account.js","statementMap":{"0":{"start":{"line":3,"column":15},"end":{"line":3,"column":57}},"1":{"start":{"line":5,"column":25},"end":{"line":5,"column":92}},"2":{"start":{"line":7,"column":21},"end":{"line":7,"column":83}},"3":{"start":{"line":9,"column":18},"end":{"line":9,"column":77}},"4":{"start":{"line":11,"column":20},"end":{"line":11,"column":81}},"5":{"start":{"line":13,"column":39},"end":{"line":13,"column":95}},"6":{"start":{"line":15,"column":13},"end":{"line":15,"column":41}},"7":{"start":{"line":20,"column":0},"end":{"line":20,"column":134}},"8":{"start":{"line":24,"column":0},"end":{"line":24,"column":129}},"9":{"start":{"line":28,"column":0},"end":{"line":28,"column":108}},"10":{"start":{"line":32,"column":0},"end":{"line":32,"column":175}},"11":{"start":{"line":36,"column":0},"end":{"line":36,"column":167}},"12":{"start":{"line":37,"column":0},"end":{"line":37,"column":24}}},"fnMap":{"0":{"name":"_interopRequireDefault","decl":{"start":{"line":13,"column":9},"end":{"line":13,"column":31}},"loc":{"start":{"line":13,"column":37},"end":{"line":13,"column":97}},"line":13}},"branchMap":{"0":{"loc":{"start":{"line":13,"column":46},"end":{"line":13,"column":94}},"type":"cond-expr","locations":[{"start":{"line":13,"column":70},"end":{"line":13,"column":73}},{"start":{"line":13,"column":76},"end":{"line":13,"column":94}}],"line":13},"1":{"loc":{"start":{"line":13,"column":46},"end":{"line":13,"column":67}},"type":"binary-expr","locations":[{"start":{"line":13,"column":46},"end":{"line":13,"column":49}},{"start":{"line":13,"column":53},"end":{"line":13,"column":67}}],"line":13}},"s":{"0":1,"1":1,"2":1,"3":1,"4":1,"5":5,"6":1,"7":1,"8":1,"9":1,"10":1,"11":1,"12":1},"f":{"0":5},"b":{"0":[1,4],"1":[5,5]},"_coverageSchema":"43e27e138ebf9cfc5966b082cf9a028302ed4184","hash":"997e240ef52894b61780179d15f43b524e3a2fbd","contentHash":"28f2bc7fe76a05a5976f976714d30b61aed77a5c5678edfa727ca7ad70b70c4f"},"C:\\Users\\Adeola PC\\Desktop\\BootCamp\\Banka\\server\\controllers\\accountController.js":{"path":"C:\\Users\\Adeola PC\\Desktop\\BootCamp\\Banka\\server\\controllers\\accountController.js","statementMap":{"0":{"start":{"line":3,"column":0},"end":{"line":5,"column":3}},"1":{"start":{"line":6,"column":0},"end":{"line":6,"column":28}},"2":{"start":{"line":8,"column":20},"end":{"line":8,"column":69}},"3":{"start":{"line":10,"column":12},"end":{"line":10,"column":36}},"4":{"start":{"line":12,"column":39},"end":{"line":12,"column":95}},"5":{"start":{"line":14,"column":77},"end":{"line":14,"column":175}},"6":{"start":{"line":14,"column":94},"end":{"line":14,"column":107}},"7":{"start":{"line":14,"column":121},"end":{"line":14,"column":131}},"8":{"start":{"line":14,"column":151},"end":{"line":14,"column":165}},"9":{"start":{"line":14,"column":166},"end":{"line":14,"column":173}},"10":{"start":{"line":14,"column":176},"end":{"line":14,"column":263}},"11":{"start":{"line":14,"column":193},"end":{"line":14,"column":208}},"12":{"start":{"line":14,"column":218},"end":{"line":14,"column":261}},"13":{"start":{"line":16,"column":33},"end":{"line":16,"column":387}},"14":{"start":{"line":16,"column":65},"end":{"line":16,"column":69}},"15":{"start":{"line":16,"column":78},"end":{"line":16,"column":87}},"16":{"start":{"line":16,"column":89},"end":{"line":16,"column":384}},"17":{"start":{"line":16,"column":147},"end":{"line":16,"column":167}},"18":{"start":{"line":16,"column":193},"end":{"line":16,"column":264}},"19":{"start":{"line":16,"column":290},"end":{"line":16,"column":360}},"20":{"start":{"line":16,"column":363},"end":{"line":16,"column":380}},"21":{"start":{"line":18,"column":50},"end":{"line":18,"column":151}},"22":{"start":{"line":18,"column":92},"end":{"line":18,"column":149}},"23":{"start":{"line":20,"column":44},"end":{"line":20,"column":315}},"24":{"start":{"line":20,"column":57},"end":{"line":20,"column":58}},"25":{"start":{"line":20,"column":102},"end":{"line":20,"column":110}},"26":{"start":{"line":20,"column":112},"end":{"line":20,"column":167}},"27":{"start":{"line":20,"column":168},"end":{"line":20,"column":199}},"28":{"start":{"line":20,"column":200},"end":{"line":20,"column":254}},"29":{"start":{"line":20,"column":227},"end":{"line":20,"column":254}},"30":{"start":{"line":20,"column":255},"end":{"line":20,"column":313}},"31":{"start":{"line":22,"column":62},"end":{"line":22,"column":131}},"32":{"start":{"line":22,"column":78},"end":{"line":22,"column":131}},"33":{"start":{"line":22,"column":132},"end":{"line":22,"column":193}},"34":{"start":{"line":22,"column":149},"end":{"line":22,"column":193}},"35":{"start":{"line":22,"column":194},"end":{"line":22,"column":213}},"36":{"start":{"line":26,"column":0},"end":{"line":239,"column":3}},"37":{"start":{"line":28,"column":4},"end":{"line":28,"column":45}},"38":{"start":{"line":31,"column":2},"end":{"line":236,"column":6}},"39":{"start":{"line":41,"column":6},"end":{"line":44,"column":9}},"40":{"start":{"line":56,"column":6},"end":{"line":59,"column":9}},"41":{"start":{"line":71,"column":27},"end":{"line":135,"column":9}},"42":{"start":{"line":75,"column":8},"end":{"line":134,"column":38}},"43":{"start":{"line":76,"column":10},"end":{"line":133,"column":11}},"44":{"start":{"line":77,"column":12},"end":{"line":132,"column":13}},"45":{"start":{"line":79,"column":16},"end":{"line":79,"column":45}},"46":{"start":{"line":80,"column":16},"end":{"line":80,"column":67}},"47":{"start":{"line":81,"column":16},"end":{"line":81,"column":49}},"48":{"start":{"line":82,"column":16},"end":{"line":82,"column":34}},"49":{"start":{"line":83,"column":16},"end":{"line":83,"column":74}},"50":{"start":{"line":86,"column":16},"end":{"line":86,"column":38}},"51":{"start":{"line":87,"column":16},"end":{"line":87,"column":50}},"52":{"start":{"line":88,"column":16},"end":{"line":88,"column":34}},"53":{"start":{"line":89,"column":16},"end":{"line":89,"column":75}},"54":{"start":{"line":92,"column":16},"end":{"line":95,"column":17}},"55":{"start":{"line":93,"column":18},"end":{"line":93,"column":37}},"56":{"start":{"line":94,"column":18},"end":{"line":94,"column":24}},"57":{"start":{"line":97,"column":16},"end":{"line":100,"column":20}},"58":{"start":{"line":103,"column":16},"end":{"line":103,"column":32}},"59":{"start":{"line":104,"column":16},"end":{"line":104,"column":35}},"60":{"start":{"line":105,"column":16},"end":{"line":105,"column":35}},"61":{"start":{"line":106,"column":16},"end":{"line":106,"column":259}},"62":{"start":{"line":109,"column":16},"end":{"line":109,"column":43}},"63":{"start":{"line":110,"column":16},"end":{"line":110,"column":35}},"64":{"start":{"line":111,"column":16},"end":{"line":111,"column":22}},"65":{"start":{"line":114,"column":16},"end":{"line":114,"column":35}},"66":{"start":{"line":115,"column":16},"end":{"line":115,"column":52}},"67":{"start":{"line":116,"column":16},"end":{"line":119,"column":20}},"68":{"start":{"line":123,"column":16},"end":{"line":127,"column":19}},"69":{"start":{"line":131,"column":16},"end":{"line":131,"column":39}},"70":{"start":{"line":138,"column":8},"end":{"line":138,"column":53}},"71":{"start":{"line":141,"column":6},"end":{"line":141,"column":27}},"72":{"start":{"line":153,"column":33},"end":{"line":179,"column":9}},"73":{"start":{"line":157,"column":8},"end":{"line":178,"column":21}},"74":{"start":{"line":158,"column":10},"end":{"line":177,"column":11}},"75":{"start":{"line":159,"column":12},"end":{"line":176,"column":13}},"76":{"start":{"line":161,"column":16},"end":{"line":161,"column":39}},"77":{"start":{"line":162,"column":16},"end":{"line":162,"column":86}},"78":{"start":{"line":163,"column":16},"end":{"line":163,"column":35}},"79":{"start":{"line":164,"column":16},"end":{"line":164,"column":121}},"80":{"start":{"line":167,"column":16},"end":{"line":167,"column":47}},"81":{"start":{"line":168,"column":16},"end":{"line":171,"column":20}},"82":{"start":{"line":175,"column":16},"end":{"line":175,"column":40}},"83":{"start":{"line":182,"column":8},"end":{"line":182,"column":59}},"84":{"start":{"line":185,"column":6},"end":{"line":185,"column":33}},"85":{"start":{"line":197,"column":27},"end":{"line":228,"column":9}},"86":{"start":{"line":201,"column":8},"end":{"line":227,"column":21}},"87":{"start":{"line":202,"column":10},"end":{"line":226,"column":11}},"88":{"start":{"line":203,"column":12},"end":{"line":225,"column":13}},"89":{"start":{"line":205,"column":16},"end":{"line":205,"column":46}},"90":{"start":{"line":206,"column":16},"end":{"line":206,"column":35}},"91":{"start":{"line":207,"column":16},"end":{"line":207,"column":98}},"92":{"start":{"line":210,"column":16},"end":{"line":210,"column":41}},"93":{"start":{"line":212,"column":16},"end":{"line":215,"column":17}},"94":{"start":{"line":213,"column":18},"end":{"line":213,"column":37}},"95":{"start":{"line":214,"column":18},"end":{"line":214,"column":24}},"96":{"start":{"line":217,"column":16},"end":{"line":220,"column":20}},"97":{"start":{"line":224,"column":16},"end":{"line":224,"column":40}},"98":{"start":{"line":231,"column":8},"end":{"line":231,"column":53}},"99":{"start":{"line":234,"column":6},"end":{"line":234,"column":27}},"100":{"start":{"line":238,"column":2},"end":{"line":238,"column":27}},"101":{"start":{"line":241,"column":15},"end":{"line":241,"column":32}},"102":{"start":{"line":242,"column":0},"end":{"line":242,"column":30}}},"fnMap":{"0":{"name":"_interopRequireDefault","decl":{"start":{"line":12,"column":9},"end":{"line":12,"column":31}},"loc":{"start":{"line":12,"column":37},"end":{"line":12,"column":97}},"line":12},"1":{"name":"asyncGeneratorStep","decl":{"start":{"line":14,"column":9},"end":{"line":14,"column":27}},"loc":{"start":{"line":14,"column":75},"end":{"line":14,"column":265}},"line":14},"2":{"name":"_asyncToGenerator","decl":{"start":{"line":16,"column":9},"end":{"line":16,"column":26}},"loc":{"start":{"line":16,"column":31},"end":{"line":16,"column":389}},"line":16},"3":{"name":"(anonymous_3)","decl":{"start":{"line":16,"column":40},"end":{"line":16,"column":41}},"loc":{"start":{"line":16,"column":52},"end":{"line":16,"column":386}},"line":16},"4":{"name":"(anonymous_4)","decl":{"start":{"line":16,"column":108},"end":{"line":16,"column":109}},"loc":{"start":{"line":16,"column":135},"end":{"line":16,"column":382}},"line":16},"5":{"name":"_next","decl":{"start":{"line":16,"column":178},"end":{"line":16,"column":183}},"loc":{"start":{"line":16,"column":191},"end":{"line":16,"column":266}},"line":16},"6":{"name":"_throw","decl":{"start":{"line":16,"column":276},"end":{"line":16,"column":282}},"loc":{"start":{"line":16,"column":288},"end":{"line":16,"column":362}},"line":16},"7":{"name":"_classCallCheck","decl":{"start":{"line":18,"column":9},"end":{"line":18,"column":24}},"loc":{"start":{"line":18,"column":48},"end":{"line":18,"column":153}},"line":18},"8":{"name":"_defineProperties","decl":{"start":{"line":20,"column":9},"end":{"line":20,"column":26}},"loc":{"start":{"line":20,"column":42},"end":{"line":20,"column":317}},"line":20},"9":{"name":"_createClass","decl":{"start":{"line":22,"column":9},"end":{"line":22,"column":21}},"loc":{"start":{"line":22,"column":60},"end":{"line":22,"column":215}},"line":22},"10":{"name":"(anonymous_10)","decl":{"start":{"line":26,"column":0},"end":{"line":26,"column":1}},"loc":{"start":{"line":26,"column":12},"end":{"line":239,"column":1}},"line":26},"11":{"name":"AccountController","decl":{"start":{"line":27,"column":11},"end":{"line":27,"column":28}},"loc":{"start":{"line":27,"column":31},"end":{"line":29,"column":3}},"line":27},"12":{"name":"viewAllAccount","decl":{"start":{"line":40,"column":20},"end":{"line":40,"column":34}},"loc":{"start":{"line":40,"column":45},"end":{"line":45,"column":5}},"line":40},"13":{"name":"viewSpecificAccount","decl":{"start":{"line":55,"column":20},"end":{"line":55,"column":39}},"loc":{"start":{"line":55,"column":50},"end":{"line":60,"column":5}},"line":55},"14":{"name":"(anonymous_14)","decl":{"start":{"line":70,"column":11},"end":{"line":70,"column":12}},"loc":{"start":{"line":70,"column":23},"end":{"line":142,"column":5}},"line":70},"15":{"name":"_callee","decl":{"start":{"line":73,"column":39},"end":{"line":73,"column":46}},"loc":{"start":{"line":73,"column":57},"end":{"line":135,"column":7}},"line":73},"16":{"name":"_callee$","decl":{"start":{"line":75,"column":48},"end":{"line":75,"column":56}},"loc":{"start":{"line":75,"column":67},"end":{"line":134,"column":9}},"line":75},"17":{"name":"createAccount","decl":{"start":{"line":137,"column":15},"end":{"line":137,"column":28}},"loc":{"start":{"line":137,"column":38},"end":{"line":139,"column":7}},"line":137},"18":{"name":"(anonymous_18)","decl":{"start":{"line":152,"column":11},"end":{"line":152,"column":12}},"loc":{"start":{"line":152,"column":23},"end":{"line":186,"column":5}},"line":152},"19":{"name":"_callee2","decl":{"start":{"line":155,"column":39},"end":{"line":155,"column":47}},"loc":{"start":{"line":155,"column":58},"end":{"line":179,"column":7}},"line":155},"20":{"name":"_callee2$","decl":{"start":{"line":157,"column":48},"end":{"line":157,"column":57}},"loc":{"start":{"line":157,"column":69},"end":{"line":178,"column":9}},"line":157},"21":{"name":"changeAccountStatus","decl":{"start":{"line":181,"column":15},"end":{"line":181,"column":34}},"loc":{"start":{"line":181,"column":45},"end":{"line":183,"column":7}},"line":181},"22":{"name":"(anonymous_22)","decl":{"start":{"line":196,"column":11},"end":{"line":196,"column":12}},"loc":{"start":{"line":196,"column":23},"end":{"line":235,"column":5}},"line":196},"23":{"name":"_callee3","decl":{"start":{"line":199,"column":39},"end":{"line":199,"column":47}},"loc":{"start":{"line":199,"column":58},"end":{"line":228,"column":7}},"line":199},"24":{"name":"_callee3$","decl":{"start":{"line":201,"column":48},"end":{"line":201,"column":57}},"loc":{"start":{"line":201,"column":69},"end":{"line":227,"column":9}},"line":201},"25":{"name":"deleteAcc
[...]
5":{"start":{"line":30,"column":78},"end":{"line":30,"column":87}},"56":{"start":{"line":30,"column":89},"end":{"line":30,"column":384}},"57":{"start":{"line":30,"column":147},"end":{"line":30,"column":167}},"58":{"start":{"line":30,"column":193},"end":{"line":30,"column":264}},"59":{"start":{"line":30,"column":290},"end":{"line":30,"column":360}},"60":{"start":{"line":30,"column":363},"end":{"line":30,"column":380}},"61":{"start":{"line":32,"column":50},"end":{"line":32,"column":151}},"62":{"start":{"line":32,"column":92},"end":{"line":32,"column":149}},"63":{"start":{"line":34,"column":44},"end":{"line":34,"column":315}},"64":{"start":{"line":34,"column":57},"end":{"line":34,"column":58}},"65":{"start":{"line":34,"column":102},"end":{"line":34,"column":110}},"66":{"start":{"line":34,"column":112},"end":{"line":34,"column":167}},"67":{"start":{"line":34,"column":168},"end":{"line":34,"column":199}},"68":{"start":{"line":34,"column":200},"end":{"line":34,"column":254}},"69":{"start":{"line":34,"column":227},"end":{"line":34,"column":254}},"70":{"start":{"line":34,"column":255},"end":{"line":34,"column":313}},"71":{"start":{"line":36,"column":62},"end":{"line":36,"column":131}},"72":{"start":{"line":36,"column":78},"end":{"line":36,"column":131}},"73":{"start":{"line":36,"column":132},"end":{"line":36,"column":193}},"74":{"start":{"line":36,"column":149},"end":{"line":36,"column":193}},"75":{"start":{"line":36,"column":194},"end":{"line":36,"column":213}},"76":{"start":{"line":38,"column":11},"end":{"line":38,"column":13}},"77":{"start":{"line":45,"column":0},"end":{"line":222,"column":3}},"78":{"start":{"line":47,"column":4},"end":{"line":47,"column":42}},"79":{"start":{"line":50,"column":2},"end":{"line":219,"column":6}},"80":{"start":{"line":59,"column":20},"end":{"line":109,"column":9}},"81":{"start":{"line":64,"column":8},"end":{"line":108,"column":20}},"82":{"start":{"line":65,"column":10},"end":{"line":107,"column":11}},"83":{"start":{"line":66,"column":12},"end":{"line":106,"column":13}},"84":{"start":{"line":68,"column":16},"end":{"line":68,"column":34}},"85":{"start":{"line":69,"column":16},"end":{"line":69,"column":32}},"86":{"start":{"line":72,"column":16},"end":{"line":72,"column":37}},"87":{"start":{"line":73,"column":16},"end":{"line":73,"column":33}},"88":{"start":{"line":75,"column":16},"end":{"line":101,"column":19}},"89":{"start":{"line":76,"column":18},"end":{"line":96,"column":19}},"90":{"start":{"line":77,"column":32},"end":{"line":84,"column":39}},"91":{"start":{"line":86,"column":35},"end":{"line":86,"column":48}},"92":{"start":{"line":87,"column":31},"end":{"line":87,"column":75}},"93":{"start":{"line":89,"column":20},"end":{"line":91,"column":29}},"94":{"start":{"line":92,"column":20},"end":{"line":95,"column":23}},"95":{"start":{"line":105,"column":16},"end":{"line":105,"column":39}},"96":{"start":{"line":112,"column":8},"end":{"line":112,"column":46}},"97":{"start":{"line":115,"column":6},"end":{"line":115,"column":20}},"98":{"start":{"line":126,"column":6},"end":{"line":175,"column":11}},"99":{"start":{"line":129,"column":20},"end":{"line":170,"column":11}},"100":{"start":{"line":133,"column":10},"end":{"line":169,"column":39}},"101":{"start":{"line":134,"column":12},"end":{"line":168,"column":13}},"102":{"start":{"line":135,"column":14},"end":{"line":167,"column":15}},"103":{"start":{"line":137,"column":18},"end":{"line":143,"column":38}},"104":{"start":{"line":144,"column":18},"end":{"line":144,"column":31}},"105":{"start":{"line":145,"column":18},"end":{"line":145,"column":37}},"106":{"start":{"line":146,"column":18},"end":{"line":146,"column":37}},"107":{"start":{"line":147,"column":18},"end":{"line":147,"column":139}},"108":{"start":{"line":150,"column":18},"end":{"line":150,"column":43}},"109":{"start":{"line":151,"column":18},"end":{"line":154,"column":22}},"110":{"start":{"line":157,"column":18},"end":{"line":157,"column":37}},"111":{"start":{"line":158,"column":18},"end":{"line":158,"column":55}},"112":{"start":{"line":159,"column":18},"end":{"line":162,"column":22}},"113":{"start":{"line":166,"column":18},"end":{"line":166,"column":42}},"114":{"start":{"line":172,"column":8},"end":{"line":174,"column":10}},"115":{"start":{"line":173,"column":10},"end":{"line":173,"column":46}},"116":{"start":{"line":186,"column":26},"end":{"line":186,"column":61}},"117":{"start":{"line":187,"column":15},"end":{"line":187,"column":103}},"118":{"start":{"line":188,"column":20},"end":{"line":188,"column":49}},"119":{"start":{"line":190,"column":6},"end":{"line":209,"column":9}},"120":{"start":{"line":191,"column":20},"end":{"line":198,"column":27}},"121":{"start":{"line":200,"column":8},"end":{"line":200,"column":134}},"122":{"start":{"line":202,"column":23},"end":{"line":202,"column":67}},"123":{"start":{"line":204,"column":8},"end":{"line":208,"column":11}},"124":{"start":{"line":214,"column":6},"end":{"line":217,"column":9}},"125":{"start":{"line":221,"column":2},"end":{"line":221,"column":24}},"126":{"start":{"line":224,"column":15},"end":{"line":224,"column":29}},"127":{"start":{"line":225,"column":0},"end":{"line":225,"column":30}}},"fnMap":{"0":{"name":"_interopRequireDefault","decl":{"start":{"line":18,"column":9},"end":{"line":18,"column":31}},"loc":{"start":{"line":18,"column":37},"end":{"line":18,"column":97}},"line":18},"1":{"name":"_objectSpread","decl":{"start":{"line":20,"column":9},"end":{"line":20,"column":22}},"loc":{"start":{"line":20,"column":31},"end":{"line":20,"column":481}},"line":20},"2":{"name":"(anonymous_2)","decl":{"start":{"line":20,"column":295},"end":{"line":20,"column":296}},"loc":{"start":{"line":20,"column":310},"end":{"line":20,"column":377}},"line":20},"3":{"name":"(anonymous_3)","decl":{"start":{"line":20,"column":399},"end":{"line":20,"column":400}},"loc":{"start":{"line":20,"column":414},"end":{"line":20,"column":460}},"line":20},"4":{"name":"_defineProperty","decl":{"start":{"line":22,"column":9},"end":{"line":22,"column":24}},"loc":{"start":{"line":22,"column":42},"end":{"line":22,"column":209}},"line":22},"5":{"name":"_objectWithoutProperties","decl":{"start":{"line":24,"column":9},"end":{"line":24,"column":33}},"loc":{"start":{"line":24,"column":52},"end":{"line":24,"column":492}},"line":24},"6":{"name":"_objectWithoutPropertiesLoose","decl":{"start":{"line":26,"column":9},"end":{"line":26,"column":38}},"loc":{"start":{"line":26,"column":57},"end":{"line":26,"column":307}},"line":26},"7":{"name":"asyncGeneratorStep","decl":{"start":{"line":28,"column":9},"end":{"line":28,"column":27}},"loc":{"start":{"line":28,"column":75},"end":{"line":28,"column":265}},"line":28},"8":{"name":"_asyncToGenerator","decl":{"start":{"line":30,"column":9},"end":{"line":30,"column":26}},"loc":{"start":{"line":30,"column":31},"end":{"line":30,"column":389}},"line":30},"9":{"name":"(anonymous_9)","decl":{"start":{"line":30,"column":40},"end":{"line":30,"column":41}},"loc":{"start":{"line":30,"column":52},"end":{"line":30,"column":386}},"line":30},"10":{"name":"(anonymous_10)","decl":{"start":{"line":30,"column":108},"end":{"line":30,"column":109}},"loc":{"start":{"line":30,"column":135},"end":{"line":30,"column":382}},"line":30},"11":{"name":"_next","decl":{"start":{"line":30,"column":178},"end":{"line":30,"column":183}},"loc":{"start":{"line":30,"column":191},"end":{"line":30,"column":266}},"line":30},"12":{"name":"_throw","decl":{"start":{"line":30,"column":276},"end":{"line":30,"column":282}},"loc":{"start":{"line":30,"column":288},"end":{"line":30,"column":362}},"line":30},"13":{"name":"_classCallCheck","decl":{"start":{"line":32,"column":9},"end":{"line":32,"column":24}},"loc":{"start":{"line":32,"column":48},"end":{"line":32,"column":153}},"line":32},"14":{"name":"_defineProperties","decl":{"start":{"line":34,"column":9},"end":{"line":34,"column":26}},"loc":{"start":{"line":34,"column":42},"end":{"line":34,"column":317}},"line":34},"15":{"name":"_createClass","decl":{"start":{"line":36,"column":9},"end":{"line":36,"column":21}},"loc":{"start":{"line":36,"column":60},"end":{"line":36,"column":215}},"line":36},"16":{"name":"(anonymous_16)","decl":{"start":{"line":45,"column":0},"end":{"line":45,"column":1}},"loc":{"start":{"line":45,"column":12},"end":{"line":222,"column":1}},"line":45},"17":{"name":"UserController","decl":{"start":{"line":46,"column":11},"end":{"line":46,"column":25}},"loc":{"start":{"line":46,"column":28},"end":{"line":48,"column":3}},"line":46},"18":{"name":"(anonymous_18)","decl":{"start":{"line":58,"column":11},"end":{"line":58,"column":12}},"loc":{"start":{"line":58,"column":23},"end":{"line":116,"column":5}},"line":58},"19":{"name":"_callee","decl":{"start":{"line":61,"column":39},"end":{"line":61,"column":46}},"loc":{"start":{"line":61,"column":57},"end":{"line":109,"column":7}},"line":61},"20":{"name":"_callee$","decl":{"start":{"line":64,"column":48},"end":{"line":64,"column":56}},"loc":{"start":{"line":64,"column":67},"end":{"line":108,"column":9}},"line":64},"21":{"name":"(anonymous_21)","decl":{"start":{"line":75,"column":79},"end":{"line":75,"column":80}},"loc":{"start":{"line":75,"column":104},"end":{"line":101,"column":17}},"line":75},"22":{"name":"signin","decl":{"start":{"line":111,"column":15},"end":{"line":111,"column":21}},"loc":{"start":{"line":111,"column":31},"end":{"line":113,"column":7}},"line":111},"23":{"name":"signup","decl":{"start":{"line":125,"column":20},"end":{"line":125,"column":26}},"loc":{"start":{"line":125,"column":37},"end":{"line":176,"column":5}},"line":125},"24":{"name":"(anonymous_24)","decl":{"start":{"line":128,"column":6},"end":{"line":128,"column":7}},"loc":{"start":{"line":128,"column":18},"end":{"line":175,"column":7}},"line":128},"25":{"name":"_callee2","decl":{"start":{"line":131,"column":41},"end":{"line":131,"column":49}},"loc":{"start":{"line":131,"column":61},"end":{"line":170,"column":9}},"line":131},"26":{"name":"_callee2$","decl":{"start":{"line":133,"column":50},"end":{"line":133,"column":59}},"loc":{"start":{"line":133,"column":71},"end":{"line":169,"column":11}},"line":133},"27":{"name":"(anonymous_27)","decl":{"start":{"line":172,"column":15},"end":{"line":172,"column":16}},"loc":{"start":{"line":172,"column":35},"end":{"line":174,"column":9}},"line":172},"28":{"name":"createUser","decl":{"start":{"line":185,"column":20},"end":{"line":185,"column":30}},"loc":{"start":{"line":185,"column":41},"end":{"line":210,"column":5}},"line":185},"29":{"name":"(anonymous_29)","decl":{"start":{"line":190,"column":53},"end":{"line":190,"column":54}},"loc":{"start":{"line":190,"column":74},"end":{"line":209,"column":7}},"line":190},"30":{"name":"getAccounts","decl":{"start":{"line":213,"column":20},"end":{"line":213,"column":31}},"loc":{"start":{"line":213,"column":42},"end":{"line":218,"column":5}},"line":213}},"branchMap":{"0":{"loc":{"start":{"line":18,"column":46},"end":{"line":18,"column":94}},"type":"cond-expr","locations":[{"start":{"line":18,"column":70},"end":{"line":18,"column":73}},{"start":{"line":18,"column":76},"end":{"line":18,"column":94}}],"line":18},"1":{"loc":{"start":{"line":18,"column":46},"end":{"line":18,"column":67}},"type":"binary-expr","locations":[{"start":{"line":18,"column":46},"end":{"line":18,"column":49}},{"start":{"line":18,"column":53},"end":{"line":18,"column":67}}],"line":18},"2":{"loc":{"start":{"line":20,"column":91},"end":{"line":20,"column":131}},"type":"cond-expr","locations":[{"start":{"line":20,"column":114},"end":{"line":20,"column":126}},{"start":{"line":20,"column":129},"end":{"line":20,"column":131}}],"line":20},"3":{"loc":{"start":{"line":20,"column":168},"end":{"line":20,"column":382}},"type":"if","locations":[{"start":{"line":20,"column":168},"end":{"line":20,"column":382}},{"start":{"line":20,"column":168},"end":{"line":20,"column":382}}],"line":20},"4":{"loc":{"start":{"line":22,"column":44},"end":{"line":22,"column":195}},"type":"if","locations":[{"start":{"line":22,"column":44},"end":{"line":22,"column":195}},{"start":{"line":22,"column":44},"end":{"line":22,"column":195}}],"line":22},"5":{"loc":{"start":{"line":24,"column":54},"end":{"line":24,"column":84}},"type":"if","locations":[{"start":{"line":24,"column":54},"end":{"line":24,"column":84}},{"start":{"line":24,"column":54},"end":{"line":24,"column":84}}],"line":24},"6":{"loc":{"start":{"line":24,"column":159},"end":{"line":24,"column":475}},"type":"if","locations":[{"start":{"line":24,"column":159},"end":{"line":24,"column":475}},{"start":{"line":24,"column":159},"end":{"line":24,"column":475}}],"line":24},"7":{"loc":{"start":{"line":24,"column":331},"end":{"line":24,"column":372}},"type":"if","locations":[{"start":{"line":24,"column":331},"end":{"line":24,"column":372}},{"start":{"line":24,"column":331},"end":{"line":24,"column":372}}],"line":24},"8":{"loc":{"start":{"line":24,"column":373},"end":{"line":24,"column":444}},"type":"if","locations":[{"start":{"line":24,"column":373},"end":{"line":24,"column":444}},{"start":{"line":24,"column":373},"end":{"line":24,"column":444}}],"line":24},"9":{"loc":{"start":{"line":26,"column":59},"end":{"line":26,"column":89}},"type":"if","locations":[{"start":{"line":26,"column":59},"end":{"line":26,"column":89}},{"start":{"line":26,"column":59},"end":{"line":26,"column":89}}],"line":26},"10":{"loc":{"start":{"line":26,"column":220},"end":{"line":26,"column":261}},"type":"if","locations":[{"start":{"line":26,"column":220},"end":{"line":26,"column":261}},{"start":{"line":26,"column":220},"end":{"line":26,"column":261}}],"line":26},"11":{"loc":{"start":{"line":28,"column":176},"end":{"line":28,"column":263}},"type":"if","locations":[{"start":{"line":28,"column":176},"end":{"line":28,"column":263}},{"start":{"line":28,"column":176},"end":{"line":28,"column":263}}],"line":28},"12":{"loc":{"start":{"line":32,"column":50},"end":{"line":32,"column":151}},"type":"if","locations":[{"start":{"line":32,"column":50},"end":{"line":32,"column":151}},{"start":{"line":32,"column":50},"end":{"line":32,"column":151}}],"line":32},"13":{"loc":{"start":{"line":34,"column":136},"end":{"line":34,"column":166}},"type":"binary-expr","locations":[{"start":{"line":34,"column":136},"end":{"line":34,"column":157}},{"start":{"line":34,"column":161},"end":{"line":34,"column":166}}],"line":34},"14":{"loc":{"start":{"line":34,"column":200},"end":{"line":34,"column":254}},"type":"if","locations":[{"start":{"line":34,"column":200},"end":{"line":34,"column":254}},{"start":{"line":34,"column":200},"end":{"line":34,"column":254}}],"line":34},"15":{"loc":{"start":{"line":36,"column":62},"end":{"line":36,"column":131}},"type":"if","locations":[{"start":{"line":36,"column":62},"end":{"line":36,"column":131}},{"start":{"line":36,"column":62},"end":{"line":36,"column":131}}],"line":36},"16":{"loc":{"start":{"line":36,"column":132},"end":{"line":36,"column":193}},"type":"if","locations":[{"start":{"line":36,"column":132},"end":{"line":36,"column":193}},{"start":{"line":36,"column":132},"end":{"line":36,"column":193}}],"line":36},"17":{"loc":{"start":{"line":66,"column":12},"end":{"line":106,"column":13}},"type":"switch","locations":[{"start":{"line":67,"column":14},"end":{"line":69,"column":32}},{"start":{"line":71,"column":14},"end":{"line":101,"column":19}},{"start":{"line":103,"column":14},"end":{"line":103,"column":21}},{"start":{"line":104,"column":14},"end":{"line":105,"column":39}}],"line":66},"18":{"loc":{"start":{"line":76,"column":18},"end":{"line":96,"column":19}},"type":"if","locations":[{"start":{"line":76,"column":18},"end":{"line":96,"column":19}},{"start":{"line":76,"column":18},"end":{"line":96,"column":19}}],"line":76},"19":{"loc":{"start":{"line":135,"column":14},"end":{"line":167,"column":15}},"type":"switch","locations":[{"start":{"line":136,"column":16},"end":{"line":147,"column":139}},{"start":{"line":149,"column":16},"end":{"line":154,"column":22}},{"start":{"line":156,"column":16},"end":{"line":162,"column":22}},{"start":{"line":164,"column":16},"end":{"line":164,"column":24}},{"start":{"line":165,"column":16},"end":{"line":166,"column":42}}],"line":135},"20":{"loc":{"start":{"line":187,"column":15},"end":{"line":187,"column":103}},"type":"cond-expr","locations":[{"start":{"line":187,"column":47},"end":{"line":187,"column":70}},{"start":{"line":187,"column":73},"end":{"line":187,"column":103}}],"line":187}},"s":{"0":1,"1":1,"2":1,"3":1,"4":1,"5":1,"6":1,"7":3,"8":0,"9":0,"10":0,"11":0,"12":0,"13":0,"14":0,"15":0,"16":0,"17":0,"18":0,"19":0,"20":0,"21":0,"22":0,"23":0,"24":0,"25":0,"26":0,"27":0,"28":0,"29":0,"30":0,"31":0,"32":0,"33":0,"34":0,"35":0,"36":0,"37":0,"38":0,"39":0,"40":0,"41":0,"42":0,"43":0,"44":0,"45":12,"46":12,"47":7,"48":5,"49":5,"50":7,"51":1,"52":6,"53":2,"54":6,"55":6,"56":6,"57":6,"58":12,"59":0,"60":6,"61":0,"62":0,"63":1,"64":1,"65":4,"66":4,"67":4,"68":4,"69":4,"70":4,"71":1,"72":0,"73":1,"74":1,"75":1,"76":1,"77":1,"78":0,"79":1,"80":1,"81":5,"82":15,"83":15,"84":5,"85":5,"86":5,"87":5,"88":5,"89":0,"90":0,"91":0,"92":0,"93":0,"94":0,"95":5,"96":5,"97":1,"98":1,"99":1,"100":1,"101":3,"102":3,"103":1,"104":1,"105":1,"106":1,"107":1,"108":1,"109":1,"110":0,"111":0,"112":0,"113":1,"114":1,"115":1,"116":1,"117":1,"118":1,"119":1,"120":0,"121":0,"122":0,"123":0,"124":0,"125":1,"126":1,"127":1},"f":{"0":3,"1":0,"2":0,"3":0,"4":0,"5":0,"6":0,"7":12,"8":2,"9":6,"10":6,"11":12,"12":0,"13":0,"14":1,"15":1,"16":1,"17":0,"18":1,"19":5,"20":15,"21":0,"22":5,"23":1,"24":1,"25":1,"26":3,"27":1,"28":1,"29":0,"30":0},"b":{"0":[0,3],"1":[3,3],"2":[0,0],"3":[0,0],"4":[0,0],"5":[0,0],"6":[0,0],"7":[0,0],"8":[0,0],"9":[0,0],"10":[0,0],"11":[1,6],"12":[0,0],"13":[4,4],"14":[4,0],"15":[0,1],"16":[1,0],"17":[5,5,0,5],"18":[0,0],"19":[1,1,0,0,1],"20":[1,0]},"_coverageSchema":"43e27e138ebf9cfc5966b082cf9a028302ed4184","hash":"9ea43a44115ae13b761b177158d83437812a6f1f","contentHash":"f114000416d86fe9406054cd36d28b1c86c83fba29ff2959ceabfd677d8f674b"},"C:\\Users\\Adeola PC\\Desktop\\BootCamp\\Banka\\server\\routes\\user.js":{"path":"C:\\Users\\Adeola PC\\Desktop\\BootCamp\\Banka\\server\\routes\\user.js","statementMap":{"0":{"start":{"line":3,"column":0},"end":{"line":5,"column":3}},"1":{"start":{"line":6,"column":0},"end":{"line":6,"column":28}},"2":{"start":{"line":8,"column":15},"end":{"line":8,"column":57}},"3":{"start":{"line":10,"column":22},"end":{"line":10,"column":86}},"4":{"start":{"line":12,"column":20},"end":{"line":12,"column":81}},"5":{"start":{"line":14,"column":21},"end":{"line":14,"column":83}},"6":{"start":{"line":16,"column":18},"end":{"line":16,"column":77}},"7":{"start":{"line":18,"column":39},"end":{"line":18,"column":95}},"8":{"start":{"line":20,"column":13},"end":{"line":20,"column":41}},"9":{"start":{"line":25,"column":0},"end":{"line":25,"column":108}},"10":{"start":{"line":29,"column":0},"end":{"line":29,"column":133}},"11":{"start":{"line":30,"column":15},"end":{"line":30,"column":21}},"12":{"start":{"line":31,"column":0},"end":{"line":31,"column":30}}},"fnMap":{"0":{"name":"_interopRequireDefault","decl":{"start":{"line":18,"column":9},"end":{"line":18,"column":31}},"loc":{"start":{"line":18,"column":37},"end":{"line":18,"column":97}},"line":18}},"branchMap":{"0":{"loc":{"start":{"line":18,"column":46},"end":{"line":18,"column":94}},"type":"cond-expr","locations":[{"start":{"line":18,"column":70},"end":{"line":18,"column":73}},{"start":{"line":18,"column":76},"end":{"line":18,"column":94}}],"line":18},"1":{"loc":{"start":{"line":18,"column":46},"end":{"line":18,"column":67}},"type":"binary-expr","locations":[{"start":{"line":18,"column":46},"end":{"line":18,"column":49}},{"start":{"line":18,"column":53},"end":{"line":18,"column":67}}],"line":18}},"s":{"0":1,"1":1,"2":1,"3":1,"4":1,"5":1,"6":1,"7":5,"8":1,"9":1,"10":1,"11":1,"12":1},"f":{"0":5},"b":{"0":[1,4],"1":[5,5]},"_coverageSchema":"43e27e138ebf9cfc5966b082cf9a028302ed4184","hash":"f58c46c315584e7b45350d577a00645fd2854c08","contentHash":"8b5a66cb130d5b88d3a7f9da5e98be36343974a0f05e3f0bdccf332a2b731c45"}}