TN:
SF:C:\Users\Adeola PC\Desktop\BootCamp\Banka\server\build\app.js
FN:27,_interopRequireDefault
FN:38,(anonymous_1)
FN:41,(anonymous_2)
FN:44,(anonymous_3)
FN:47,(anonymous_4)
FN:50,(anonymous_5)
FN:53,(anonymous_6)
FNF:7
FNH:7
FNDA:5,_interopRequireDefault
FNDA:1,(anonymous_1)
FNDA:1,(anonymous_2)
FNDA:1,(anonymous_3)
FNDA:1,(anonymous_4)
FNDA:1,(anonymous_5)
FNDA:1,(anonymous_6)
DA:3,1
DA:7,1
DA:9,1
DA:11,1
DA:13,1
DA:15,1
DA:17,1
DA:19,1
DA:21,1
DA:23,1
DA:25,1
DA:28,5
DA:31,1
DA:32,1
DA:33,1
DA:34,1
DA:35,1
DA:36,1
DA:38,1
DA:39,1
DA:41,1
DA:42,1
DA:44,1
DA:45,1
DA:47,1
DA:48,1
DA:50,1
DA:51,1
DA:53,1
DA:54,1
DA:57,1
LF:31
LH:31
BRDA:28,0,0,0
BRDA:28,0,1,5
BRDA:28,1,0,5
BRDA:28,1,1,5
BRF:4
BRH:3
end_of_record
TN:
SF:C:\Users\Adeola PC\Desktop\BootCamp\Banka\server\build\config.js
FN:7,_interopRequireDefault
FNF:1
FNH:1
FNDA:1,_interopRequireDefault
DA:3,1
DA:5,1
DA:7,1
DA:9,1
DA:11,1
LF:5
LH:5
BRDA:7,0,0,0
BRDA:7,0,1,1
BRDA:7,1,0,1
BRDA:7,1,1,1
BRF:4
BRH:3
end_of_record
TN:
SF:C:\Users\Adeola PC\Desktop\BootCamp\Banka\server\build\controllers\accountController.js
FN:7,(anonymous_0)
FN:7,defineProperties
FN:7,(anonymous_2)
FN:13,_interopRequireDefault
FN:15,_classCallCheck
FN:17,(anonymous_5)
FN:18,AccountController
FN:24,createAccount
FN:90,changeAccountStatus
FN:106,deleteAccount
FNF:10
FNH:8
FNDA:1,(anonymous_0)
FNDA:1,defineProperties
FNDA:1,(anonymous_2)
FNDA:1,_interopRequireDefault
FNDA:0,_classCallCheck
FNDA:1,(anonymous_5)
FNDA:0,AccountController
FNDA:10,createAccount
FNDA:4,changeAccountStatus
FNDA:2,deleteAccount
DA:3,1
DA:7,3
DA:9,1
DA:11,1
DA:13,1
DA:15,0
DA:17,1
DA:19,0
DA:22,1
DA:25,10
DA:26,2
DA:31,8
DA:32,1
DA:37,7
DA:38,1
DA:43,6
DA:44,1
DA:49,5
DA:50,1
DA:55,4
DA:56,1
DA:61,3
DA:62,1
DA:67,2
DA:68,1
DA:73,1
DA:74,1
DA:75,1
DA:76,1
DA:77,1
DA:78,1
DA:80,1
DA:81,1
DA:83,1
DA:91,4
DA:92,4
DA:93,2
DA:98,2
DA:99,2
DA:107,2
DA:108,2
DA:109,1
DA:115,1
DA:116,1
DA:117,1
DA:118,1
DA:126,1
DA:129,1
LF:48
LH:46
BRDA:7,0,0,3
BRDA:7,0,1,3
BRDA:7,1,0,3
BRDA:7,1,1,0
BRDA:7,2,0,0
BRDA:7,2,1,1
BRDA:7,3,0,1
BRDA:7,3,1,0
BRDA:13,4,0,0
BRDA:13,4,1,1
BRDA:13,5,0,1
BRDA:13,5,1,1
BRDA:15,6,0,0
BRDA:15,6,1,0
BRDA:25,7,0,2
BRDA:25,7,1,8
BRDA:31,8,0,1
BRDA:31,8,1,7
BRDA:37,9,0,1
BRDA:37,9,1,6
BRDA:43,10,0,1
BRDA:43,10,1,5
BRDA:49,11,0,1
BRDA:49,11,1,4
BRDA:55,12,0,1
BRDA:55,12,1,3
BRDA:61,13,0,1
BRDA:61,13,1,2
BRDA:67,14,0,1
BRDA:67,14,1,1
BRDA:92,15,0,2
BRDA:92,15,1,2
BRDA:98,16,0,1
BRDA:98,16,1,1
BRDA:108,17,0,1
BRDA:108,17,1,1
BRDA:117,18,0,1
BRDA:117,18,1,0
BRF:38
BRH:31
end_of_record
TN:
SF:C:\Users\Adeola PC\Desktop\BootCamp\Banka\server\build\controllers\dbController.js
FN:7,_interopRequireDefault
FN:10,getUsers
FN:13,getAccounts
FN:16,getTransactions
FN:19,save
FN:22,createUser
FN:35,findOneUser
FN:36,(anonymous_7)
FN:40,createAccount
FN:59,findAccountById
FN:60,(anonymous_10)
FN:64,findAccountByAccountNumber
FN:65,(anonymous_12)
FN:69,createTransaction
FN:86,findTransactionById
FN:87,(anonymous_15)
FN:91,findTransactionByAccountNumber
FN:92,(anonymous_17)
FN:96,deleteAccount
FNF:19
FNH:19
FNDA:1,_interopRequireDefault
FNDA:16,getUsers
FNDA:17,getAccounts
FNDA:18,getTransactions
FNDA:4,save
FNDA:1,createUser
FNDA:15,findOneUser
FNDA:33,(anonymous_7)
FNDA:1,createAccount
FNDA:1,findAccountById
FNDA:3,(anonymous_10)
FNDA:16,findAccountByAccountNumber
FNDA:29,(anonymous_12)
FNDA:2,createTransaction
FNDA:2,findTransactionById
FNDA:7,(anonymous_15)
FNDA:16,findTransactionByAccountNumber
FNDA:25,(anonymous_17)
FNDA:1,deleteAccount
DA:3,1
DA:5,1
DA:7,1
DA:9,1
DA:11,16
DA:14,17
DA:17,18
DA:20,4
DA:23,1
DA:33,1
DA:36,15
DA:37,33
DA:41,1
DA:57,1
DA:60,1
DA:61,3
DA:65,16
DA:66,29
DA:72,2
DA:84,2
DA:87,2
DA:88,7
DA:92,16
DA:93,25
DA:97,1
DA:98,1
DA:99,1
LF:27
LH:27
BRDA:7,0,0,1
BRDA:7,0,1,0
BRDA:7,1,0,1
BRDA:7,1,1,1
BRF:4
BRH:3
end_of_record
TN:
SF:C:\Users\Adeola PC\Desktop\BootCamp\Banka\server\build\controllers\transactionController.js
FN:7,(anonymous_0)
FN:7,defineProperties
FN:7,(anonymous_2)
FN:13,_interopRequireDefault
FN:15,_classCallCheck
FN:17,logic
FN:61,(anonymous_6)
FN:62,TransactionController
FN:68,creditAccount
FN:73,debitAccount
FNF:10
FNH:8
FNDA:1,(anonymous_0)
FNDA:1,defineProperties
FNDA:1,(anonymous_2)
FNDA:1,_interopRequireDefault
FNDA:0,_classCallCheck
FNDA:9,logic
FNDA:1,(anonymous_6)
FNDA:0,TransactionController
FNDA:5,creditAccount
FNDA:6,debitAccount
DA:3,1
DA:7,2
DA:9,1
DA:11,1
DA:13,1
DA:15,0
DA:17,1
DA:18,9
DA:19,9
DA:20,9
DA:21,1
DA:26,8
DA:27,2
DA:32,6
DA:33,2
DA:38,4
DA:39,2
DA:44,2
DA:45,2
DA:46,2
DA:47,2
DA:48,2
DA:50,2
DA:53,2
DA:55,2
DA:61,1
DA:63,0
DA:66,1
DA:69,5
DA:74,6
DA:75,6
DA:76,6
DA:77,1
DA:82,5
DA:83,1
DA:88,4
DA:92,1
DA:95,1
LF:38
LH:36
BRDA:7,0,0,2
BRDA:7,0,1,2
BRDA:7,1,0,2
BRDA:7,1,1,0
BRDA:7,2,0,0
BRDA:7,2,1,1
BRDA:7,3,0,1
BRDA:7,3,1,0
BRDA:13,4,0,0
BRDA:13,4,1,1
BRDA:13,5,0,1
BRDA:13,5,1,1
BRDA:15,6,0,0
BRDA:15,6,1,0
BRDA:20,7,0,1
BRDA:20,7,1,8
BRDA:26,8,0,2
BRDA:26,8,1,6
BRDA:32,9,0,2
BRDA:32,9,1,4
BRDA:38,10,0,2
BRDA:38,10,1,2
BRDA:48,11,0,1
BRDA:48,11,1,1
BRDA:52,12,0,2
BRDA:52,12,1,0
BRDA:52,13,0,1
BRDA:52,13,1,1
BRDA:76,14,0,1
BRDA:76,14,1,5
BRDA:82,15,0,1
BRDA:82,15,1,4
BRF:32
BRH:25
end_of_record
TN:
SF:C:\Users\Adeola PC\Desktop\BootCamp\Banka\server\build\controllers\userController.js
FN:7,(anonymous_0)
FN:7,defineProperties
FN:7,(anonymous_2)
FN:23,_interopRequireDefault
FN:25,_classCallCheck
FN:29,(anonymous_5)
FN:30,UserController
FN:36,signin
FN:56,(anonymous_8)
FN:87,signup
FN:126,(anonymous_10)
FN:127,(anonymous_11)
FNF:12
FNH:10
FNDA:1,(anonymous_0)
FNDA:1,defineProperties
FNDA:1,(anonymous_2)
FNDA:3,_interopRequireDefault
FNDA:0,_classCallCheck
FNDA:1,(anonymous_5)
FNDA:0,UserController
FNDA:7,signin
FNDA:3,(anonymous_8)
FNDA:9,signup
FNDA:1,(anonymous_10)
FNDA:3,(anonymous_11)
DA:3,1
DA:7,2
DA:9,1
DA:11,1
DA:13,1
DA:15,1
DA:17,1
DA:19,1
DA:21,1
DA:23,3
DA:25,0
DA:27,1
DA:29,1
DA:31,0
DA:34,1
DA:37,7
DA:38,2
DA:43,5
DA:44,1
DA:49,4
DA:50,4
DA:51,1
DA:56,3
DA:57,3
DA:58,2
DA:66,2
DA:79,1
DA:88,9
DA:89,2
DA:94,7
DA:95,1
DA:100,6
DA:101,1
DA:106,5
DA:107,1
DA:112,4
DA:113,2
DA:118,2
DA:119,2
DA:120,1
DA:126,1
DA:127,1
DA:128,3
DA:130,1
DA:132,1
DA:140,1
DA:141,1
DA:143,1
DA:159,1
DA:162,1
LF:50
LH:48
BRDA:7,0,0,2
BRDA:7,0,1,2
BRDA:7,1,0,2
BRDA:7,1,1,0
BRDA:7,2,0,0
BRDA:7,2,1,1
BRDA:7,3,0,1
BRDA:7,3,1,0
BRDA:23,4,0,0
BRDA:23,4,1,3
BRDA:23,5,0,3
BRDA:23,5,1,3
BRDA:25,6,0,0
BRDA:25,6,1,0
BRDA:37,7,0,2
BRDA:37,7,1,5
BRDA:43,8,0,1
BRDA:43,8,1,4
BRDA:50,9,0,1
BRDA:50,9,1,3
BRDA:57,10,0,2
BRDA:57,10,1,1
BRDA:88,11,0,2
BRDA:88,11,1,7
BRDA:94,12,0,1
BRDA:94,12,1,6
BRDA:100,13,0,1
BRDA:100,13,1,5
BRDA:106,14,0,1
BRDA:106,14,1,4
BRDA:112,15,0,2
BRDA:112,15,1,2
BRDA:112,16,0,4
BRDA:112,16,1,3
BRDA:119,17,0,1
BRDA:119,17,1,1
BRF:36
BRH:30
end_of_record
TN:
SF:C:\Users\Adeola PC\Desktop\BootCamp\Banka\server\build\middleware\authorization.js
FN:9,_interopRequireDefault
FN:11,(anonymous_1)
FN:14,(anonymous_2)
FNF:3
FNH:3
FNDA:1,_interopRequireDefault
FNDA:7,(anonymous_1)
FNDA:7,(anonymous_2)
DA:3,1
DA:5,1
DA:7,1
DA:9,1
DA:11,1
DA:12,7
DA:14,7
DA:15,7
DA:16,0
DA:20,7
DA:21,7
LF:11
LH:10
BRDA:9,0,0,0
BRDA:9,0,1,1
BRDA:9,1,0,1
BRDA:9,1,1,1
BRDA:15,2,0,0
BRDA:15,2,1,7
BRF:6
BRH:4
end_of_record
TN:
SF:C:\Users\Adeola PC\Desktop\BootCamp\Banka\server\build\models\database.js
FNF:0
FNH:0
DA:3,1
DA:6,1
DA:89,1
LF:3
LH:3
BRF:0
BRH:0
end_of_record
TN:
SF:C:\Users\Adeola PC\Desktop\BootCamp\Banka\server\build\routes\account.js
FN:15,_interopRequireDefault
FNF:1
FNH:1
FNDA:3,_interopRequireDefault
DA:3,1
DA:5,1
DA:7,1
DA:9,1
DA:11,1
DA:13,1
DA:15,3
DA:17,1
DA:23,1
DA:29,1
DA:35,1
DA:37,1
LF:12
LH:12
BRDA:15,0,0,1
BRDA:15,0,1,2
BRDA:15,1,0,3
BRDA:15,1,1,3
BRF:4
BRH:4
end_of_record
TN:
SF:C:\Users\Adeola PC\Desktop\BootCamp\Banka\server\build\routes\index.js
FN:15,_interopRequireDefault
FNF:1
FNH:1
FNDA:3,_interopRequireDefault
DA:3,1
DA:5,1
DA:7,1
DA:9,1
DA:11,1
DA:13,1
DA:15,3
DA:17,1
DA:19,1
DA:20,1
DA:22,1
LF:11
LH:11
BRDA:15,0,0,1
BRDA:15,0,1,2
BRDA:15,1,0,3
BRDA:15,1,1,3
BRF:4
BRH:4
end_of_record
TN:
SF:C:\Users\Adeola PC\Desktop\BootCamp\Banka\server\build\routes\transaction.js
FN:11,_interopRequireDefault
FNF:1
FNH:1
FNDA:2,_interopRequireDefault
DA:3,1
DA:5,1
DA:7,1
DA:9,1
DA:11,2
DA:13,1
DA:19,1
DA:25,1
DA:27,1
LF:9
LH:9
BRDA:11,0,0,1
BRDA:11,0,1,1
BRDA:11,1,0,2
BRDA:11,1,1,2
BRF:4
BRH:4
end_of_record
TN:
SF:C:\Users\Adeola PC\Desktop\BootCamp\Banka\server\build\test\index.spec.js
FN:23,_interopRequireDefault
FN:27,(anonymous_1)
FN:28,(anonymous_2)
FN:29,(anonymous_3)
FN:34,(anonymous_4)
FN:35,(anonymous_5)
FN:40,(anonymous_6)
FN:41,(anonymous_7)
FN:46,(anonymous_8)
FN:47,(anonymous_9)
FN:52,(anonymous_10)
FN:53,(anonymous_11)
FN:58,(anonymous_12)
FN:59,(anonymous_13)
FNF:14
FNH:14
FNDA:5,_interopRequireDefault
FNDA:1,(anonymous_1)
FNDA:1,(anonymous_2)
FNDA:1,(anonymous_3)
FNDA:1,(anonymous_4)
FNDA:1,(anonymous_5)
FNDA:1,(anonymous_6)
FNDA:1,(anonymous_7)
FNDA:1,(anonymous_8)
FNDA:1,(anonymous_9)
FNDA:1,(anonymous_10)
FNDA:1,(anonymous_11)
FNDA:1,(anonymous_12)
FNDA:1,(anonymous_13)
DA:3,1
DA:5,1
DA:7,1
DA:9,1
DA:11,1
DA:13,1
DA:15,1
DA:17,1
DA:19,1
DA:21,1
DA:23,5
DA:25,1
DA:27,1
DA:28,1
DA:29,1
DA:30,1
DA:31,1
DA:34,1
DA:35,1
DA:36,1
DA:37,1
DA:40,1
DA:41,1
DA:42,1
DA:43,1
DA:46,1
DA:47,1
DA:48,1
DA:49,1
DA:52,1
DA:53,1
DA:54,1
DA:55,1
DA:58,1
DA:59,1
DA:60,1
DA:61,1
LF:37
LH:37
BRDA:23,0,0,1
BRDA:23,0,1,4
BRDA:23,1,0,5
BRDA:23,1,1,5
BRF:4
BRH:4
end_of_record
TN:
SF:C:\Users\Adeola PC\Desktop\BootCamp\Banka\server\build\test\routes\account.spec.js
FN:15,_interopRequireDefault
FN:19,(anonymous_1)
FN:21,(anonymous_2)
FN:22,(anonymous_3)
FN:27,(anonymous_4)
FN:36,(anonymous_5)
FN:42,(anonymous_6)
FN:51,(anonymous_7)
FN:57,(anonymous_8)
FN:66,(anonymous_9)
FN:72,(anonymous_10)
FN:81,(anonymous_11)
FN:87,(anonymous_12)
FN:96,(anonymous_13)
FN:102,(anonymous_14)
FN:111,(anonymous_15)
FN:117,(anonymous_16)
FN:126,(anonymous_17)
FN:132,(anonymous_18)
FN:141,(anonymous_19)
FN:146,(anonymous_20)
FN:157,(anonymous_21)
FN:175,(anonymous_22)
FN:176,(anonymous_23)
FN:177,(anonymous_24)
FN:183,(anonymous_25)
FN:184,(anonymous_26)
FN:191,(anonymous_27)
FN:192,(anonymous_28)
FN:193,(anonymous_29)
FN:199,(anonymous_30)
FN:200,(anonymous_31)
FN:207,(anonymous_32)
FN:208,(anonymous_33)
FN:209,(anonymous_34)
FN:215,(anonymous_35)
FN:216,(anonymous_36)
FNF:37
FNH:37
FNDA:3,_interopRequireDefault
FNDA:1,(anonymous_1)
FNDA:1,(anonymous_2)
FNDA:1,(anonymous_3)
FNDA:1,(anonymous_4)
FNDA:1,(anonymous_5)
FNDA:1,(anonymous_6)
FNDA:1,(anonymous_7)
FNDA:1,(anonymous_8)
FNDA:1,(anonymous_9)
FNDA:1,(anonymous_10)
FNDA:1,(anonymous_11)
FNDA:1,(anonymous_12)
FNDA:1,(anonymous_13)
FNDA:1,(anonymous_14)
FNDA:1,(anonymous_15)
FNDA:1,(anonymous_16)
FNDA:1,(anonymous_17)
FNDA:1,(anonymous_18)
FNDA:1,(anonymous_19)
FNDA:1,(anonymous_20)
FNDA:1,(anonymous_21)
FNDA:1,(anonymous_22)
FNDA:1,(anonymous_23)
FNDA:1,(anonymous_24)
FNDA:1,(anonymous_25)
FNDA:1,(anonymous_26)
FNDA:1,(anonymous_27)
FNDA:1,(anonymous_28)
FNDA:1,(anonymous_29)
FNDA:1,(anonymous_30)
FNDA:1,(anonymous_31)
FNDA:1,(anonymous_32)
FNDA:1,(anonymous_33)
FNDA:1,(anonymous_34)
FNDA:1,(anonymous_35)
FNDA:1,(anonymous_36)
DA:3,1
DA:5,1
DA:7,1
DA:9,1
DA:11,1
DA:13,1
DA:15,3
DA:17,1
DA:19,1
DA:20,1
DA:21,1
DA:22,1
DA:23,1
DA:27,1
DA:28,1
DA:37,1
DA:38,1
DA:42,1
DA:43,1
DA:52,1
DA:53,1
DA:57,1
DA:58,1
DA:67,1
DA:68,1
DA:72,1
DA:73,1
DA:82,1
DA:83,1
DA:87,1
DA:88,1
DA:97,1
DA:98,1
DA:102,1
DA:103,1
DA:112,1
DA:113,1
DA:117,1
DA:118,1
DA:127,1
DA:128,1
DA:132,1
DA:133,1
DA:142,1
DA:143,1
DA:146,1
DA:147,1
DA:157,1
DA:158,1
DA:159,1
DA:160,1
DA:161,1
DA:162,1
DA:163,1
DA:164,1
DA:165,1
DA:166,1
DA:171,1
DA:172,1
DA:173,1
DA:175,1
DA:176,1
DA:177,1
DA:178,1
DA:179,1
DA:183,1
DA:184,1
DA:185,1
DA:186,1
DA:191,1
DA:192,1
DA:193,1
DA:194,1
DA:195,1
DA:199,1
DA:200,1
DA:201,1
DA:202,1
DA:207,1
DA:208,1
DA:209,1
DA:210,1
DA:211,1
DA:215,1
DA:216,1
DA:217,1
DA:219,1
LF:87
LH:87
BRDA:15,0,0,1
BRDA:15,0,1,2
BRDA:15,1,0,3
BRDA:15,1,1,3
BRF:4
BRH:4
end_of_record
TN:
SF:C:\Users\Adeola PC\Desktop\BootCamp\Banka\server\build\test\routes\index.spec.js
FN:19,_interopRequireDefault
FN:26,(anonymous_1)
FN:28,(anonymous_2)
FN:29,(anonymous_3)
FN:34,(anonymous_4)
FN:37,(anonymous_5)
FN:43,(anonymous_6)
FN:46,(anonymous_7)
FN:52,(anonymous_8)
FN:56,(anonymous_9)
FN:62,(anonymous_10)
FN:66,(anonymous_11)
FN:71,(anonymous_12)
FN:75,(anonymous_13)
FN:80,(anonymous_14)
FN:84,(anonymous_15)
FN:91,(anonymous_16)
FN:93,(anonymous_17)
FN:94,(anonymous_18)
FN:99,(anonymous_19)
FN:105,(anonymous_20)
FN:111,(anonymous_21)
FN:118,(anonymous_22)
FN:124,(anonymous_23)
FN:130,(anonymous_24)
FN:136,(anonymous_25)
FN:142,(anonymous_26)
FN:148,(anonymous_27)
FN:154,(anonymous_28)
FN:160,(anonymous_29)
FN:167,(anonymous_30)
FN:173,(anonymous_31)
FN:179,(anonymous_32)
FN:185,(anonymous_33)
FN:192,(anonymous_34)
FNF:35
FNH:35
FNDA:4,_interopRequireDefault
FNDA:1,(anonymous_1)
FNDA:1,(anonymous_2)
FNDA:1,(anonymous_3)
FNDA:1,(anonymous_4)
FNDA:1,(anonymous_5)
FNDA:1,(anonymous_6)
FNDA:1,(anonymous_7)
FNDA:1,(anonymous_8)
FNDA:1,(anonymous_9)
FNDA:1,(anonymous_10)
FNDA:1,(anonymous_11)
FNDA:1,(anonymous_12)
FNDA:1,(anonymous_13)
FNDA:1,(anonymous_14)
FNDA:1,(anonymous_15)
FNDA:1,(anonymous_16)
FNDA:1,(anonymous_17)
FNDA:1,(anonymous_18)
FNDA:1,(anonymous_19)
FNDA:1,(anonymous_20)
FNDA:1,(anonymous_21)
FNDA:1,(anonymous_22)
FNDA:1,(anonymous_23)
FNDA:1,(anonymous_24)
FNDA:1,(anonymous_25)
FNDA:1,(anonymous_26)
FNDA:1,(anonymous_27)
FNDA:1,(anonymous_28)
FNDA:1,(anonymous_29)
FNDA:1,(anonymous_30)
FNDA:1,(anonymous_31)
FNDA:1,(anonymous_32)
FNDA:1,(anonymous_33)
FNDA:1,(anonymous_34)
DA:3,1
DA:5,1
DA:7,1
DA:9,1
DA:11,1
DA:13,1
DA:15,1
DA:17,1
DA:19,4
DA:21,1
DA:26,1
DA:27,1
DA:28,1
DA:29,1
DA:30,1
DA:34,1
DA:35,1
DA:38,1
DA:39,1
DA:43,1
DA:44,1
DA:47,1
DA:48,1
DA:52,1
DA:53,1
DA:58,1
DA:59,1
DA:62,1
DA:63,1
DA:67,1
DA:68,1
DA:71,1
DA:72,1
DA:76,1
DA:77,1
DA:80,1
DA:81,1
DA:85,1
DA:86,1
DA:91,1
DA:92,1
DA:93,1
DA:94,1
DA:95,1
DA:99,1
DA:100,1
DA:106,1
DA:107,1
DA:111,1
DA:112,1
DA:119,1
DA:120,1
DA:124,1
DA:125,1
DA:131,1
DA:132,1
DA:136,1
DA:137,1
DA:143,1
DA:144,1
DA:148,1
DA:149,1
DA:155,1
DA:156,1
DA:160,1
DA:161,1
DA:168,1
DA:169,1
DA:173,1
DA:174,1
DA:180,1
DA:181,1
DA:185,1
DA:186,1
DA:193,1
DA:194,1
DA:195,1
LF:77
LH:77
BRDA:19,0,0,1
BRDA:19,0,1,3
BRDA:19,1,0,4
BRDA:19,1,1,4
BRF:4
BRH:4
end_of_record
TN:
SF:C:\Users\Adeola PC\Desktop\BootCamp\Banka\server\build\test\routes\transaction.spec.js
FN:19,_interopRequireDefault
FN:28,(anonymous_1)
FN:29,(anonymous_2)
FN:30,(anonymous_3)
FN:35,(anonymous_4)
FN:40,(anonymous_5)
FN:50,(anonymous_6)
FN:55,(anonymous_7)
FN:61,(anonymous_8)
FN:66,(anonymous_9)
FN:72,(anonymous_10)
FN:77,(anonymous_11)
FN:83,(anonymous_12)
FN:88,(anonymous_13)
FN:95,(anonymous_14)
FN:96,(anonymous_15)
FN:97,(anonymous_16)
FN:102,(anonymous_17)
FN:107,(anonymous_18)
FN:117,(anonymous_19)
FN:122,(anonymous_20)
FN:128,(anonymous_21)
FN:133,(anonymous_22)
FN:139,(anonymous_23)
FN:144,(anonymous_24)
FNF:25
FNH:25
FNDA:4,_interopRequireDefault
FNDA:1,(anonymous_1)
FNDA:1,(anonymous_2)
FNDA:1,(anonymous_3)
FNDA:1,(anonymous_4)
FNDA:1,(anonymous_5)
FNDA:1,(anonymous_6)
FNDA:1,(anonymous_7)
FNDA:1,(anonymous_8)
FNDA:1,(anonymous_9)
FNDA:1,(anonymous_10)
FNDA:1,(anonymous_11)
FNDA:1,(anonymous_12)
FNDA:1,(anonymous_13)
FNDA:1,(anonymous_14)
FNDA:1,(anonymous_15)
FNDA:1,(anonymous_16)
FNDA:1,(anonymous_17)
FNDA:1,(anonymous_18)
FNDA:1,(anonymous_19)
FNDA:1,(anonymous_20)
FNDA:1,(anonymous_21)
FNDA:1,(anonymous_22)
FNDA:1,(anonymous_23)
FNDA:1,(anonymous_24)
DA:3,1
DA:5,1
DA:7,1
DA:9,1
DA:11,1
DA:13,1
DA:15,1
DA:17,1
DA:19,4
DA:21,1
DA:23,1
DA:24,1
DA:25,1
DA:26,1
DA:28,1
DA:29,1
DA:30,1
DA:31,1
DA:35,1
DA:36,1
DA:41,1
DA:42,1
DA:43,1
DA:44,1
DA:45,1
DA:50,1
DA:51,1
DA:56,1
DA:57,1
DA:61,1
DA:62,1
DA:67,1
DA:68,1
DA:72,1
DA:73,1
DA:78,1
DA:79,1
DA:83,1
DA:84,1
DA:89,1
DA:90,1
DA:95,1
DA:96,1
DA:97,1
DA:98,1
DA:102,1
DA:103,1
DA:108,1
DA:109,1
DA:110,1
DA:111,1
DA:112,1
DA:117,1
DA:118,1
DA:123,1
DA:124,1
DA:128,1
DA:129,1
DA:134,1
DA:135,1
DA:139,1
DA:140,1
DA:145,1
DA:146,1
LF:64
LH:64
BRDA:19,0,0,1
BRDA:19,0,1,3
BRDA:19,1,0,4
BRDA:19,1,1,4
BRF:4
BRH:4
end_of_record
